Requirement already satisfied: keras==2.0.8 in /usr/lib/python3.4/dist-packages/Keras-2.0.8-py3.4.egg
Requirement already satisfied: numpy>=1.9.1 in /usr/lib64/python3.4/dist-packages (from keras==2.0.8)
Requirement already satisfied: scipy>=0.14 in /usr/lib64/python3.4/dist-packages (from keras==2.0.8)
Requirement already satisfied: six>=1.9.0 in /usr/lib/python3.4/dist-packages (from keras==2.0.8)
Requirement already satisfied: pyyaml in /usr/lib64/python3.4/dist-packages (from keras==2.0.8)
Requirement already satisfied: h5py in /usr/local/lib64/python3.4/site-packages
Requirement already satisfied: six in /usr/lib/python3.4/dist-packages (from h5py)
Requirement already satisfied: numpy>=1.7 in /usr/lib64/python3.4/dist-packages (from h5py)
2017-11-08 13:45:02.281661: W tensorflow/core/platform/cpu_feature_guard.cc:45] The TensorFlow library wasn't compiled to use SSE4.1 instructions, but these are available on your machine and could speed up CPU computations.
2017-11-08 13:45:02.281692: W tensorflow/core/platform/cpu_feature_guard.cc:45] The TensorFlow library wasn't compiled to use SSE4.2 instructions, but these are available on your machine and could speed up CPU computations.
2017-11-08 13:45:02.281698: W tensorflow/core/platform/cpu_feature_guard.cc:45] The TensorFlow library wasn't compiled to use AVX instructions, but these are available on your machine and could speed up CPU computations.
2017-11-08 13:45:02.281702: W tensorflow/core/platform/cpu_feature_guard.cc:45] The TensorFlow library wasn't compiled to use AVX2 instructions, but these are available on your machine and could speed up CPU computations.
2017-11-08 13:45:02.281706: W tensorflow/core/platform/cpu_feature_guard.cc:45] The TensorFlow library wasn't compiled to use FMA instructions, but these are available on your machine and could speed up CPU computations.
2017-11-08 13:45:02.312498: E tensorflow/stream_executor/cuda/cuda_driver.cc:406] failed call to cuInit: CUDA_ERROR_UNKNOWN
2017-11-08 13:45:02.312538: I tensorflow/stream_executor/cuda/cuda_diagnostics.cc:145] kernel driver does not appear to be running on this host (ip-172-31-19-80): /proc/driver/nvidia/version does not exist
_________________________________________________________________
Layer (type)                 Output Shape              Param #   
=================================================================
lstm_1 (LSTM)                (None, 8)                 352       
_________________________________________________________________
dense_1 (Dense)              (None, 1)                 9         
=================================================================
Total params: 361
Trainable params: 361
Non-trainable params: 0
_________________________________________________________________
None
_________________________________________________________________
Layer (type)                 Output Shape              Param #   
=================================================================
lstm_2 (LSTM)                (None, 16)                1216      
_________________________________________________________________
dense_2 (Dense)              (None, 1)                 17        
=================================================================
Total params: 1,233
Trainable params: 1,233
Non-trainable params: 0
_________________________________________________________________
None
_________________________________________________________________
Layer (type)                 Output Shape              Param #   
=================================================================
lstm_3 (LSTM)                (None, 32)                4480      
_________________________________________________________________
dense_3 (Dense)              (None, 1)                 33        
=================================================================
Total params: 4,513
Trainable params: 4,513
Non-trainable params: 0
_________________________________________________________________
None
_________________________________________________________________
Layer (type)                 Output Shape              Param #   
=================================================================
lstm_4 (LSTM)                (None, 8)                 352       
_________________________________________________________________
dense_4 (Dense)              (None, 1)                 9         
=================================================================
Total params: 361
Trainable params: 361
Non-trainable params: 0
_________________________________________________________________
None
_________________________________________________________________
Layer (type)                 Output Shape              Param #   
=================================================================
lstm_5 (LSTM)                (None, 16)                1216      
_________________________________________________________________
dense_5 (Dense)              (None, 1)                 17        
=================================================================
Total params: 1,233
Trainable params: 1,233
Non-trainable params: 0
_________________________________________________________________
None
_________________________________________________________________
Layer (type)                 Output Shape              Param #   
=================================================================
lstm_6 (LSTM)                (None, 32)                4480      
_________________________________________________________________
dense_6 (Dense)              (None, 1)                 33        
=================================================================
Total params: 4,513
Trainable params: 4,513
Non-trainable params: 0
_________________________________________________________________
None
_________________________________________________________________
Layer (type)                 Output Shape              Param #   
=================================================================
lstm_7 (LSTM)                (None, 8)                 352       
_________________________________________________________________
dense_7 (Dense)              (None, 1)                 9         
=================================================================
Total params: 361
Trainable params: 361
Non-trainable params: 0
_________________________________________________________________
None
_________________________________________________________________
Layer (type)                 Output Shape              Param #   
=================================================================
lstm_8 (LSTM)                (None, 16)                1216      
_________________________________________________________________
dense_8 (Dense)              (None, 1)                 17        
=================================================================
Total params: 1,233
Trainable params: 1,233
Non-trainable params: 0
_________________________________________________________________
None
_________________________________________________________________
Layer (type)                 Output Shape              Param #   
=================================================================
lstm_9 (LSTM)                (None, 32)                4480      
_________________________________________________________________
dense_9 (Dense)              (None, 1)                 33        
=================================================================
Total params: 4,513
Trainable params: 4,513
Non-trainable params: 0
_________________________________________________________________
None
_________________________________________________________________
Layer (type)                 Output Shape              Param #   
=================================================================
simple_rnn_1 (SimpleRNN)     (None, 8)                 88        
_________________________________________________________________
dense_10 (Dense)             (None, 1)                 9         
=================================================================
Total params: 97
Trainable params: 97
Non-trainable params: 0
_________________________________________________________________
None
_________________________________________________________________
Layer (type)                 Output Shape              Param #   
=================================================================
simple_rnn_2 (SimpleRNN)     (None, 16)                304       
_________________________________________________________________
dense_11 (Dense)             (None, 1)                 17        
=================================================================
Total params: 321
Trainable params: 321
Non-trainable params: 0
_________________________________________________________________
None
_________________________________________________________________
Layer (type)                 Output Shape              Param #   
=================================================================
simple_rnn_3 (SimpleRNN)     (None, 32)                1120      
_________________________________________________________________
dense_12 (Dense)             (None, 1)                 33        
=================================================================
Total params: 1,153
Trainable params: 1,153
Non-trainable params: 0
_________________________________________________________________
None
_________________________________________________________________
Layer (type)                 Output Shape              Param #   
=================================================================
simple_rnn_4 (SimpleRNN)     (None, 8)                 88        
_________________________________________________________________
dense_13 (Dense)             (None, 1)                 9         
=================================================================
Total params: 97
Trainable params: 97
Non-trainable params: 0
_________________________________________________________________
None
_________________________________________________________________
Layer (type)                 Output Shape              Param #   
=================================================================
simple_rnn_5 (SimpleRNN)     (None, 16)                304       
_________________________________________________________________
dense_14 (Dense)             (None, 1)                 17        
=================================================================
Total params: 321
Trainable params: 321
Non-trainable params: 0
_________________________________________________________________
None
_________________________________________________________________
Layer (type)                 Output Shape              Param #   
=================================================================
simple_rnn_6 (SimpleRNN)     (None, 32)                1120      
_________________________________________________________________
dense_15 (Dense)             (None, 1)                 33        
=================================================================
Total params: 1,153
Trainable params: 1,153
Non-trainable params: 0
_________________________________________________________________
None
_________________________________________________________________
Layer (type)                 Output Shape              Param #   
=================================================================
simple_rnn_7 (SimpleRNN)     (None, 8)                 88        
_________________________________________________________________
dense_16 (Dense)             (None, 1)                 9         
=================================================================
Total params: 97
Trainable params: 97
Non-trainable params: 0
_________________________________________________________________
None
_________________________________________________________________
Layer (type)                 Output Shape              Param #   
=================================================================
simple_rnn_8 (SimpleRNN)     (None, 16)                304       
_________________________________________________________________
dense_17 (Dense)             (None, 1)                 17        
=================================================================
Total params: 321
Trainable params: 321
Non-trainable params: 0
_________________________________________________________________
None
_________________________________________________________________
Layer (type)                 Output Shape              Param #   
=================================================================
simple_rnn_9 (SimpleRNN)     (None, 32)                1120      
_________________________________________________________________
dense_18 (Dense)             (None, 1)                 33        
=================================================================
Total params: 1,153
Trainable params: 1,153
Non-trainable params: 0
_________________________________________________________________
None
_________________________________________________________________
Layer (type)                 Output Shape              Param #   
=================================================================
dense_19 (Dense)             (None, 8)                 24        
_________________________________________________________________
dense_20 (Dense)             (None, 1)                 9         
=================================================================
Total params: 33
Trainable params: 33
Non-trainable params: 0
_________________________________________________________________
None
_________________________________________________________________
Layer (type)                 Output Shape              Param #   
=================================================================
dense_21 (Dense)             (None, 16)                48        
_________________________________________________________________
dense_22 (Dense)             (None, 1)                 17        
=================================================================
Total params: 65
Trainable params: 65
Non-trainable params: 0
_________________________________________________________________
None
_________________________________________________________________
Layer (type)                 Output Shape              Param #   
=================================================================
dense_23 (Dense)             (None, 32)                96        
_________________________________________________________________
dense_24 (Dense)             (None, 1)                 33        
=================================================================
Total params: 129
Trainable params: 129
Non-trainable params: 0
_________________________________________________________________
None
_________________________________________________________________
Layer (type)                 Output Shape              Param #   
=================================================================
dense_25 (Dense)             (None, 8)                 24        
_________________________________________________________________
dense_26 (Dense)             (None, 1)                 9         
=================================================================
Total params: 33
Trainable params: 33
Non-trainable params: 0
_________________________________________________________________
None
_________________________________________________________________
Layer (type)                 Output Shape              Param #   
=================================================================
dense_27 (Dense)             (None, 16)                48        
_________________________________________________________________
dense_28 (Dense)             (None, 1)                 17        
=================================================================
Total params: 65
Trainable params: 65
Non-trainable params: 0
_________________________________________________________________
None
_________________________________________________________________
Layer (type)                 Output Shape              Param #   
=================================================================
dense_29 (Dense)             (None, 32)                96        
_________________________________________________________________
dense_30 (Dense)             (None, 1)                 33        
=================================================================
Total params: 129
Trainable params: 129
Non-trainable params: 0
_________________________________________________________________
None
_________________________________________________________________
Layer (type)                 Output Shape              Param #   
=================================================================
dense_31 (Dense)             (None, 8)                 24        
_________________________________________________________________
dense_32 (Dense)             (None, 1)                 9         
=================================================================
Total params: 33
Trainable params: 33
Non-trainable params: 0
_________________________________________________________________
None
_________________________________________________________________
Layer (type)                 Output Shape              Param #   
=================================================================
dense_33 (Dense)             (None, 16)                48        
_________________________________________________________________
dense_34 (Dense)             (None, 1)                 17        
=================================================================
Total params: 65
Trainable params: 65
Non-trainable params: 0
_________________________________________________________________
None
_________________________________________________________________
Layer (type)                 Output Shape              Param #   
=================================================================
dense_35 (Dense)             (None, 32)                96        
_________________________________________________________________
dense_36 (Dense)             (None, 1)                 33        
=================================================================
Total params: 129
Trainable params: 129
Non-trainable params: 0
_________________________________________________________________
None
_________________________________________________________________
Layer (type)                 Output Shape              Param #   
=================================================================
dense_37 (Dense)             (None, 1)                 3         
=================================================================Using TensorFlow backend.

Total params: 3
Trainable params: 3
Non-trainable params: 0
_________________________________________________________________
None
_________________________________________________________________
Layer (type)                 Output Shape              Param #   
=================================================================
dense_38 (Dense)             (None, 1)                 3         
=================================================================
Total params: 3
Trainable params: 3
Non-trainable params: 0
_________________________________________________________________
None
_________________________________________________________________
Layer (type)                 Output Shape              Param #   
=================================================================
dense_39 (Dense)             (None, 1)                 3         
=================================================================
Total params: 3
Trainable params: 3
Non-trainable params: 0
_________________________________________________________________
None
From https://github.com/ckoopmann/GasPricePrediction
   2386f1d..ddb457e  master     -> origin/master
Updating 2386f1d..ddb457e
Fast-forward
 Python/LevelPrediction/nohup.out | 376 +++++++++++++++++++++++++++++++++++++++
 1 file changed, 376 insertions(+)
 create mode 100644 Python/LevelPrediction/nohup.out
