Requirement already satisfied: h5py in /usr/local/lib64/python3.4/site-packages
Requirement already satisfied: six in /usr/lib/python3.4/dist-packages (from h5py)
Requirement already satisfied: numpy>=1.7 in /usr/lib64/python3.4/dist-packages (from h5py)
/home/ec2-user/anaconda3/envs/tensorflow_p36/lib/python3.6/importlib/_bootstrap.py:219: RuntimeWarning: compiletime version 3.5 of module 'tensorflow.python.framework.fast_tensor_util' does not match runtime version 3.6
  return f(*args, **kwds)
Using TensorFlow backend.
Traceback (most recent call last):
  File "level_par_tuning_nocv.py", line 19, in <module>
    from functions import *
  File "/home/ec2-user/GasPricePrediction/Python/LevelPrediction/functions.py", line 11, in <module>
    from sklearn.preprocessing import MinMaxScaler
ModuleNotFoundError: No module named 'sklearn'
Bereits aktuell.
[master 25c75cf] New AWS results - Level Par Tuning
 Committer: EC2 Default User <ec2-user@ip-172-31-24-155.us-west-2.compute.internal>
Ihr Name und E-Mail Adresse wurden automatisch auf Basis
Ihres Benutzer- und Rechnernamens konfiguriert. Bitte prüfen Sie, dass
diese zutreffend sind. Sie können diese Meldung unterdrücken, indem Sie
diese explizit setzen:

    git config --global user.name "Ihr Name"
    git config --global user.email ihre@emailadresse.de

Nachdem Sie das getan haben, können Sie Ihre Identität für diesen Commit ändern:

    git commit --amend --reset-author

 1 file changed, 13 insertions(+), 19578 deletions(-)
 rewrite Python/LevelPrediction/nohup.out (99%)
To https://github.com/ckoopmann/GasPricePrediction.git
   e7f2263..25c75cf  master -> master
/home/ec2-user/anaconda3/envs/tensorflow_p36/lib/python3.6/importlib/_bootstrap.py:219: RuntimeWarning: compiletime version 3.5 of module 'tensorflow.python.framework.fast_tensor_util' does not match runtime version 3.6
  return f(*args, **kwds)
Using TensorFlow backend.
Traceback (most recent call last):
  File "level_var_selection_nocv.py", line 19, in <module>
    from functions import *
  File "/home/ec2-user/GasPricePrediction/Python/LevelPrediction/functions.py", line 11, in <module>
    from sklearn.preprocessing import MinMaxScaler
ModuleNotFoundError: No module named 'sklearn'
Bereits aktuell.
[master 667af41] New AWS results - Level Var Selection
 Committer: EC2 Default User <ec2-user@ip-172-31-24-155.us-west-2.compute.internal>
Ihr Name und E-Mail Adresse wurden automatisch auf Basis
Ihres Benutzer- und Rechnernamens konfiguriert. Bitte prüfen Sie, dass
diese zutreffend sind. Sie können diese Meldung unterdrücken, indem Sie
diese explizit setzen:

    git config --global user.name "Ihr Name"
    git config --global user.email ihre@emailadresse.de

Nachdem Sie das getan haben, können Sie Ihre Identität für diesen Commit ändern:

    git commit --amend --reset-author

 1 file changed, 28 insertions(+)
To https://github.com/ckoopmann/GasPricePrediction.git
   25c75cf..667af41  master -> master
/home/ec2-user/anaconda3/envs/tensorflow_p36/lib/python3.6/importlib/_bootstrap.py:219: RuntimeWarning: compiletime version 3.5 of module 'tensorflow.python.framework.fast_tensor_util' does not match runtime version 3.6
  return f(*args, **kwds)
Using TensorFlow backend.
Traceback (most recent call last):
  File "level_multivar_par_tuning_nocv.py", line 19, in <module>
    from functions import *
  File "/home/ec2-user/GasPricePrediction/Python/LevelPrediction/functions.py", line 11, in <module>
    from sklearn.preprocessing import MinMaxScaler
ModuleNotFoundError: No module named 'sklearn'
Bereits aktuell.
[master a48425e] New AWS results - Level Multivar Par Tuning
 Committer: EC2 Default User <ec2-user@ip-172-31-24-155.us-west-2.compute.internal>
Ihr Name und E-Mail Adresse wurden automatisch auf Basis
Ihres Benutzer- und Rechnernamens konfiguriert. Bitte prüfen Sie, dass
diese zutreffend sind. Sie können diese Meldung unterdrücken, indem Sie
diese explizit setzen:

    git config --global user.name "Ihr Name"
    git config --global user.email ihre@emailadresse.de

Nachdem Sie das getan haben, können Sie Ihre Identität für diesen Commit ändern:

    git commit --amend --reset-author

 1 file changed, 27 insertions(+)
To https://github.com/ckoopmann/GasPricePrediction.git
   667af41..a48425e  master -> master
/home/ec2-user/anaconda3/envs/tensorflow_p36/lib/python3.6/importlib/_bootstrap.py:219: RuntimeWarning: compiletime version 3.5 of module 'tensorflow.python.framework.fast_tensor_util' does not match runtime version 3.6
  return f(*args, **kwds)
Using TensorFlow backend.
Traceback (most recent call last):
  File "level_eval_cv.py", line 19, in <module>
    from functions import *
  File "/home/ec2-user/GasPricePrediction/Python/LevelPrediction/functions.py", line 11, in <module>
    from sklearn.preprocessing import MinMaxScaler
ModuleNotFoundError: No module named 'sklearn'
Bereits aktuell.
[master f35fdc5] New AWS results - Level Evaluation
 Committer: EC2 Default User <ec2-user@ip-172-31-24-155.us-west-2.compute.internal>
Ihr Name und E-Mail Adresse wurden automatisch auf Basis
Ihres Benutzer- und Rechnernamens konfiguriert. Bitte prüfen Sie, dass
diese zutreffend sind. Sie können diese Meldung unterdrücken, indem Sie
diese explizit setzen:

    git config --global user.name "Ihr Name"
    git config --global user.email ihre@emailadresse.de

Nachdem Sie das getan haben, können Sie Ihre Identität für diesen Commit ändern:

    git commit --amend --reset-author

 1 file changed, 27 insertions(+)
To https://github.com/ckoopmann/GasPricePrediction.git
   a48425e..f35fdc5  master -> master
Fetching package metadata ...........
Solving package specifications: .

# All requested packages already installed.
# packages in environment at /home/ec2-user/anaconda3/envs/tensorflow_p36:
#
scikit-learn              0.19.1           py36h7aa7ec6_0  
2017-12-04 15:47:46.057001: I tensorflow/core/platform/cpu_feature_guard.cc:137] Your CPU supports instructions that this TensorFlow binary was not compiled to use: SSE4.1 SSE4.2 AVX AVX2 FMA
2017-12-04 15:47:46.087805: E tensorflow/stream_executor/cuda/cuda_driver.cc:406] failed call to cuInit: CUDA_ERROR_UNKNOWN
2017-12-04 15:47:46.087841: I tensorflow/stream_executor/cuda/cuda_diagnostics.cc:145] kernel driver does not appear to be running on this host (ip-172-31-24-155): /proc/driver/nvidia/version does not exist
aws_commands.sh: Zeile 3:  3313 Beendet                 python level_par_tuning_nocv.py
fatal: could not read Username for 'https://github.com': Kein passendes Gerät bzw. keine passende Adresse gefunden
[master 49bfc51] New AWS results - Level Par Tuning
 Committer: EC2 Default User <ec2-user@ip-172-31-24-155.us-west-2.compute.internal>
Ihr Name und E-Mail Adresse wurden automatisch auf Basis
Ihres Benutzer- und Rechnernamens konfiguriert. Bitte prüfen Sie, dass
diese zutreffend sind. Sie können diese Meldung unterdrücken, indem Sie
diese explizit setzen:

    git config --global user.name "Ihr Name"
    git config --global user.email ihre@emailadresse.de

Nachdem Sie das getan haben, können Sie Ihre Identität für diesen Commit ändern:

    git commit --amend --reset-author

 1 file changed, 29 insertions(+)
fatal: could not read Username for 'https://github.com': Kein passendes Gerät bzw. keine passende Adresse gefunden
2017-12-04 15:51:10.751345: I tensorflow/core/platform/cpu_feature_guard.cc:137] Your CPU supports instructions that this TensorFlow binary was not compiled to use: SSE4.1 SSE4.2 AVX AVX2 FMA
2017-12-04 15:51:10.761214: E tensorflow/stream_executor/cuda/cuda_driver.cc:406] failed call to cuInit: CUDA_ERROR_UNKNOWN
2017-12-04 15:51:10.761248: I tensorflow/stream_executor/cuda/cuda_diagnostics.cc:145] kernel driver does not appear to be running on this host (ip-172-31-24-155): /proc/driver/nvidia/version does not exist
aws_commands.sh: Zeile 8:  3370 Beendet                 python level_var_selection_nocv.py
fatal: could not read Username for 'https://github.com': Kein passendes Gerät bzw. keine passende Adresse gefunden
[master 38fcbc9] New AWS results - Level Var Selection
 Committer: EC2 Default User <ec2-user@ip-172-31-24-155.us-west-2.compute.internal>
Ihr Name und E-Mail Adresse wurden automatisch auf Basis
Ihres Benutzer- und Rechnernamens konfiguriert. Bitte prüfen Sie, dass
diese zutreffend sind. Sie können diese Meldung unterdrücken, indem Sie
diese explizit setzen:

    git config --global user.name "Ihr Name"
    git config --global user.email ihre@emailadresse.de

Nachdem Sie das getan haben, können Sie Ihre Identität für diesen Commit ändern:

    git commit --amend --reset-author

 1 file changed, 21 insertions(+)
fatal: could not read Username for 'https://github.com': Kein passendes Gerät bzw. keine passende Adresse gefunden
2017-12-04 15:53:14.840296: I tensorflow/core/platform/cpu_feature_guard.cc:137] Your CPU supports instructions that this TensorFlow binary was not compiled to use: SSE4.1 SSE4.2 AVX AVX2 FMA
2017-12-04 15:53:14.850065: E tensorflow/stream_executor/cuda/cuda_driver.cc:406] failed call to cuInit: CUDA_ERROR_UNKNOWN
2017-12-04 15:53:14.850099: I tensorflow/stream_executor/cuda/cuda_diagnostics.cc:145] kernel driver does not appear to be running on this host (ip-172-31-24-155): /proc/driver/nvidia/version does not exist
aws_commands.sh: Zeile 13:  3404 Beendet                 python level_multivar_par_tuning_nocv.py
fatal: could not read Username for 'https://github.com': Kein passendes Gerät bzw. keine passende Adresse gefunden
[master eb2afa8] New AWS results - Level Multivar Par Tuning
 Committer: EC2 Default User <ec2-user@ip-172-31-24-155.us-west-2.compute.internal>
Ihr Name und E-Mail Adresse wurden automatisch auf Basis
Ihres Benutzer- und Rechnernamens konfiguriert. Bitte prüfen Sie, dass
diese zutreffend sind. Sie können diese Meldung unterdrücken, indem Sie
diese explizit setzen:

    git config --global user.name "Ihr Name"
    git config --global user.email ihre@emailadresse.de

Nachdem Sie das getan haben, können Sie Ihre Identität für diesen Commit ändern:

    git commit --amend --reset-author

 1 file changed, 21 insertions(+)
fatal: could not read Username for 'https://github.com': Kein passendes Gerät bzw. keine passende Adresse gefunden
2017-12-04 15:53:36.499374: I tensorflow/core/platform/cpu_feature_guard.cc:137] Your CPU supports instructions that this TensorFlow binary was not compiled to use: SSE4.1 SSE4.2 AVX AVX2 FMA
2017-12-04 15:53:36.509466: E tensorflow/stream_executor/cuda/cuda_driver.cc:406] failed call to cuInit: CUDA_ERROR_UNKNOWN
2017-12-04 15:53:36.509500: I tensorflow/stream_executor/cuda/cuda_diagnostics.cc:145] kernel driver does not appear to be running on this host (ip-172-31-24-155): /proc/driver/nvidia/version does not exist
aws_commands.sh: Zeile 18:  3435 Beendet                 python level_eval_cv.py
fatal: could not read Username for 'https://github.com': Kein passendes Gerät bzw. keine passende Adresse gefunden
[master ac716b4] New AWS results - Level Evaluation
 Committer: EC2 Default User <ec2-user@ip-172-31-24-155.us-west-2.compute.internal>
Ihr Name und E-Mail Adresse wurden automatisch auf Basis
Ihres Benutzer- und Rechnernamens konfiguriert. Bitte prüfen Sie, dass
diese zutreffend sind. Sie können diese Meldung unterdrücken, indem Sie
diese explizit setzen:

    git config --global user.name "Ihr Name"
    git config --global user.email ihre@emailadresse.de

Nachdem Sie das getan haben, können Sie Ihre Identität für diesen Commit ändern:

    git commit --amend --reset-author

 1 file changed, 21 insertions(+)
fatal: could not read Username for 'https://github.com': Kein passendes Gerät bzw. keine passende Adresse gefunden
Fetching package metadata ...........
Solving package specifications: .

# All requested packages already installed.
# packages in environment at /home/ec2-user/anaconda3/envs/tensorflow_p36:
#
scikit-learn              0.19.1           py36h7aa7ec6_0  
2017-12-04 15:56:18.985256: I tensorflow/core/platform/cpu_feature_guard.cc:137] Your CPU supports instructions that this TensorFlow binary was not compiled to use: SSE4.1 SSE4.2 AVX AVX2 FMA
2017-12-04 15:56:18.995458: E tensorflow/stream_executor/cuda/cuda_driver.cc:406] failed call to cuInit: CUDA_ERROR_UNKNOWN
2017-12-04 15:56:18.995504: I tensorflow/stream_executor/cuda/cuda_diagnostics.cc:145] kernel driver does not appear to be running on this host (ip-172-31-24-155): /proc/driver/nvidia/version does not exist
(744, 1)
(372, 1)
_________________________________________________________________
Layer (type)                 Output Shape              Param #   
=================================================================
lstm_1 (LSTM)                (None, 8)                 320       
_________________________________________________________________
dense_1 (Dense)              (None, 1)                 9         
=================================================================
Total params: 329
Trainable params: 329
Non-trainable params: 0
_________________________________________________________________
None
_________________________________________________________________
Layer (type)                 Output Shape              Param #   
=================================================================
lstm_2 (LSTM)                (None, 16)                1152      
_________________________________________________________________
dense_2 (Dense)              (None, 1)                 17        
=================================================================
Total params: 1,169
Trainable params: 1,169
Non-trainable params: 0
_________________________________________________________________
None
_________________________________________________________________
Layer (type)                 Output Shape              Param #   
=================================================================
lstm_3 (LSTM)                (None, 32)                4352      
_________________________________________________________________
dense_3 (Dense)              (None, 1)                 33        
=================================================================
Total params: 4,385
Trainable params: 4,385
Non-trainable params: 0
_________________________________________________________________
None
_________________________________________________________________
Layer (type)                 Output Shape              Param #   
=================================================================
lstm_4 (LSTM)                (None, 8)                 320       
_________________________________________________________________
dense_4 (Dense)              (None, 1)                 9         
=================================================================
Total params: 329
Trainable params: 329
Non-trainable params: 0
_________________________________________________________________
None
_________________________________________________________________
Layer (type)                 Output Shape              Param #   
=================================================================
lstm_5 (LSTM)                (None, 16)                1152      
_________________________________________________________________
dense_5 (Dense)              (None, 1)                 17        
=================================================================
Total params: 1,169
Trainable params: 1,169
Non-trainable params: 0
_________________________________________________________________
None
_________________________________________________________________
Layer (type)                 Output Shape              Param #   
=================================================================
lstm_6 (LSTM)                (None, 32)                4352      
_________________________________________________________________
dense_6 (Dense)              (None, 1)                 33        
=================================================================
Total params: 4,385
Trainable params: 4,385
Non-trainable params: 0
_________________________________________________________________
None
_________________________________________________________________
Layer (type)                 Output Shape              Param #   
=================================================================
lstm_7 (LSTM)                (None, 8)                 320       
_________________________________________________________________
dense_7 (Dense)              (None, 1)                 9         
=================================================================
Total params: 329
Trainable params: 329
Non-trainable params: 0
_________________________________________________________________
None
_________________________________________________________________
Layer (type)                 Output Shape              Param #   
=================================================================
lstm_8 (LSTM)                (None, 16)                1152      
_________________________________________________________________
dense_8 (Dense)              (None, 1)                 17        
=================================================================
Total params: 1,169
Trainable params: 1,169
Non-trainable params: 0
_________________________________________________________________
None
_________________________________________________________________
Layer (type)                 Output Shape              Param #   
=================================================================
lstm_9 (LSTM)                (None, 32)                4352      
_________________________________________________________________
dense_9 (Dense)              (None, 1)                 33        
=================================================================
Total params: 4,385
Trainable params: 4,385
Non-trainable params: 0
_________________________________________________________________
None
_________________________________________________________________
Layer (type)                 Output Shape              Param #   
=================================================================
lstm_10 (LSTM)               (None, 8)                 320       
_________________________________________________________________
dense_10 (Dense)             (None, 1)                 9         
=================================================================
Total params: 329
Trainable params: 329
Non-trainable params: 0
_________________________________________________________________
None
_________________________________________________________________
Layer (type)                 Output Shape              Param #   
=================================================================
lstm_11 (LSTM)               (None, 16)                1152      
_________________________________________________________________
dense_11 (Dense)             (None, 1)                 17        
=================================================================
Total params: 1,169
Trainable params: 1,169
Non-trainable params: 0
_________________________________________________________________
None
_________________________________________________________________
Layer (type)                 Output Shape              Param #   
=================================================================
lstm_12 (LSTM)               (None, 32)                4352      
_________________________________________________________________
dense_12 (Dense)             (None, 1)                 33        
=================================================================
Total params: 4,385
Trainable params: 4,385
Non-trainable params: 0
_________________________________________________________________
None
(744, 1)
(372, 1)
_________________________________________________________________
Layer (type)                 Output Shape              Param #   
=================================================================
simple_rnn_1 (SimpleRNN)     (None, 8)                 80        
_________________________________________________________________
dense_13 (Dense)             (None, 1)                 9         
=================================================================
Total params: 89
Trainable params: 89
Non-trainable params: 0
_________________________________________________________________
None
_________________________________________________________________
Layer (type)                 Output Shape              Param #   
=================================================================
simple_rnn_2 (SimpleRNN)     (None, 16)                288       
_________________________________________________________________
dense_14 (Dense)             (None, 1)                 17        
=================================================================
Total params: 305
Trainable params: 305
Non-trainable params: 0
_________________________________________________________________
None
_________________________________________________________________
Layer (type)                 Output Shape              Param #   
=================================================================
simple_rnn_3 (SimpleRNN)     (None, 32)                1088      
_________________________________________________________________
dense_15 (Dense)             (None, 1)                 33        
=================================================================
Total params: 1,121
Trainable params: 1,121
Non-trainable params: 0
_________________________________________________________________
None
_________________________________________________________________
Layer (type)                 Output Shape              Param #   
=================================================================
simple_rnn_4 (SimpleRNN)     (None, 8)                 80        
_________________________________________________________________
dense_16 (Dense)             (None, 1)                 9         
=================================================================
Total params: 89
Trainable params: 89
Non-trainable params: 0
_________________________________________________________________
None
_________________________________________________________________
Layer (type)                 Output Shape              Param #   
=================================================================
simple_rnn_5 (SimpleRNN)     (None, 16)                288       
_________________________________________________________________
dense_17 (Dense)             (None, 1)                 17        
=================================================================
Total params: 305
Trainable params: 305
Non-trainable params: 0
_________________________________________________________________
None
_________________________________________________________________
Layer (type)                 Output Shape              Param #   
=================================================================
simple_rnn_6 (SimpleRNN)     (None, 32)                1088      
_________________________________________________________________
dense_18 (Dense)             (None, 1)                 33        
=================================================================
Total params: 1,121
Trainable params: 1,121
Non-trainable params: 0
_________________________________________________________________
None
_________________________________________________________________
Layer (type)                 Output Shape              Param #   
=================================================================
simple_rnn_7 (SimpleRNN)     (None, 8)                 80        
_________________________________________________________________
dense_19 (Dense)             (None, 1)                 9         
=================================================================
Total params: 89
Trainable params: 89
Non-trainable params: 0
_________________________________________________________________
None
_________________________________________________________________
Layer (type)                 Output Shape              Param #   
=================================================================
simple_rnn_8 (SimpleRNN)     (None, 16)                288       
_________________________________________________________________
dense_20 (Dense)             (None, 1)                 17        
=================================================================
Total params: 305
Trainable params: 305
Non-trainable params: 0
_________________________________________________________________
None
_________________________________________________________________
Layer (type)                 Output Shape              Param #   
=================================================================
simple_rnn_9 (SimpleRNN)     (None, 32)                1088      
_________________________________________________________________
dense_21 (Dense)             (None, 1)                 33        
=================================================================
Total params: 1,121
Trainable params: 1,121
Non-trainable params: 0
_________________________________________________________________
None
_________________________________________________________________
Layer (type)                 Output Shape              Param #   
=================================================================
simple_rnn_10 (SimpleRNN)    (None, 8)                 80        
_________________________________________________________________
dense_22 (Dense)             (None, 1)                 9         
=================================================================
Total params: 89
Trainable params: 89
Non-trainable params: 0
_________________________________________________________________
None
_________________________________________________________________
Layer (type)                 Output Shape              Param #   
=================================================================
simple_rnn_11 (SimpleRNN)    (None, 16)                288       
_________________________________________________________________
dense_23 (Dense)             (None, 1)                 17        
=================================================================
Total params: 305
Trainable params: 305
Non-trainable params: 0
_________________________________________________________________
None
_________________________________________________________________
Layer (type)                 Output Shape              Param #   
=================================================================
simple_rnn_12 (SimpleRNN)    (None, 32)                1088      
_________________________________________________________________
dense_24 (Dense)             (None, 1)                 33        
=================================================================
Total params: 1,121
Trainable params: 1,121
Non-trainable params: 0
_________________________________________________________________
None
(744, 1)
(372, 1)
_________________________________________________________________
Layer (type)                 Output Shape              Param #   
=================================================================
dense_25 (Dense)             (None, 8)                 16        
_________________________________________________________________
dense_26 (Dense)             (None, 1)                 9         
=================================================================
Total params: 25
Trainable params: 25
Non-trainable params: 0
_________________________________________________________________
None
_________________________________________________________________
Layer (type)                 Output Shape              Param #   
=================================================================
dense_27 (Dense)             (None, 16)                32        
_________________________________________________________________
dense_28 (Dense)             (None, 1)                 17        
=================================================================
Total params: 49
Trainable params: 49
Non-trainable params: 0
_________________________________________________________________
None
_________________________________________________________________
Layer (type)                 Output Shape              Param #   
=================================================================
dense_29 (Dense)             (None, 32)                64        
_________________________________________________________________
dense_30 (Dense)             (None, 1)                 33        
=================================================================
Total params: 97
Trainable params: 97
Non-trainable params: 0
_________________________________________________________________
None
_________________________________________________________________
Layer (type)                 Output Shape              Param #   
=================================================================
dense_31 (Dense)             (None, 8)                 16        /home/ec2-user/anaconda3/envs/tensorflow_p36/lib/python3.6/importlib/_bootstrap.py:219: RuntimeWarning: compiletime version 3.5 of module 'tensorflow.python.framework.fast_tensor_util' does not match runtime version 3.6
  return f(*args, **kwds)
Using TensorFlow backend.

_________________________________________________________________
dense_32 (Dense)             (None, 1)                 9         
=================================================================
Total params: 25
Trainable params: 25
Non-trainable params: 0
_________________________________________________________________
None
_________________________________________________________________
Layer (type)                 Output Shape              Param #   
=================================================================
dense_33 (Dense)             (None, 16)                32        
_________________________________________________________________
dense_34 (Dense)             (None, 1)                 17        
=================================================================
Total params: 49
Trainable params: 49
Non-trainable params: 0
_________________________________________________________________
None
_________________________________________________________________
Layer (type)                 Output Shape              Param #   
=================================================================
dense_35 (Dense)             (None, 32)                64        
_________________________________________________________________
dense_36 (Dense)             (None, 1)                 33        
=================================================================
Total params: 97
Trainable params: 97
Non-trainable params: 0
_________________________________________________________________
None
_________________________________________________________________
Layer (type)                 Output Shape              Param #   
=================================================================
dense_37 (Dense)             (None, 8)                 16        
_________________________________________________________________
dense_38 (Dense)             (None, 1)                 9         
=================================================================
Total params: 25
Trainable params: 25
Non-trainable params: 0
_________________________________________________________________
None
_________________________________________________________________
Layer (type)                 Output Shape              Param #   
=================================================================
dense_39 (Dense)             (None, 16)                32        
_________________________________________________________________
dense_40 (Dense)             (None, 1)                 17        
=================================================================
Total params: 49
Trainable params: 49
Non-trainable params: 0
_________________________________________________________________
None
_________________________________________________________________
Layer (type)                 Output Shape              Param #   
=================================================================
dense_41 (Dense)             (None, 32)                64        
_________________________________________________________________
dense_42 (Dense)             (None, 1)                 33        
=================================================================
Total params: 97
Trainable params: 97
Non-trainable params: 0
_________________________________________________________________
None
_________________________________________________________________
Layer (type)                 Output Shape              Param #   
=================================================================
dense_43 (Dense)             (None, 8)                 16        
_________________________________________________________________
dense_44 (Dense)             (None, 1)                 9         
=================================================================
Total params: 25
Trainable params: 25
Non-trainable params: 0
_________________________________________________________________
None
_________________________________________________________________
Layer (type)                 Output Shape              Param #   
=================================================================
dense_45 (Dense)             (None, 16)                32        
_________________________________________________________________
dense_46 (Dense)             (None, 1)                 17        
=================================================================
Total params: 49
Trainable params: 49
Non-trainable params: 0
_________________________________________________________________
None
_________________________________________________________________
Layer (type)                 Output Shape              Param #   
=================================================================
dense_47 (Dense)             (None, 32)                64        
_________________________________________________________________
dense_48 (Dense)             (None, 1)                 33        
=================================================================
Total params: 97
Trainable params: 97
Non-trainable params: 0
_________________________________________________________________
None
(744, 1)
(372, 1)
_________________________________________________________________
Layer (type)                 Output Shape              Param #   
=================================================================
dense_49 (Dense)             (None, 1)                 2         
=================================================================
Total params: 2
Trainable params: 2
Non-trainable params: 0
_________________________________________________________________
None
_________________________________________________________________
Layer (type)                 Output Shape              Param #   
=================================================================
dense_50 (Dense)             (None, 1)                 2         
=================================================================
Total params: 2
Trainable params: 2
Non-trainable params: 0
_________________________________________________________________
None
_________________________________________________________________
Layer (type)                 Output Shape              Param #   
=================================================================
dense_51 (Dense)             (None, 1)                 2         
=================================================================
Total params: 2
Trainable params: 2
Non-trainable params: 0
_________________________________________________________________
None
_________________________________________________________________
Layer (type)                 Output Shape              Param #   
=================================================================
dense_52 (Dense)             (None, 1)                 2         
=================================================================
Total params: 2
Trainable params: 2
Non-trainable params: 0
_________________________________________________________________
None
Bereits aktuell.
