\BOOKMARK [1][-]{section*.3}{List of Abbreviations}{}% 1
\BOOKMARK [1][-]{section*.4}{List of Figures}{}% 2
\BOOKMARK [1][-]{section*.5}{List of Tables}{}% 3
\BOOKMARK [0][-]{part.1}{I Introduction}{}% 4
\BOOKMARK [1][-]{section.1}{Introduction}{part.1}% 5
\BOOKMARK [2][-]{subsection.1.1}{Motivation}{section.1}% 6
\BOOKMARK [2][-]{subsection.1.2}{Topic}{section.1}% 7
\BOOKMARK [2][-]{subsection.1.3}{Structure}{section.1}% 8
\BOOKMARK [1][-]{section.2}{European Gas Market}{part.1}% 9
\BOOKMARK [2][-]{subsection.2.1}{History}{section.2}% 10
\BOOKMARK [2][-]{subsection.2.2}{Types of natural gas trading}{section.2}% 11
\BOOKMARK [2][-]{subsection.2.3}{Natural Gas Derivatives}{section.2}% 12
\BOOKMARK [1][-]{section.3}{Method}{part.1}% 13
\BOOKMARK [2][-]{subsection.3.1}{RNN}{section.3}% 14
\BOOKMARK [2][-]{subsection.3.2}{Vanishing Gradient Problem}{section.3}% 15
\BOOKMARK [2][-]{subsection.3.3}{LSTM}{section.3}% 16
\BOOKMARK [1][-]{section.4}{Literature Overview}{part.1}% 17
\BOOKMARK [2][-]{subsection.4.1}{Electricity}{section.4}% 18
\BOOKMARK [2][-]{subsection.4.2}{Oil}{section.4}% 19
\BOOKMARK [2][-]{subsection.4.3}{Natural Gas}{section.4}% 20
\BOOKMARK [2][-]{subsection.4.4}{Summary}{section.4}% 21
\BOOKMARK [1][-]{section.5}{Data}{part.1}% 22
\BOOKMARK [2][-]{subsection.5.1}{Target Variable}{section.5}% 23
\BOOKMARK [3][-]{subsubsection.5.1.1}{Price Level Prediction}{subsection.5.1}% 24
\BOOKMARK [3][-]{subsubsection.5.1.2}{Binary Prediction}{subsection.5.1}% 25
\BOOKMARK [2][-]{subsection.5.2}{Input Variables}{section.5}% 26
\BOOKMARK [3][-]{subsubsection.5.2.1}{Energy Commodity Prices}{subsection.5.2}% 27
\BOOKMARK [3][-]{subsubsection.5.2.2}{Gas Market Fundamentals}{subsection.5.2}% 28
\BOOKMARK [3][-]{subsubsection.5.2.3}{Exchange Rates}{subsection.5.2}% 29
\BOOKMARK [3][-]{subsubsection.5.2.4}{Data Availability}{subsection.5.2}% 30
\BOOKMARK [1][-]{section.6}{Experimental Design}{part.1}% 31
\BOOKMARK [2][-]{subsection.6.1}{Preprocessing}{section.6}% 32
\BOOKMARK [3][-]{subsubsection.6.1.1}{Treatment of missing data}{subsection.6.1}% 33
\BOOKMARK [3][-]{subsubsection.6.1.2}{Feature scaling}{subsection.6.1}% 34
\BOOKMARK [2][-]{subsection.6.2}{Reference Models}{section.6}% 35
\BOOKMARK [2][-]{subsection.6.3}{Parameter Tuning}{section.6}% 36
\BOOKMARK [3][-]{subsubsection.6.3.1}{Fixed Hyper-Parameters}{subsection.6.3}% 37
\BOOKMARK [3][-]{subsubsection.6.3.2}{Tuning Parameters}{subsection.6.3}% 38
\BOOKMARK [3][-]{subsubsection.6.3.3}{Tuning Process}{subsection.6.3}% 39
\BOOKMARK [2][-]{subsection.6.4}{Variable Selection}{section.6}% 40
\BOOKMARK [2][-]{subsection.6.5}{Model Evaluation}{section.6}% 41
\BOOKMARK [1][-]{section.7}{Results}{part.1}% 42
\BOOKMARK [2][-]{subsection.7.1}{Price Level Prediction}{section.7}% 43
\BOOKMARK [3][-]{subsubsection.7.1.1}{Univariate Parameter Tuning}{subsection.7.1}% 44
\BOOKMARK [3][-]{subsubsection.7.1.2}{Variable Selection}{subsection.7.1}% 45
\BOOKMARK [3][-]{subsubsection.7.1.3}{Multivariate Parameter Tuning}{subsection.7.1}% 46
\BOOKMARK [3][-]{subsubsection.7.1.4}{Evaluation}{subsection.7.1}% 47
\BOOKMARK [2][-]{subsection.7.2}{Binary Prediction}{section.7}% 48
\BOOKMARK [3][-]{subsubsection.7.2.1}{Univariate Parameter Tuning}{subsection.7.2}% 49
\BOOKMARK [3][-]{subsubsection.7.2.2}{Variable Selection}{subsection.7.2}% 50
\BOOKMARK [3][-]{subsubsection.7.2.3}{Multivariate Parameter Tuning}{subsection.7.2}% 51
\BOOKMARK [3][-]{subsubsection.7.2.4}{Evaluation}{subsection.7.2}% 52
\BOOKMARK [3][-]{subsubsection.7.2.5}{Trading Strategy}{subsection.7.2}% 53
\BOOKMARK [1][-]{section.8}{Conclusions}{part.1}% 54
\BOOKMARK [2][-]{subsection.8.1}{Results}{section.8}% 55
\BOOKMARK [2][-]{subsection.8.2}{Outlook}{section.8}% 56
\BOOKMARK [1][-]{subsection.8.2}{References}{part.1}% 57
\BOOKMARK [1][-]{appendix.A}{Figures}{part.1}% 58
\BOOKMARK [1][-]{appendix.B}{Tables}{part.1}% 59
