This is pdfTeX, Version 3.14159265-2.6-1.40.18 (MiKTeX 2.9.6350 64-bit) (preloaded format=pdflatex 2017.7.4)  13 NOV 2017 17:18
entering extended mode
**./thesis.tex
(thesis.tex
LaTeX2e <2017-04-15>
Babel <3.10> and hyphenation patterns for 75 language(s) loaded.

("C:\Users\KoopmaCK\AppData\Local\Programs\MiKTeX 2.9\tex\latex\base\article.cl
s"
Document Class: article 2014/09/29 v1.4h Standard LaTeX document class
("C:\Users\KoopmaCK\AppData\Local\Programs\MiKTeX 2.9\tex\latex\base\size11.clo
"
File: size11.clo 2014/09/29 v1.4h Standard LaTeX file (size option)
)
\c@part=\count79
\c@section=\count80
\c@subsection=\count81
\c@subsubsection=\count82
\c@paragraph=\count83
\c@subparagraph=\count84
\c@figure=\count85
\c@table=\count86
\abovecaptionskip=\skip41
\belowcaptionskip=\skip42
\bibindent=\dimen102
)
("C:\Users\KoopmaCK\AppData\Local\Programs\MiKTeX 2.9\tex\latex\amsmath\amsmath
.sty"
Package: amsmath 2016/11/05 v2.16a AMS math features
\@mathmargin=\skip43

For additional information on amsmath, use the `?' option.

("C:\Users\KoopmaCK\AppData\Local\Programs\MiKTeX 2.9\tex\latex\amsmath\amstext
.sty"
Package: amstext 2000/06/29 v2.01 AMS text

("C:\Users\KoopmaCK\AppData\Local\Programs\MiKTeX 2.9\tex\latex\amsmath\amsgen.
sty"
File: amsgen.sty 1999/11/30 v2.0 generic functions
\@emptytoks=\toks14
\ex@=\dimen103
))
("C:\Users\KoopmaCK\AppData\Local\Programs\MiKTeX 2.9\tex\latex\amsmath\amsbsy.
sty"
Package: amsbsy 1999/11/29 v1.2d Bold Symbols
\pmbraise@=\dimen104
)
("C:\Users\KoopmaCK\AppData\Local\Programs\MiKTeX 2.9\tex\latex\amsmath\amsopn.
sty"
Package: amsopn 2016/03/08 v2.02 operator names
)
\inf@bad=\count87
LaTeX Info: Redefining \frac on input line 213.
\uproot@=\count88
\leftroot@=\count89
LaTeX Info: Redefining \overline on input line 375.
\classnum@=\count90
\DOTSCASE@=\count91
LaTeX Info: Redefining \ldots on input line 472.
LaTeX Info: Redefining \dots on input line 475.
LaTeX Info: Redefining \cdots on input line 596.
\Mathstrutbox@=\box26
\strutbox@=\box27
\big@size=\dimen105
LaTeX Font Info:    Redeclaring font encoding OML on input line 712.
LaTeX Font Info:    Redeclaring font encoding OMS on input line 713.
\macc@depth=\count92
\c@MaxMatrixCols=\count93
\dotsspace@=\muskip10
\c@parentequation=\count94
\dspbrk@lvl=\count95
\tag@help=\toks15
\row@=\count96
\column@=\count97
\maxfields@=\count98
\andhelp@=\toks16
\eqnshift@=\dimen106
\alignsep@=\dimen107
\tagshift@=\dimen108
\tagwidth@=\dimen109
\totwidth@=\dimen110
\lineht@=\dimen111
\@envbody=\toks17
\multlinegap=\skip44
\multlinetaggap=\skip45
\mathdisplay@stack=\toks18
LaTeX Info: Redefining \[ on input line 2817.
LaTeX Info: Redefining \] on input line 2818.
)
("C:\Users\KoopmaCK\AppData\Local\Programs\MiKTeX 2.9\tex\latex\amsfonts\amssym
b.sty"
Package: amssymb 2013/01/14 v3.01 AMS font symbols

("C:\Users\KoopmaCK\AppData\Local\Programs\MiKTeX 2.9\tex\latex\amsfonts\amsfon
ts.sty"
Package: amsfonts 2013/01/14 v3.01 Basic AMSFonts support
\symAMSa=\mathgroup4
\symAMSb=\mathgroup5
LaTeX Font Info:    Overwriting math alphabet `\mathfrak' in version `bold'
(Font)                  U/euf/m/n --> U/euf/b/n on input line 106.
))
("C:\Users\KoopmaCK\AppData\Local\Programs\MiKTeX 2.9\tex\latex\amscls\amsthm.s
ty"
Package: amsthm 2015/03/04 v2.20.2
\thm@style=\toks19
\thm@bodyfont=\toks20
\thm@headfont=\toks21
\thm@notefont=\toks22
\thm@headpunct=\toks23
\thm@preskip=\skip46
\thm@postskip=\skip47
\thm@headsep=\skip48
\dth@everypar=\toks24
)
("C:\Users\KoopmaCK\AppData\Local\Programs\MiKTeX 2.9\tex\latex\graphics\graphi
cx.sty"
Package: graphicx 2014/10/28 v1.0g Enhanced LaTeX Graphics (DPC,SPQR)

("C:\Users\KoopmaCK\AppData\Local\Programs\MiKTeX 2.9\tex\latex\graphics\keyval
.sty"
Package: keyval 2014/10/28 v1.15 key=value parser (DPC)
\KV@toks@=\toks25
)
("C:\Users\KoopmaCK\AppData\Local\Programs\MiKTeX 2.9\tex\latex\graphics\graphi
cs.sty"
Package: graphics 2017/04/14 v1.1b Standard LaTeX Graphics (DPC,SPQR)

("C:\Users\KoopmaCK\AppData\Local\Programs\MiKTeX 2.9\tex\latex\graphics\trig.s
ty"
Package: trig 2016/01/03 v1.10 sin cos tan (DPC)
)
("C:\Users\KoopmaCK\AppData\Local\Programs\MiKTeX 2.9\tex\latex\graphics-cfg\gr
aphics.cfg"
File: graphics.cfg 2016/06/04 v1.11 sample graphics configuration
)
Package graphics Info: Driver file: pdftex.def on input line 99.

("C:\Users\KoopmaCK\AppData\Local\Programs\MiKTeX 2.9\tex\latex\graphics-def\pd
ftex.def"
File: pdftex.def 2017/01/12 v0.06k Graphics/color for pdfTeX

("C:\Users\KoopmaCK\AppData\Local\Programs\MiKTeX 2.9\tex\generic\oberdiek\infw
arerr.sty"
Package: infwarerr 2016/05/16 v1.4 Providing info/warning/error messages (HO)
)
("C:\Users\KoopmaCK\AppData\Local\Programs\MiKTeX 2.9\tex\generic\oberdiek\ltxc
mds.sty"
Package: ltxcmds 2016/05/16 v1.23 LaTeX kernel commands for general use (HO)
)
\Gread@gobject=\count99
))
\Gin@req@height=\dimen112
\Gin@req@width=\dimen113
)
("C:\Users\KoopmaCK\AppData\Local\Programs\MiKTeX 2.9\tex\latex\hyperref\hyperr
ef.sty"
Package: hyperref 2017/03/14 v6.85a Hypertext links for LaTeX

("C:\Users\KoopmaCK\AppData\Local\Programs\MiKTeX 2.9\tex\generic\oberdiek\hobs
ub-hyperref.sty"
Package: hobsub-hyperref 2016/05/16 v1.14 Bundle oberdiek, subset hyperref (HO)


("C:\Users\KoopmaCK\AppData\Local\Programs\MiKTeX 2.9\tex\generic\oberdiek\hobs
ub-generic.sty"
Package: hobsub-generic 2016/05/16 v1.14 Bundle oberdiek, subset generic (HO)
Package: hobsub 2016/05/16 v1.14 Construct package bundles (HO)
Package hobsub Info: Skipping package `infwarerr' (already loaded).
Package hobsub Info: Skipping package `ltxcmds' (already loaded).
Package: ifluatex 2016/05/16 v1.4 Provides the ifluatex switch (HO)
Package ifluatex Info: LuaTeX not detected.
Package: ifvtex 2016/05/16 v1.6 Detect VTeX and its facilities (HO)
Package ifvtex Info: VTeX not detected.
Package: intcalc 2016/05/16 v1.2 Expandable calculations with integers (HO)
Package: ifpdf 2017/03/15 v3.2 Provides the ifpdf switch
Package: etexcmds 2016/05/16 v1.6 Avoid name clashes with e-TeX commands (HO)
Package etexcmds Info: Could not find \expanded.
(etexcmds)             That can mean that you are not using pdfTeX 1.50 or
(etexcmds)             that some package has redefined \expanded.
(etexcmds)             In the latter case, load this package earlier.
Package: kvsetkeys 2016/05/16 v1.17 Key value parser (HO)
Package: kvdefinekeys 2016/05/16 v1.4 Define keys (HO)
Package: pdftexcmds 2017/03/19 v0.25 Utility functions of pdfTeX for LuaTeX (HO
)
Package pdftexcmds Info: LuaTeX not detected.
Package pdftexcmds Info: \pdf@primitive is available.
Package pdftexcmds Info: \pdf@ifprimitive is available.
Package pdftexcmds Info: \pdfdraftmode found.
Package: pdfescape 2016/05/16 v1.14 Implements pdfTeX's escape features (HO)
Package: bigintcalc 2016/05/16 v1.4 Expandable calculations on big integers (HO
)
Package: bitset 2016/05/16 v1.2 Handle bit-vector datatype (HO)
Package: uniquecounter 2016/05/16 v1.3 Provide unlimited unique counter (HO)
)
Package hobsub Info: Skipping package `hobsub' (already loaded).
Package: letltxmacro 2016/05/16 v1.5 Let assignment for LaTeX macros (HO)
Package: hopatch 2016/05/16 v1.3 Wrapper for package hooks (HO)
Package: xcolor-patch 2016/05/16 xcolor patch
Package: atveryend 2016/05/16 v1.9 Hooks at the very end of document (HO)
Package atveryend Info: \enddocument detected (standard20110627).
Package: atbegshi 2016/06/09 v1.18 At begin shipout hook (HO)
Package: refcount 2016/05/16 v3.5 Data extraction from label references (HO)
Package: hycolor 2016/05/16 v1.8 Color options for hyperref/bookmark (HO)
)
("C:\Users\KoopmaCK\AppData\Local\Programs\MiKTeX 2.9\tex\generic\ifxetex\ifxet
ex.sty"
Package: ifxetex 2010/09/12 v0.6 Provides ifxetex conditional
)
("C:\Users\KoopmaCK\AppData\Local\Programs\MiKTeX 2.9\tex\latex\oberdiek\auxhoo
k.sty"
Package: auxhook 2016/05/16 v1.4 Hooks for auxiliary files (HO)
)
("C:\Users\KoopmaCK\AppData\Local\Programs\MiKTeX 2.9\tex\latex\oberdiek\kvopti
ons.sty"
Package: kvoptions 2016/05/16 v3.12 Key value format for package options (HO)
)
\@linkdim=\dimen114
\Hy@linkcounter=\count100
\Hy@pagecounter=\count101

("C:\Users\KoopmaCK\AppData\Local\Programs\MiKTeX 2.9\tex\latex\hyperref\pd1enc
.def"
File: pd1enc.def 2017/03/14 v6.85a Hyperref: PDFDocEncoding definition (HO)
)
\Hy@SavedSpaceFactor=\count102

("C:\Users\KoopmaCK\AppData\Local\Programs\MiKTeX 2.9\tex\latex\00miktex\hyperr
ef.cfg"
File: hyperref.cfg 2002/06/06 v1.2 hyperref configuration of TeXLive
)
Package hyperref Info: Hyper figures OFF on input line 4498.
Package hyperref Info: Link nesting OFF on input line 4503.
Package hyperref Info: Hyper index ON on input line 4506.
Package hyperref Info: Plain pages OFF on input line 4513.
Package hyperref Info: Backreferencing OFF on input line 4518.
Package hyperref Info: Implicit mode ON; LaTeX internals redefined.
Package hyperref Info: Bookmarks ON on input line 4751.
\c@Hy@tempcnt=\count103

("C:\Users\KoopmaCK\AppData\Local\Programs\MiKTeX 2.9\tex\latex\url\url.sty"
\Urlmuskip=\muskip11
Package: url 2013/09/16  ver 3.4  Verb mode for urls, etc.
)
LaTeX Info: Redefining \url on input line 5104.
\XeTeXLinkMargin=\dimen115
\Fld@menulength=\count104
\Field@Width=\dimen116
\Fld@charsize=\dimen117
Package hyperref Info: Hyper figures OFF on input line 6358.
Package hyperref Info: Link nesting OFF on input line 6363.
Package hyperref Info: Hyper index ON on input line 6366.
Package hyperref Info: backreferencing OFF on input line 6373.
Package hyperref Info: Link coloring OFF on input line 6378.
Package hyperref Info: Link coloring with OCG OFF on input line 6383.
Package hyperref Info: PDF/A mode OFF on input line 6388.
LaTeX Info: Redefining \ref on input line 6428.
LaTeX Info: Redefining \pageref on input line 6432.
\Hy@abspage=\count105
\c@Item=\count106
\c@Hfootnote=\count107
)

Package hyperref Message: Driver (autodetected): hpdftex.


("C:\Users\KoopmaCK\AppData\Local\Programs\MiKTeX 2.9\tex\latex\hyperref\hpdfte
x.def"
File: hpdftex.def 2017/03/14 v6.85a Hyperref driver for pdfTeX
\Fld@listcount=\count108
\c@bookmark@seq@number=\count109

("C:\Users\KoopmaCK\AppData\Local\Programs\MiKTeX 2.9\tex\latex\oberdiek\rerunf
ilecheck.sty"
Package: rerunfilecheck 2016/05/16 v1.8 Rerun checks for auxiliary files (HO)
Package uniquecounter Info: New unique counter `rerunfilecheck' on input line 2
82.
)
\Hy@SectionHShift=\skip49
)
("C:\Users\KoopmaCK\AppData\Local\Programs\MiKTeX 2.9\tex\latex\natbib\natbib.s
ty"
Package: natbib 2010/09/13 8.31b (PWD, AO)
\bibhang=\skip50
\bibsep=\skip51
LaTeX Info: Redefining \cite on input line 694.
\c@NAT@ctr=\count110
)
("C:\Users\KoopmaCK\AppData\Local\Programs\MiKTeX 2.9\tex\latex\caption\caption
2.sty"
Package: caption2 2015/09/15 v2.2-100 Customising captions (AR)


Package caption2 Warning: ****************************************************
(caption2)                THIS PACKAGE IS OBSOLETE:
(caption2)                This package attempts to provide an `caption2'
(caption2)                package v2.0/2.1 author environment so that OLD
(caption2)                documents can be successfully processed. It should
(caption2)                NOT be used for NEW documents! New documents should
(caption2)                use the regular `caption' package v3.x instead.
(caption2)                ****************************************************


("C:\Users\KoopmaCK\AppData\Local\Programs\MiKTeX 2.9\tex\latex\caption\caption
3.sty"
Package: caption3 2016/05/22 v1.7-166 caption3 kernel (AR)
Package caption3 Info: TeX engine: e-TeX on input line 67.
\captionmargin=\dimen118
\captionmargin@=\dimen119
\captionwidth=\dimen120
\caption@tempdima=\dimen121
\caption@indent=\dimen122
\caption@parindent=\dimen123
\caption@hangindent=\dimen124
)
Package caption2 Info: Running in caption2 v2.0 compatibility mode on input lin
e 221.
\captionlinewidth=\dimen125
\realcaptionwidth=\dimen126
)
("C:\Users\KoopmaCK\AppData\Local\Programs\MiKTeX 2.9\tex\latex\float\float.sty
"
Package: float 2001/11/08 v1.3d Float enhancements (AL)
\c@float@type=\count111
\float@exts=\toks26
\float@box=\box28
\@float@everytoks=\toks27
\@floatcapt=\box29
)
("C:\Users\KoopmaCK\AppData\Local\Programs\MiKTeX 2.9\tex\latex\makecell\makece
ll.sty"
Package: makecell 2009/08/03 V0.1e Managing of Tab Column Heads and Cells

("C:\Users\KoopmaCK\AppData\Local\Programs\MiKTeX 2.9\tex\latex\tools\array.sty
"
Package: array 2016/10/06 v2.4d Tabular extension package (FMi)
\col@sep=\dimen127
\extrarowheight=\dimen128
\NC@list=\toks28
\extratabsurround=\skip52
\backup@length=\skip53
)
\rotheadsize=\dimen129
\c@nlinenum=\count112
\TeXr@lab=\toks29
)
("C:\Users\KoopmaCK\AppData\Local\Programs\MiKTeX 2.9\tex\latex\koma-script\scr
page2.sty"
Package: scrpage2 2017/04/13 v3.23 KOMA-Script package (page head and foot)
) (thesis.aux

LaTeX Warning: Label `tab:oil_ttf_return_corr_annual' multiply defined.

)
\openout1 = `thesis.aux'.

LaTeX Font Info:    Checking defaults for OML/cmm/m/it on input line 75.
LaTeX Font Info:    ... okay on input line 75.
LaTeX Font Info:    Checking defaults for T1/cmr/m/n on input line 75.
LaTeX Font Info:    ... okay on input line 75.
LaTeX Font Info:    Checking defaults for OT1/cmr/m/n on input line 75.
LaTeX Font Info:    ... okay on input line 75.
LaTeX Font Info:    Checking defaults for OMS/cmsy/m/n on input line 75.
LaTeX Font Info:    ... okay on input line 75.
LaTeX Font Info:    Checking defaults for OMX/cmex/m/n on input line 75.
LaTeX Font Info:    ... okay on input line 75.
LaTeX Font Info:    Checking defaults for U/cmr/m/n on input line 75.
LaTeX Font Info:    ... okay on input line 75.
LaTeX Font Info:    Checking defaults for PD1/pdf/m/n on input line 75.
LaTeX Font Info:    ... okay on input line 75.

("C:\Users\KoopmaCK\AppData\Local\Programs\MiKTeX 2.9\tex\context\base\supp-pdf
.mkii"
[Loading MPS to PDF converter (version 2006.09.02).]
\scratchcounter=\count113
\scratchdimen=\dimen130
\scratchbox=\box30
\nofMPsegments=\count114
\nofMParguments=\count115
\everyMPshowfont=\toks30
\MPscratchCnt=\count116
\MPscratchDim=\dimen131
\MPnumerator=\count117
\makeMPintoPDFobject=\count118
\everyMPtoPDFconversion=\toks31
)
("C:\Users\KoopmaCK\AppData\Local\Programs\MiKTeX 2.9\tex\latex\oberdiek\epstop
df-base.sty"
Package: epstopdf-base 2016/05/15 v2.6 Base part for package epstopdf

("C:\Users\KoopmaCK\AppData\Local\Programs\MiKTeX 2.9\tex\latex\oberdiek\grfext
.sty"
Package: grfext 2016/05/16 v1.2 Manage graphics extensions (HO)
)
Package epstopdf-base Info: Redefining graphics rule for `.eps' on input line 4
38.
Package grfext Info: Graphics extension search list:
(grfext)             [.png,.pdf,.jpg,.mps,.jpeg,.jbig2,.jb2,.PNG,.PDF,.JPG,.JPE
G,.JBIG2,.JB2,.eps]
(grfext)             \AppendGraphicsExtensions on input line 456.
)
\AtBeginShipoutBox=\box31
Package hyperref Info: Link coloring OFF on input line 75.

("C:\Users\KoopmaCK\AppData\Local\Programs\MiKTeX 2.9\tex\latex\hyperref\namere
f.sty"
Package: nameref 2016/05/21 v2.44 Cross-referencing by name of section

("C:\Users\KoopmaCK\AppData\Local\Programs\MiKTeX 2.9\tex\generic\oberdiek\gett
itlestring.sty"
Package: gettitlestring 2016/05/16 v1.5 Cleanup title references (HO)
)
\c@section@level=\count119
)
LaTeX Info: Redefining \ref on input line 75.
LaTeX Info: Redefining \pageref on input line 75.
LaTeX Info: Redefining \nameref on input line 75.
 (thesis.out) (thesis.out)
\@outlinefile=\write3
\openout3 = `thesis.out'.

Package caption Info: Begin \AtBeginDocument code.
Package caption Info: End \AtBeginDocument code.


Package scrpage2 Warning: seems you are using a very small headheight.
(scrpage2)                If you get overfull \vbox warnings at almost every
(scrpage2)                page, you should increase headheight e.g. writing
(scrpage2)                 \setlength{\headheight}{1.1\baselineskip}
(scrpage2)                into the preamble of your document.
(scrpage2)                A better solution would be to use typearea package.

(titlepage.tex) [1

{C:/Users/KoopmaCK/AppData/Local/MiKTeX/2.9/pdftex/config/pdftex.map}] (acknowl
edgement.tex)
LaTeX Font Info:    Try loading font information for U+msa on input line 100.

("C:\Users\KoopmaCK\AppData\Local\Programs\MiKTeX 2.9\tex\latex\amsfonts\umsa.f
d"
File: umsa.fd 2013/01/14 v3.01 AMS symbols A
)
LaTeX Font Info:    Try loading font information for U+msb on input line 100.

("C:\Users\KoopmaCK\AppData\Local\Programs\MiKTeX 2.9\tex\latex\amsfonts\umsb.f
d"
File: umsb.fd 2013/01/14 v3.01 AMS symbols B
)
Overfull \vbox (6.78236pt too high) has occurred while \output is active []


[1] (abstract.tex
Underfull \hbox (badness 10000) in paragraph at lines 3--10

 []

)
Overfull \vbox (6.78236pt too high) has occurred while \output is active []


[2] (thesis.toc
Overfull \vbox (6.78236pt too high) has occurred while \output is active []


[3])
\tf@toc=\write4
\openout4 = `thesis.toc'.


Overfull \vbox (6.78236pt too high) has occurred while \output is active []


[4] (abbreviations.tex)
Overfull \vbox (6.78236pt too high) has occurred while \output is active []


[5

] (thesis.lof)
\tf@lof=\write5
\openout5 = `thesis.lof'.


Overfull \vbox (6.78236pt too high) has occurred while \output is active []


[6] (thesis.lot)
\tf@lot=\write6
\openout6 = `thesis.lot'.


Overfull \vbox (6.78236pt too high) has occurred while \output is active []


[7] (intro.tex)
Overfull \vbox (6.78236pt too high) has occurred while \output is active []

pdfTeX warning (ext4): destination with the same identifier (name{page.1}) has 
been already used, duplicate ignored
<to be read again> 
                   \relax 
l.152 \newpage
               [1] (gas_market.tex
Overfull \vbox (6.78236pt too high) has occurred while \output is active []


[2] <"../../Plots/hub_map".png, id=307, 1065.22969pt x 767.86874pt>
File: "../../Plots/hub_map".png Graphic file (type png)

<use "../../Plots/hub_map".png>
Package pdftex.def Info: "../../Plots/hub_map".png used on input line 12.
(pdftex.def)             Requested size: 352.8155pt x 254.32309pt.

Overfull \vbox (6.78236pt too high) has occurred while \output is active []


[3]
Overfull \vbox (6.78236pt too high) has occurred while \output is active []


[4pdfTeX warning (ext4): destination with the same identifier (name{figure.1}) 
has been already used, duplicate ignored

\AtBegShi@Output ...ipout \box \AtBeginShipoutBox 
                                                  \fi \fi 
l.25 \paragraph
               {Exchange Trading} <../../Plots/hub_map.png>]
<"../../Plots/trading_types".png, id=321, 1140.51094pt x 456.95718pt>
File: "../../Plots/trading_types".png Graphic file (type png)

<use "../../Plots/trading_types".png>
Package pdftex.def Info: "../../Plots/trading_types".png used on input line 30.

(pdftex.def)             Requested size: 352.8155pt x 141.35544pt.

Overfull \vbox (6.78236pt too high) has occurred while \output is active []


[5pdfTeX warning (ext4): destination with the same identifier (name{figure.2}) 
has been already used, duplicate ignored

\AtBegShi@Output ...ipout \box \AtBeginShipoutBox 
                                                  \fi \fi 
l.36 
      <../../Plots/trading_types.png>])
Overfull \vbox (6.78236pt too high) has occurred while \output is active []


[6pdfTeX warning (ext4): destination with the same identifier (name{table.1}) h
as been already used, duplicate ignored

\AtBegShi@Output ...ipout \box \AtBeginShipoutBox 
                                                  \fi \fi 
l.154 \newpage
              ] (literature_overview.tex
Overfull \vbox (6.78236pt too high) has occurred while \output is active []


[7]
Overfull \vbox (6.78236pt too high) has occurred while \output is active []


[8]
Overfull \vbox (6.78236pt too high) has occurred while \output is active []


[9] (literature_table_electricity.tex)
Overfull \vbox (6.78236pt too high) has occurred while \output is active []


[10]
Overfull \vbox (6.78236pt too high) has occurred while \output is active []


[11pdfTeX warning (ext4): destination with the same identifier (name{table.2}) 
has been already used, duplicate ignored

\AtBegShi@Output ...ipout \box \AtBeginShipoutBox 
                                                  \fi \fi 
l.28 
     ]
Missing character: There is no Ã in font cmr10!
Missing character: There is no © in font cmr10!

Overfull \vbox (6.78236pt too high) has occurred while \output is active []


[12] (literature_table_oil.tex
Missing character: There is no Ã in font cmr10!
Missing character: There is no © in font cmr10!
)
Overfull \vbox (6.78236pt too high) has occurred while \output is active []


[13pdfTeX warning (ext4): destination with the same identifier (name{table.3}) 
has been already used, duplicate ignored

\AtBegShi@Output ...ipout \box \AtBeginShipoutBox 
                                                  \fi \fi 
l.45 
     ]
Overfull \vbox (6.78236pt too high) has occurred while \output is active []


[14] (literature_table_gas.tex))
Overfull \vbox (6.78236pt too high) has occurred while \output is active []


[15pdfTeX warning (ext4): destination with the same identifier (name{table.4}) 
has been already used, duplicate ignored

\AtBegShi@Output ...ipout \box \AtBeginShipoutBox 
                                                  \fi \fi 
l.156 \newpage
              ] (methods.tex
Overfull \vbox (6.78236pt too high) has occurred while \output is active []


[16] <"../../Plots/RNN".png, id=636, 844.65562pt x 570.63188pt>
File: "../../Plots/RNN".png Graphic file (type png)

<use "../../Plots/RNN".png>
Package pdftex.def Info: "../../Plots/RNN".png used on input line 14.
(pdftex.def)             Requested size: 352.8155pt x 238.35768pt.

<"../../Plots/elman".png, id=637, 1022.31938pt x 746.03719pt>
File: "../../Plots/elman".png Graphic file (type png)

<use "../../Plots/elman".png>
Package pdftex.def Info: "../../Plots/elman".png used on input line 20.
(pdftex.def)             Requested size: 352.8155pt x 257.46278pt.

Overfull \vbox (6.78236pt too high) has occurred while \output is active []


[17pdfTeX warning (ext4): destination with the same identifier (name{figure.3})
 has been already used, duplicate ignored

\AtBegShi@Output ...ipout \box \AtBeginShipoutBox 
                                                  \fi \fi 
l.36 \begin{align*}
                    <../../Plots/RNN.png>]
Overfull \vbox (6.78236pt too high) has occurred while \output is active []


[18pdfTeX warning (ext4): destination with the same identifier (name{figure.4})
 has been already used, duplicate ignored

\AtBegShi@Output ...ipout \box \AtBeginShipoutBox 
                                                  \fi \fi 
l.45 
      <../../Plots/elman.png>]
<"../../Plots/lstm".png, id=655, 1022.31938pt x 746.79pt>
File: "../../Plots/lstm".png Graphic file (type png)

<use "../../Plots/lstm".png>
Package pdftex.def Info: "../../Plots/lstm".png used on input line 54.
(pdftex.def)             Requested size: 352.8155pt x 257.72258pt.
)
Overfull \vbox (6.78236pt too high) has occurred while \output is active []


[19] (data.tex
Overfull \vbox (6.78236pt too high) has occurred while \output is active []


[20pdfTeX warning (ext4): destination with the same identifier (name{figure.5})
 has been already used, duplicate ignored

\AtBegShi@Output ...ipout \box \AtBeginShipoutBox 
                                                  \fi \fi 
l.6 
     <../../Plots/lstm.png>]
<"../../Plots/ttf_monthly_level_2016_02".png, id=668, 586.1097pt x 359.9046pt>
File: "../../Plots/ttf_monthly_level_2016_02".png Graphic file (type png)

<use "../../Plots/ttf_monthly_level_2016_02".png>
Package pdftex.def Info: "../../Plots/ttf_monthly_level_2016_02".png used on in
put line 11.
(pdftex.def)             Requested size: 352.8155pt x 216.65285pt.

<"../../Plots/ttf_fm_level".png, id=669, 586.1097pt x 359.9046pt>
File: "../../Plots/ttf_fm_level".png Graphic file (type png)

<use "../../Plots/ttf_fm_level".png>
Package pdftex.def Info: "../../Plots/ttf_fm_level".png used on input line 19.
(pdftex.def)             Requested size: 352.8155pt x 216.65285pt.

<"../../Plots/acf_ttf_fm_level".png, id=670, 586.1097pt x 359.9046pt>
File: "../../Plots/acf_ttf_fm_level".png Graphic file (type png)

<use "../../Plots/acf_ttf_fm_level".png>
Package pdftex.def Info: "../../Plots/acf_ttf_fm_level".png used on input line 
26.
(pdftex.def)             Requested size: 352.8155pt x 216.65285pt.

<"../../Plots/pacf_ttf_fm_level".png, id=671, 586.1097pt x 359.9046pt>
File: "../../Plots/pacf_ttf_fm_level".png Graphic file (type png)

<use "../../Plots/pacf_ttf_fm_level".png>
Package pdftex.def Info: "../../Plots/pacf_ttf_fm_level".png used on input line
 32.
(pdftex.def)             Requested size: 352.8155pt x 216.65285pt.

Overfull \vbox (6.78236pt too high) has occurred while \output is active []


[21pdfTeX warning (ext4): destination with the same identifier (name{figure.6})
 has been already used, duplicate ignored

\AtBegShi@Output ...ipout \box \AtBeginShipoutBox 
                                                  \fi \fi 
l.40 \item[NBP Front Month:]
                             <../../Plots/ttf_monthly_level_2016_02.png>]
Overfull \vbox (6.78236pt too high) has occurred while \output is active []


[22pdfTeX warning (ext4): destination with the same identifier (name{figure.7})
 has been already used, duplicate ignored

\AtBegShi@Output ...ipout \box \AtBeginShipoutBox 
                                                  \fi \fi 
l.40 \item[NBP Front Month:]
                            pdfTeX warning (ext4): destination with the same id
entifier (name{figure.8}) has been already used, duplicate ignored

\AtBegShi@Output ...ipout \box \AtBeginShipoutBox 
                                                  \fi \fi 
l.40 \item[NBP Front Month:]
                             <../../Plots/ttf_fm_level.png> <../../Plots/acf_tt
f_fm_level.png>])
Overfull \vbox (6.78236pt too high) has occurred while \output is active []


[23pdfTeX warning (ext4): destination with the same identifier (name{figure.9})
 has been already used, duplicate ignored

\AtBegShi@Output ...ipout \box \AtBeginShipoutBox 
                                                  \fi \fi 
l.160 \newpage
               <../../Plots/pacf_ttf_fm_level.png>]
Overfull \vbox (6.78236pt too high) has occurred while \output is active []


[24] (results.tex
LaTeX Font Info:    Try loading font information for OMS+cmr on input line 5.

("C:\Users\KoopmaCK\AppData\Local\Programs\MiKTeX 2.9\tex\latex\base\omscmr.fd"
File: omscmr.fd 2014/09/29 v2.5h Standard LaTeX font definitions
)
LaTeX Font Info:    Font shape `OMS/cmr/m/n' in size <10.95> not available
(Font)              Font shape `OMS/cmsy/m/n' tried instead on input line 5.

Overfull \vbox (6.78236pt too high) has occurred while \output is active []


[25]
Overfull \vbox (6.78236pt too high) has occurred while \output is active []


[26]
Overfull \vbox (6.78236pt too high) has occurred while \output is active []


[27]
Overfull \vbox (6.78236pt too high) has occurred while \output is active []


[28]) (conc.tex)
Overfull \vbox (6.78236pt too high) has occurred while \output is active []


[29] (thesis.bbl
Missing character: There is no Ã in font cmti10!
Missing character: There is no ­ in font cmti10!
Missing character: There is no â in font cmr10!
Missing character: There is no € in font cmr10!
Missing character: There is no “ in font cmr10!
Missing character: There is no â in font cmr10!
Missing character: There is no € in font cmr10!
Missing character: There is no “ in font cmr10!

Overfull \vbox (6.78236pt too high) has occurred while \output is active []


[30]
Missing character: There is no Ã in font cmcsc10!
Missing character: There is no ± in font cmcsc10!
Missing character: There is no Ã in font cmcsc10!
Missing character: There is no ­ in font cmcsc10!
Missing character: There is no Ã in font cmcsc10!
Missing character: There is no © in font cmcsc10!

Overfull \vbox (6.78236pt too high) has occurred while \output is active []


[31]
Missing character: There is no â in font cmr10!
Missing character: There is no € in font cmr10!
Missing character: There is no ” in font cmr10!

Overfull \vbox (6.78236pt too high) has occurred while \output is active []


[32]
Missing character: There is no Ã in font cmcsc10!
Missing character: There is no ­ in font cmcsc10!
Missing character: There is no Ã in font cmti10!
Missing character: There is no ¼ in font cmti10!

Overfull \vbox (6.78236pt too high) has occurred while \output is active []


[33]
Missing character: There is no Ã in font cmcsc10!
Missing character: There is no ± in font cmcsc10!
)
Overfull \vbox (6.78236pt too high) has occurred while \output is active []


[34] (app_figures.tex <graph.pdf, id=744, 361.35pt x 303.1325pt>
File: graph.pdf Graphic file (type pdf)

<use graph.pdf>
Package pdftex.def Info: graph.pdf used on input line 5.
(pdftex.def)             Requested size: 180.67456pt x 151.56587pt.
)
Overfull \vbox (6.78236pt too high) has occurred while \output is active []


[35pdfTeX warning (ext4): destination with the same identifier (name{figure.10}
) has been already used, duplicate ignored

\AtBegShi@Output ...ipout \box \AtBeginShipoutBox 
                                                  \fi \fi 
l.181 \newpage
               <./graph.pdf>] (app_tables.tex
(../tables/oil_ttf_level_corr_annual.tex)
(../tables/oil_ttf_return_corr_annual.tex)
(../tables/oil_ttf_return_corr_annual.tex) (../tables/mape_monthly.tex)
(../tables/mae_monthly.tex) (../tables/mse_monthly.tex)
(../tables/results_mean.tex))
Overfull \vbox (6.78236pt too high) has occurred while \output is active []


[36pdfTeX warning (ext4): destination with the same identifier (name{table.5}) 
has been already used, duplicate ignored

\AtBegShi@Output ...ipout \box \AtBeginShipoutBox 
                                                  \fi \fi 
l.190 \newpage
              pdfTeX warning (ext4): destination with the same identifier (name
{table.6}) has been already used, duplicate ignored

\AtBegShi@Output ...ipout \box \AtBeginShipoutBox 
                                                  \fi \fi 
l.190 \newpage
              ] (authorship.tex)
Package atveryend Info: Empty hook `BeforeClearDocument' on input line 195.
 [37pdfTeX warning (ext4): destination with the same identifier (name{table.7})
 has been already used, duplicate ignored

\AtBegShi@Output ...ipout \box \AtBeginShipoutBox 
                                                  \fi \fi 
l.195 \end{document}
                    ]
Overfull \vbox (6.78236pt too high) has occurred while \output is active []


[38pdfTeX warning (ext4): destination with the same identifier (name{table.8}) 
has been already used, duplicate ignored

\AtBegShi@Output ...ipout \box \AtBeginShipoutBox 
                                                  \fi \fi 
l.195 \end{document}
                    ]
Overfull \vbox (6.78236pt too high) has occurred while \output is active []


[39pdfTeX warning (ext4): destination with the same identifier (name{table.9}) 
has been already used, duplicate ignored

\AtBegShi@Output ...ipout \box \AtBeginShipoutBox 
                                                  \fi \fi 
l.195 \end{document}
                    ]
Overfull \vbox (6.78236pt too high) has occurred while \output is active []


[40pdfTeX warning (ext4): destination with the same identifier (name{table.10})
 has been already used, duplicate ignored

\AtBegShi@Output ...ipout \box \AtBeginShipoutBox 
                                                  \fi \fi 
l.195 \end{document}
                    ]
Overfull \vbox (6.78236pt too high) has occurred while \output is active []


[41pdfTeX warning (ext4): destination with the same identifier (name{table.11})
 has been already used, duplicate ignored

\AtBegShi@Output ...ipout \box \AtBeginShipoutBox 
                                                  \fi \fi 
l.195 \end{document}
                    ]
Package atveryend Info: Empty hook `AfterLastShipout' on input line 195.
 (thesis.aux)
Package atveryend Info: Executing hook `AtVeryEndDocument' on input line 195.
Package atveryend Info: Executing hook `AtEndAfterFileList' on input line 195.
Package rerunfilecheck Info: File `thesis.out' has not changed.
(rerunfilecheck)             Checksum: 0EAEA4EDDDC7DD3FC834C0D176A53886;2629.


LaTeX Warning: There were multiply-defined labels.

Package atveryend Info: Empty hook `AtVeryVeryEnd' on input line 195.
 ) 
Here is how much of TeX's memory you used:
 8139 strings out of 493323
 123513 string characters out of 3128714
 233655 words of memory out of 3000000
 11310 multiletter control sequences out of 15000+200000
 10806 words of font info for 40 fonts, out of 3000000 for 9000
 1141 hyphenation exceptions out of 8191
 36i,10n,38p,2420b,518s stack positions out of 5000i,500n,10000p,200000b,50000s
<C:/Users/KoopmaCK/AppData/Local/Programs/MiKTeX 2.9/fonts/type1/public/amsfo
nts/cm/cmbx10.pfb><C:/Users/KoopmaCK/AppData/Local/Programs/MiKTeX 2.9/fonts/ty
pe1/public/amsfonts/cm/cmbx12.pfb><C:/Users/KoopmaCK/AppData/Local/Programs/MiK
TeX 2.9/fonts/type1/public/amsfonts/cm/cmcsc10.pfb><C:/Users/KoopmaCK/AppData/L
ocal/Programs/MiKTeX 2.9/fonts/type1/public/amsfonts/cm/cmex10.pfb><C:/Users/Ko
opmaCK/AppData/Local/Programs/MiKTeX 2.9/fonts/type1/public/amsfonts/cm/cmmi10.
pfb><C:/Users/KoopmaCK/AppData/Local/Programs/MiKTeX 2.9/fonts/type1/public/ams
fonts/cm/cmmi6.pfb><C:/Users/KoopmaCK/AppData/Local/Programs/MiKTeX 2.9/fonts/t
ype1/public/amsfonts/cm/cmmi8.pfb><C:/Users/KoopmaCK/AppData/Local/Programs/MiK
TeX 2.9/fonts/type1/public/amsfonts/cm/cmr10.pfb><C:/Users/KoopmaCK/AppData/Loc
al/Programs/MiKTeX 2.9/fonts/type1/public/amsfonts/cm/cmr6.pfb><C:/Users/Koopma
CK/AppData/Local/Programs/MiKTeX 2.9/fonts/type1/public/amsfonts/cm/cmr8.pfb><C
:/Users/KoopmaCK/AppData/Local/Programs/MiKTeX 2.9/fonts/type1/public/amsfonts/
cm/cmsy10.pfb><C:/Users/KoopmaCK/AppData/Local/Programs/MiKTeX 2.9/fonts/type1/
public/amsfonts/cm/cmsy6.pfb><C:/Users/KoopmaCK/AppData/Local/Programs/MiKTeX 2
.9/fonts/type1/public/amsfonts/cm/cmsy8.pfb><C:/Users/KoopmaCK/AppData/Local/Pr
ograms/MiKTeX 2.9/fonts/type1/public/amsfonts/cm/cmti10.pfb>
Output written on thesis.pdf (49 pages, 935783 bytes).
PDF statistics:
 868 PDF objects out of 1000 (max. 8388607)
 191 named destinations out of 1000 (max. 500000)
 387 words of extra memory for PDF output out of 10000 (max. 10000000)

