This is pdfTeX, Version 3.14159265-2.6-1.40.18 (MiKTeX 2.9.6350 64-bit) (preloaded format=pdflatex 2017.7.4)  21 NOV 2017 17:27
entering extended mode
**./thesis.tex
(thesis.tex
LaTeX2e <2017-04-15>
Babel <3.10> and hyphenation patterns for 75 language(s) loaded.
(ociamthesis.cls
Document Class: ociamthesis 2010/11/22 v2.2 OCIAM thesis class
("C:\Users\KoopmaCK\AppData\Local\Programs\MiKTeX 2.9\tex\latex\base\report.cls
"
Document Class: report 2014/09/29 v1.4h Standard LaTeX document class
("C:\Users\KoopmaCK\AppData\Local\Programs\MiKTeX 2.9\tex\latex\base\size12.clo
"
File: size12.clo 2014/09/29 v1.4h Standard LaTeX file (size option)
)
\c@part=\count79
\c@chapter=\count80
\c@section=\count81
\c@subsection=\count82
\c@subsubsection=\count83
\c@paragraph=\count84
\c@subparagraph=\count85
\c@figure=\count86
\c@table=\count87
\abovecaptionskip=\skip41
\belowcaptionskip=\skip42
\bibindent=\dimen102
)
("C:\Users\KoopmaCK\AppData\Local\Programs\MiKTeX 2.9\tex\latex\graphics\graphi
cx.sty"
Package: graphicx 2014/10/28 v1.0g Enhanced LaTeX Graphics (DPC,SPQR)

("C:\Users\KoopmaCK\AppData\Local\Programs\MiKTeX 2.9\tex\latex\graphics\keyval
.sty"
Package: keyval 2014/10/28 v1.15 key=value parser (DPC)
\KV@toks@=\toks14
)
("C:\Users\KoopmaCK\AppData\Local\Programs\MiKTeX 2.9\tex\latex\graphics\graphi
cs.sty"
Package: graphics 2017/04/14 v1.1b Standard LaTeX Graphics (DPC,SPQR)

("C:\Users\KoopmaCK\AppData\Local\Programs\MiKTeX 2.9\tex\latex\graphics\trig.s
ty"
Package: trig 2016/01/03 v1.10 sin cos tan (DPC)
)
("C:\Users\KoopmaCK\AppData\Local\Programs\MiKTeX 2.9\tex\latex\graphics-cfg\gr
aphics.cfg"
File: graphics.cfg 2016/06/04 v1.11 sample graphics configuration
)
Package graphics Info: Driver file: pdftex.def on input line 99.

("C:\Users\KoopmaCK\AppData\Local\Programs\MiKTeX 2.9\tex\latex\graphics-def\pd
ftex.def"
File: pdftex.def 2017/01/12 v0.06k Graphics/color for pdfTeX

("C:\Users\KoopmaCK\AppData\Local\Programs\MiKTeX 2.9\tex\generic\oberdiek\infw
arerr.sty"
Package: infwarerr 2016/05/16 v1.4 Providing info/warning/error messages (HO)
)
("C:\Users\KoopmaCK\AppData\Local\Programs\MiKTeX 2.9\tex\generic\oberdiek\ltxc
mds.sty"
Package: ltxcmds 2016/05/16 v1.23 LaTeX kernel commands for general use (HO)
)
\Gread@gobject=\count88
))
\Gin@req@height=\dimen103
\Gin@req@width=\dimen104
)
("C:\Users\KoopmaCK\AppData\Local\Programs\MiKTeX 2.9\tex\latex\base\ifthen.sty
"
Package: ifthen 2014/09/29 v1.1c Standard LaTeX ifthen package (DPC)
))
("C:\Users\KoopmaCK\AppData\Local\Programs\MiKTeX 2.9\tex\latex\psnfss\times.st
y"
Package: times 2005/04/12 PSNFSS-v9.2a (SPQR) 
)
("C:\Users\KoopmaCK\AppData\Local\Programs\MiKTeX 2.9\tex\latex\base\inputenc.s
ty"
Package: inputenc 2015/03/17 v1.2c Input encoding file
\inpenc@prehook=\toks15
\inpenc@posthook=\toks16

("C:\Users\KoopmaCK\AppData\Local\Programs\MiKTeX 2.9\tex\latex\base\utf8.def"
File: utf8.def 2017/01/28 v1.1t UTF-8 support for inputenc
Now handling font encoding OML ...
... no UTF-8 mapping file for font encoding OML
Now handling font encoding T1 ...
... processing UTF-8 mapping file for font encoding T1

("C:\Users\KoopmaCK\AppData\Local\Programs\MiKTeX 2.9\tex\latex\base\t1enc.dfu"
File: t1enc.dfu 2017/01/28 v1.1t UTF-8 support for inputenc
   defining Unicode char U+00A0 (decimal 160)
   defining Unicode char U+00A1 (decimal 161)
   defining Unicode char U+00A3 (decimal 163)
   defining Unicode char U+00AB (decimal 171)
   defining Unicode char U+00AD (decimal 173)
   defining Unicode char U+00BB (decimal 187)
   defining Unicode char U+00BF (decimal 191)
   defining Unicode char U+00C0 (decimal 192)
   defining Unicode char U+00C1 (decimal 193)
   defining Unicode char U+00C2 (decimal 194)
   defining Unicode char U+00C3 (decimal 195)
   defining Unicode char U+00C4 (decimal 196)
   defining Unicode char U+00C5 (decimal 197)
   defining Unicode char U+00C6 (decimal 198)
   defining Unicode char U+00C7 (decimal 199)
   defining Unicode char U+00C8 (decimal 200)
   defining Unicode char U+00C9 (decimal 201)
   defining Unicode char U+00CA (decimal 202)
   defining Unicode char U+00CB (decimal 203)
   defining Unicode char U+00CC (decimal 204)
   defining Unicode char U+00CD (decimal 205)
   defining Unicode char U+00CE (decimal 206)
   defining Unicode char U+00CF (decimal 207)
   defining Unicode char U+00D0 (decimal 208)
   defining Unicode char U+00D1 (decimal 209)
   defining Unicode char U+00D2 (decimal 210)
   defining Unicode char U+00D3 (decimal 211)
   defining Unicode char U+00D4 (decimal 212)
   defining Unicode char U+00D5 (decimal 213)
   defining Unicode char U+00D6 (decimal 214)
   defining Unicode char U+00D8 (decimal 216)
   defining Unicode char U+00D9 (decimal 217)
   defining Unicode char U+00DA (decimal 218)
   defining Unicode char U+00DB (decimal 219)
   defining Unicode char U+00DC (decimal 220)
   defining Unicode char U+00DD (decimal 221)
   defining Unicode char U+00DE (decimal 222)
   defining Unicode char U+00DF (decimal 223)
   defining Unicode char U+00E0 (decimal 224)
   defining Unicode char U+00E1 (decimal 225)
   defining Unicode char U+00E2 (decimal 226)
   defining Unicode char U+00E3 (decimal 227)
   defining Unicode char U+00E4 (decimal 228)
   defining Unicode char U+00E5 (decimal 229)
   defining Unicode char U+00E6 (decimal 230)
   defining Unicode char U+00E7 (decimal 231)
   defining Unicode char U+00E8 (decimal 232)
   defining Unicode char U+00E9 (decimal 233)
   defining Unicode char U+00EA (decimal 234)
   defining Unicode char U+00EB (decimal 235)
   defining Unicode char U+00EC (decimal 236)
   defining Unicode char U+00ED (decimal 237)
   defining Unicode char U+00EE (decimal 238)
   defining Unicode char U+00EF (decimal 239)
   defining Unicode char U+00F0 (decimal 240)
   defining Unicode char U+00F1 (decimal 241)
   defining Unicode char U+00F2 (decimal 242)
   defining Unicode char U+00F3 (decimal 243)
   defining Unicode char U+00F4 (decimal 244)
   defining Unicode char U+00F5 (decimal 245)
   defining Unicode char U+00F6 (decimal 246)
   defining Unicode char U+00F8 (decimal 248)
   defining Unicode char U+00F9 (decimal 249)
   defining Unicode char U+00FA (decimal 250)
   defining Unicode char U+00FB (decimal 251)
   defining Unicode char U+00FC (decimal 252)
   defining Unicode char U+00FD (decimal 253)
   defining Unicode char U+00FE (decimal 254)
   defining Unicode char U+00FF (decimal 255)
   defining Unicode char U+0100 (decimal 256)
   defining Unicode char U+0101 (decimal 257)
   defining Unicode char U+0102 (decimal 258)
   defining Unicode char U+0103 (decimal 259)
   defining Unicode char U+0104 (decimal 260)
   defining Unicode char U+0105 (decimal 261)
   defining Unicode char U+0106 (decimal 262)
   defining Unicode char U+0107 (decimal 263)
   defining Unicode char U+0108 (decimal 264)
   defining Unicode char U+0109 (decimal 265)
   defining Unicode char U+010A (decimal 266)
   defining Unicode char U+010B (decimal 267)
   defining Unicode char U+010C (decimal 268)
   defining Unicode char U+010D (decimal 269)
   defining Unicode char U+010E (decimal 270)
   defining Unicode char U+010F (decimal 271)
   defining Unicode char U+0110 (decimal 272)
   defining Unicode char U+0111 (decimal 273)
   defining Unicode char U+0112 (decimal 274)
   defining Unicode char U+0113 (decimal 275)
   defining Unicode char U+0114 (decimal 276)
   defining Unicode char U+0115 (decimal 277)
   defining Unicode char U+0116 (decimal 278)
   defining Unicode char U+0117 (decimal 279)
   defining Unicode char U+0118 (decimal 280)
   defining Unicode char U+0119 (decimal 281)
   defining Unicode char U+011A (decimal 282)
   defining Unicode char U+011B (decimal 283)
   defining Unicode char U+011C (decimal 284)
   defining Unicode char U+011D (decimal 285)
   defining Unicode char U+011E (decimal 286)
   defining Unicode char U+011F (decimal 287)
   defining Unicode char U+0120 (decimal 288)
   defining Unicode char U+0121 (decimal 289)
   defining Unicode char U+0122 (decimal 290)
   defining Unicode char U+0123 (decimal 291)
   defining Unicode char U+0124 (decimal 292)
   defining Unicode char U+0125 (decimal 293)
   defining Unicode char U+0128 (decimal 296)
   defining Unicode char U+0129 (decimal 297)
   defining Unicode char U+012A (decimal 298)
   defining Unicode char U+012B (decimal 299)
   defining Unicode char U+012C (decimal 300)
   defining Unicode char U+012D (decimal 301)
   defining Unicode char U+012E (decimal 302)
   defining Unicode char U+012F (decimal 303)
   defining Unicode char U+0130 (decimal 304)
   defining Unicode char U+0131 (decimal 305)
   defining Unicode char U+0132 (decimal 306)
   defining Unicode char U+0133 (decimal 307)
   defining Unicode char U+0134 (decimal 308)
   defining Unicode char U+0135 (decimal 309)
   defining Unicode char U+0136 (decimal 310)
   defining Unicode char U+0137 (decimal 311)
   defining Unicode char U+0139 (decimal 313)
   defining Unicode char U+013A (decimal 314)
   defining Unicode char U+013B (decimal 315)
   defining Unicode char U+013C (decimal 316)
   defining Unicode char U+013D (decimal 317)
   defining Unicode char U+013E (decimal 318)
   defining Unicode char U+0141 (decimal 321)
   defining Unicode char U+0142 (decimal 322)
   defining Unicode char U+0143 (decimal 323)
   defining Unicode char U+0144 (decimal 324)
   defining Unicode char U+0145 (decimal 325)
   defining Unicode char U+0146 (decimal 326)
   defining Unicode char U+0147 (decimal 327)
   defining Unicode char U+0148 (decimal 328)
   defining Unicode char U+014A (decimal 330)
   defining Unicode char U+014B (decimal 331)
   defining Unicode char U+014C (decimal 332)
   defining Unicode char U+014D (decimal 333)
   defining Unicode char U+014E (decimal 334)
   defining Unicode char U+014F (decimal 335)
   defining Unicode char U+0150 (decimal 336)
   defining Unicode char U+0151 (decimal 337)
   defining Unicode char U+0152 (decimal 338)
   defining Unicode char U+0153 (decimal 339)
   defining Unicode char U+0154 (decimal 340)
   defining Unicode char U+0155 (decimal 341)
   defining Unicode char U+0156 (decimal 342)
   defining Unicode char U+0157 (decimal 343)
   defining Unicode char U+0158 (decimal 344)
   defining Unicode char U+0159 (decimal 345)
   defining Unicode char U+015A (decimal 346)
   defining Unicode char U+015B (decimal 347)
   defining Unicode char U+015C (decimal 348)
   defining Unicode char U+015D (decimal 349)
   defining Unicode char U+015E (decimal 350)
   defining Unicode char U+015F (decimal 351)
   defining Unicode char U+0160 (decimal 352)
   defining Unicode char U+0161 (decimal 353)
   defining Unicode char U+0162 (decimal 354)
   defining Unicode char U+0163 (decimal 355)
   defining Unicode char U+0164 (decimal 356)
   defining Unicode char U+0165 (decimal 357)
   defining Unicode char U+0168 (decimal 360)
   defining Unicode char U+0169 (decimal 361)
   defining Unicode char U+016A (decimal 362)
   defining Unicode char U+016B (decimal 363)
   defining Unicode char U+016C (decimal 364)
   defining Unicode char U+016D (decimal 365)
   defining Unicode char U+016E (decimal 366)
   defining Unicode char U+016F (decimal 367)
   defining Unicode char U+0170 (decimal 368)
   defining Unicode char U+0171 (decimal 369)
   defining Unicode char U+0172 (decimal 370)
   defining Unicode char U+0173 (decimal 371)
   defining Unicode char U+0174 (decimal 372)
   defining Unicode char U+0175 (decimal 373)
   defining Unicode char U+0176 (decimal 374)
   defining Unicode char U+0177 (decimal 375)
   defining Unicode char U+0178 (decimal 376)
   defining Unicode char U+0179 (decimal 377)
   defining Unicode char U+017A (decimal 378)
   defining Unicode char U+017B (decimal 379)
   defining Unicode char U+017C (decimal 380)
   defining Unicode char U+017D (decimal 381)
   defining Unicode char U+017E (decimal 382)
   defining Unicode char U+01CD (decimal 461)
   defining Unicode char U+01CE (decimal 462)
   defining Unicode char U+01CF (decimal 463)
   defining Unicode char U+01D0 (decimal 464)
   defining Unicode char U+01D1 (decimal 465)
   defining Unicode char U+01D2 (decimal 466)
   defining Unicode char U+01D3 (decimal 467)
   defining Unicode char U+01D4 (decimal 468)
   defining Unicode char U+01E2 (decimal 482)
   defining Unicode char U+01E3 (decimal 483)
   defining Unicode char U+01E6 (decimal 486)
   defining Unicode char U+01E7 (decimal 487)
   defining Unicode char U+01E8 (decimal 488)
   defining Unicode char U+01E9 (decimal 489)
   defining Unicode char U+01EA (decimal 490)
   defining Unicode char U+01EB (decimal 491)
   defining Unicode char U+01F0 (decimal 496)
   defining Unicode char U+01F4 (decimal 500)
   defining Unicode char U+01F5 (decimal 501)
   defining Unicode char U+0218 (decimal 536)
   defining Unicode char U+0219 (decimal 537)
   defining Unicode char U+021A (decimal 538)
   defining Unicode char U+021B (decimal 539)
   defining Unicode char U+0232 (decimal 562)
   defining Unicode char U+0233 (decimal 563)
   defining Unicode char U+1E02 (decimal 7682)
   defining Unicode char U+1E03 (decimal 7683)
   defining Unicode char U+200C (decimal 8204)
   defining Unicode char U+2010 (decimal 8208)
   defining Unicode char U+2011 (decimal 8209)
   defining Unicode char U+2012 (decimal 8210)
   defining Unicode char U+2013 (decimal 8211)
   defining Unicode char U+2014 (decimal 8212)
   defining Unicode char U+2015 (decimal 8213)
   defining Unicode char U+2018 (decimal 8216)
   defining Unicode char U+2019 (decimal 8217)
   defining Unicode char U+201A (decimal 8218)
   defining Unicode char U+201C (decimal 8220)
   defining Unicode char U+201D (decimal 8221)
   defining Unicode char U+201E (decimal 8222)
   defining Unicode char U+2030 (decimal 8240)
   defining Unicode char U+2031 (decimal 8241)
   defining Unicode char U+2039 (decimal 8249)
   defining Unicode char U+203A (decimal 8250)
   defining Unicode char U+2423 (decimal 9251)
   defining Unicode char U+1E20 (decimal 7712)
   defining Unicode char U+1E21 (decimal 7713)
)
Now handling font encoding OT1 ...
... processing UTF-8 mapping file for font encoding OT1

("C:\Users\KoopmaCK\AppData\Local\Programs\MiKTeX 2.9\tex\latex\base\ot1enc.dfu
"
File: ot1enc.dfu 2017/01/28 v1.1t UTF-8 support for inputenc
   defining Unicode char U+00A0 (decimal 160)
   defining Unicode char U+00A1 (decimal 161)
   defining Unicode char U+00A3 (decimal 163)
   defining Unicode char U+00AD (decimal 173)
   defining Unicode char U+00B8 (decimal 184)
   defining Unicode char U+00BF (decimal 191)
   defining Unicode char U+00C5 (decimal 197)
   defining Unicode char U+00C6 (decimal 198)
   defining Unicode char U+00D8 (decimal 216)
   defining Unicode char U+00DF (decimal 223)
   defining Unicode char U+00E6 (decimal 230)
   defining Unicode char U+00EC (decimal 236)
   defining Unicode char U+00ED (decimal 237)
   defining Unicode char U+00EE (decimal 238)
   defining Unicode char U+00EF (decimal 239)
   defining Unicode char U+00F8 (decimal 248)
   defining Unicode char U+0131 (decimal 305)
   defining Unicode char U+0141 (decimal 321)
   defining Unicode char U+0142 (decimal 322)
   defining Unicode char U+0152 (decimal 338)
   defining Unicode char U+0153 (decimal 339)
   defining Unicode char U+0174 (decimal 372)
   defining Unicode char U+0175 (decimal 373)
   defining Unicode char U+0176 (decimal 374)
   defining Unicode char U+0177 (decimal 375)
   defining Unicode char U+0218 (decimal 536)
   defining Unicode char U+0219 (decimal 537)
   defining Unicode char U+021A (decimal 538)
   defining Unicode char U+021B (decimal 539)
   defining Unicode char U+2013 (decimal 8211)
   defining Unicode char U+2014 (decimal 8212)
   defining Unicode char U+2018 (decimal 8216)
   defining Unicode char U+2019 (decimal 8217)
   defining Unicode char U+201C (decimal 8220)
   defining Unicode char U+201D (decimal 8221)
)
Now handling font encoding OMS ...
... processing UTF-8 mapping file for font encoding OMS

("C:\Users\KoopmaCK\AppData\Local\Programs\MiKTeX 2.9\tex\latex\base\omsenc.dfu
"
File: omsenc.dfu 2017/01/28 v1.1t UTF-8 support for inputenc
   defining Unicode char U+00A7 (decimal 167)
   defining Unicode char U+00B6 (decimal 182)
   defining Unicode char U+00B7 (decimal 183)
   defining Unicode char U+2020 (decimal 8224)
   defining Unicode char U+2021 (decimal 8225)
   defining Unicode char U+2022 (decimal 8226)
)
Now handling font encoding OMX ...
... no UTF-8 mapping file for font encoding OMX
Now handling font encoding U ...
... no UTF-8 mapping file for font encoding U
   defining Unicode char U+00A9 (decimal 169)
   defining Unicode char U+00AA (decimal 170)
   defining Unicode char U+00AE (decimal 174)
   defining Unicode char U+00BA (decimal 186)
   defining Unicode char U+02C6 (decimal 710)
   defining Unicode char U+02DC (decimal 732)
   defining Unicode char U+200C (decimal 8204)
   defining Unicode char U+2026 (decimal 8230)
   defining Unicode char U+2122 (decimal 8482)
   defining Unicode char U+2423 (decimal 9251)
))
("C:\Users\KoopmaCK\AppData\Local\Programs\MiKTeX 2.9\tex\latex\graphics\color.
sty"
Package: color 2016/07/10 v1.1e Standard LaTeX Color (DPC)

("C:\Users\KoopmaCK\AppData\Local\Programs\MiKTeX 2.9\tex\latex\graphics-cfg\co
lor.cfg"
File: color.cfg 2016/01/02 v1.6 sample color configuration
)
Package color Info: Driver file: pdftex.def on input line 147.
)
("C:\Users\KoopmaCK\AppData\Local\Programs\MiKTeX 2.9\tex\latex\geometry\geomet
ry.sty"
Package: geometry 2010/09/12 v5.6 Page Geometry

("C:\Users\KoopmaCK\AppData\Local\Programs\MiKTeX 2.9\tex\generic\oberdiek\ifpd
f.sty"
Package: ifpdf 2017/03/15 v3.2 Provides the ifpdf switch
)
("C:\Users\KoopmaCK\AppData\Local\Programs\MiKTeX 2.9\tex\generic\oberdiek\ifvt
ex.sty"
Package: ifvtex 2016/05/16 v1.6 Detect VTeX and its facilities (HO)
Package ifvtex Info: VTeX not detected.
)
("C:\Users\KoopmaCK\AppData\Local\Programs\MiKTeX 2.9\tex\generic\ifxetex\ifxet
ex.sty"
Package: ifxetex 2010/09/12 v0.6 Provides ifxetex conditional
)
\Gm@cnth=\count89
\Gm@cntv=\count90
\c@Gm@tempcnt=\count91
\Gm@bindingoffset=\dimen105
\Gm@wd@mp=\dimen106
\Gm@odd@mp=\dimen107
\Gm@even@mp=\dimen108
\Gm@layoutwidth=\dimen109
\Gm@layoutheight=\dimen110
\Gm@layouthoffset=\dimen111
\Gm@layoutvoffset=\dimen112
\Gm@dimlist=\toks17

("C:\Users\KoopmaCK\AppData\Local\Programs\MiKTeX 2.9\tex\latex\geometry\geomet
ry.cfg"))
("C:\Users\KoopmaCK\AppData\Local\Programs\MiKTeX 2.9\tex\latex\placeins\placei
ns.sty"
Package: placeins 2005/04/18  v 2.2
)
("C:\Users\KoopmaCK\AppData\Local\Programs\MiKTeX 2.9\tex\latex\marginnote\marg
innote.sty"
Package: marginnote 2017/04/22 v1.2b non floating margin notes for LaTeX
\c@mn@abspage=\count92
)
("C:\Users\KoopmaCK\AppData\Local\Programs\MiKTeX 2.9\tex\latex\epigraph\epigra
ph.sty"
Package: epigraph 2009/09/02 v1.5c typesetting epigraphs
\beforeepigraphskip=\skip43
\afterepigraphskip=\skip44
\epigraphwidth=\skip45
\epigraphrule=\skip46
)
("C:\Users\KoopmaCK\AppData\Local\Programs\MiKTeX 2.9\tex\latex\soul\soul.sty"
Package: soul 2003/11/17 v2.4 letterspacing/underlining (mf)
\SOUL@word=\toks18
\SOUL@lasttoken=\toks19
\SOUL@cmds=\toks20
\SOUL@buffer=\toks21
\SOUL@token=\toks22
\SOUL@spaceskip=\skip47
\SOUL@ttwidth=\dimen113
\SOUL@uldp=\dimen114
\SOUL@ulht=\dimen115
)
("C:\Users\KoopmaCK\AppData\Local\Programs\MiKTeX 2.9\tex\latex\adjustbox\adjus
tbox.sty"
Package: adjustbox 2012/05/21 v1.0 Adjusting TeX boxes (trim, clip, ...)

("C:\Users\KoopmaCK\AppData\Local\Programs\MiKTeX 2.9\tex\latex\xkeyval\xkeyval
.sty"
Package: xkeyval 2014/12/03 v2.7a package option processing (HA)

("C:\Users\KoopmaCK\AppData\Local\Programs\MiKTeX 2.9\tex\generic\xkeyval\xkeyv
al.tex"
("C:\Users\KoopmaCK\AppData\Local\Programs\MiKTeX 2.9\tex\generic\xkeyval\xkvut
ils.tex"
\XKV@toks=\toks23
\XKV@tempa@toks=\toks24
)
\XKV@depth=\count93
File: xkeyval.tex 2014/12/03 v2.7a key=value parser (HA)
))
("C:\Users\KoopmaCK\AppData\Local\Programs\MiKTeX 2.9\tex\latex\adjustbox\adjca
lc.sty"
Package: adjcalc 2012/05/16 v1.1 Provides advanced setlength with multiple back
-ends (calc, etex, pgfmath)
)
("C:\Users\KoopmaCK\AppData\Local\Programs\MiKTeX 2.9\tex\latex\adjustbox\trimc
lip.sty"
Package: trimclip 2012/05/16 v1.0 Trim and clip general TeX material

("C:\Users\KoopmaCK\AppData\Local\Programs\MiKTeX 2.9\tex\latex\collectbox\coll
ectbox.sty"
Package: collectbox 2012/05/17 v0.4b Collect macro arguments as boxes
\collectedbox=\box26
)
\tc@llx=\dimen116
\tc@lly=\dimen117
\tc@urx=\dimen118
\tc@ury=\dimen119
Package trimclip Info: Using driver 'tc-pdftex.def'.

("C:\Users\KoopmaCK\AppData\Local\Programs\MiKTeX 2.9\tex\latex\adjustbox\tc-pd
ftex.def"
File: tc-pdftex.def 2012/05/13 v1.0 Clipping driver for pdftex
))
\adjbox@Width=\dimen120
\adjbox@Height=\dimen121
\adjbox@Depth=\dimen122
\adjbox@Totalheight=\dimen123

("C:\Users\KoopmaCK\AppData\Local\Programs\MiKTeX 2.9\tex\latex\ifoddpage\ifodd
page.sty"
Package: ifoddpage 2016/04/23 v1.1 Conditionals for odd/even page detection
\c@checkoddpage=\count94
)
("C:\Users\KoopmaCK\AppData\Local\Programs\MiKTeX 2.9\tex\latex\ltxmisc\varwidt
h.sty"
Package: varwidth 2009/03/30 ver 0.92;  Variable-width minipages
\@vwid@box=\box27
\sift@deathcycles=\count95
\@vwid@loff=\dimen124
\@vwid@roff=\dimen125
))
("C:\Users\KoopmaCK\AppData\Local\Programs\MiKTeX 2.9\tex\latex\eurosym\eurosym
.sty"
Package: eurosym 1998/08/06 v1.1 European currency symbol ``Euro''
\@eurobox=\box28
)
("C:\Users\KoopmaCK\AppData\Local\Programs\MiKTeX 2.9\tex\latex\tools\dcolumn.s
ty"
Package: dcolumn 2014/10/28 v1.06 decimal alignment package (DPC)

("C:\Users\KoopmaCK\AppData\Local\Programs\MiKTeX 2.9\tex\latex\tools\array.sty
"
Package: array 2016/10/06 v2.4d Tabular extension package (FMi)
\col@sep=\dimen126
\extrarowheight=\dimen127
\NC@list=\toks25
\extratabsurround=\skip48
\backup@length=\skip49
))
("C:\Users\KoopmaCK\AppData\Local\Programs\MiKTeX 2.9\tex\latex\graphics\rotati
ng.sty"
Package: rotating 2016/08/11 v2.16d rotated objects in LaTeX
\c@r@tfl@t=\count96
\rotFPtop=\skip50
\rotFPbot=\skip51
\rot@float@box=\box29
\rot@mess@toks=\toks26
)
("C:\Users\KoopmaCK\AppData\Local\Programs\MiKTeX 2.9\tex\latex\minitoc\minitoc
.sty"
Package: minitoc 2015/07/13 v61 Package minitoc

("C:\Users\KoopmaCK\AppData\Local\Programs\MiKTeX 2.9\tex\latex\minitoc\mtcmess
.sty"
Package: mtcmess 2006/03/14
)
Package minitoc Info: I0001
(minitoc)             *** minitoc package, version 61 ***.
\tf@mtc=\write3
\mtcindent=\skip52
\mtcskipamount=\skip53
Package minitoc Info: I0005
(minitoc)             compatible with hyperref.
Package minitoc Info: I0023
(minitoc)             part level macros available.
Package minitoc Info: I0003
(minitoc)             chapter level macros available.
\mtc@toks=\toks27
\mtc@strutbox=\box30
\mtc@hstrutbox=\box31
Package minitoc Info: I0002
(minitoc)             Autoconfiguration of extensions.
\openout3 = `thesis.mtc0'.

\openout3 = `thesis.mtc'.

 (thesis.mtc0)
Package minitoc Info: I0012
(minitoc)             Long extensions (Unix-like) will be used.
Package minitoc Info: I0031
(minitoc)             ==> this version is configured for UNIX-like 
(minitoc)                 (long extensions) file names.
\openout3 = `thesis.mtc'.

\openout3 = `thesis.mtc0'.

\c@mtc=\count97
\c@minitocdepth=\count98
\c@ptc=\count99
\c@parttocdepth=\count100
\ptcindent=\skip54
Package minitoc Info: I0010
(minitoc)             The english language is selected.
(minitoc)              on input line 4909.

("C:\Users\KoopmaCK\AppData\Local\Programs\MiKTeX 2.9\tex\latex\minitoc\english
.mld"
File: english.mld 2006/01/13
)
("C:\Users\KoopmaCK\AppData\Local\Programs\MiKTeX 2.9\tex\latex\minitoc\english
.mld"
File: english.mld 2006/01/13
))
("C:\Users\KoopmaCK\AppData\Local\Programs\MiKTeX 2.9\tex\latex\bbm\bbm.sty"
Package: bbm 1999/03/15 V 1.2 provides fonts for set symbols - TH
LaTeX Font Info:    Overwriting math alphabet `\mathbbm' in version `bold'
(Font)                  U/bbm/m/n --> U/bbm/bx/n on input line 33.
LaTeX Font Info:    Overwriting math alphabet `\mathbbmss' in version `bold'
(Font)                  U/bbmss/m/n --> U/bbmss/bx/n on input line 35.
)
("C:\Users\KoopmaCK\AppData\Local\Programs\MiKTeX 2.9\tex\latex\hyperref\hyperr
ef.sty"
Package: hyperref 2017/03/14 v6.85a Hypertext links for LaTeX

("C:\Users\KoopmaCK\AppData\Local\Programs\MiKTeX 2.9\tex\generic\oberdiek\hobs
ub-hyperref.sty"
Package: hobsub-hyperref 2016/05/16 v1.14 Bundle oberdiek, subset hyperref (HO)


("C:\Users\KoopmaCK\AppData\Local\Programs\MiKTeX 2.9\tex\generic\oberdiek\hobs
ub-generic.sty"
Package: hobsub-generic 2016/05/16 v1.14 Bundle oberdiek, subset generic (HO)
Package: hobsub 2016/05/16 v1.14 Construct package bundles (HO)
Package hobsub Info: Skipping package `infwarerr' (already loaded).
Package hobsub Info: Skipping package `ltxcmds' (already loaded).
Package: ifluatex 2016/05/16 v1.4 Provides the ifluatex switch (HO)
Package ifluatex Info: LuaTeX not detected.
Package hobsub Info: Skipping package `ifvtex' (already loaded).
Package: intcalc 2016/05/16 v1.2 Expandable calculations with integers (HO)
Package hobsub Info: Skipping package `ifpdf' (already loaded).
Package: etexcmds 2016/05/16 v1.6 Avoid name clashes with e-TeX commands (HO)
Package etexcmds Info: Could not find \expanded.
(etexcmds)             That can mean that you are not using pdfTeX 1.50 or
(etexcmds)             that some package has redefined \expanded.
(etexcmds)             In the latter case, load this package earlier.
Package: kvsetkeys 2016/05/16 v1.17 Key value parser (HO)
Package: kvdefinekeys 2016/05/16 v1.4 Define keys (HO)
Package: pdftexcmds 2017/03/19 v0.25 Utility functions of pdfTeX for LuaTeX (HO
)
Package pdftexcmds Info: LuaTeX not detected.
Package pdftexcmds Info: \pdf@primitive is available.
Package pdftexcmds Info: \pdf@ifprimitive is available.
Package pdftexcmds Info: \pdfdraftmode found.
Package: pdfescape 2016/05/16 v1.14 Implements pdfTeX's escape features (HO)
Package: bigintcalc 2016/05/16 v1.4 Expandable calculations on big integers (HO
)
Package: bitset 2016/05/16 v1.2 Handle bit-vector datatype (HO)
Package: uniquecounter 2016/05/16 v1.3 Provide unlimited unique counter (HO)
)
Package hobsub Info: Skipping package `hobsub' (already loaded).
Package: letltxmacro 2016/05/16 v1.5 Let assignment for LaTeX macros (HO)
Package: hopatch 2016/05/16 v1.3 Wrapper for package hooks (HO)
Package: xcolor-patch 2016/05/16 xcolor patch
Package: atveryend 2016/05/16 v1.9 Hooks at the very end of document (HO)
Package atveryend Info: \enddocument detected (standard20110627).
Package: atbegshi 2016/06/09 v1.18 At begin shipout hook (HO)
Package: refcount 2016/05/16 v3.5 Data extraction from label references (HO)
Package: hycolor 2016/05/16 v1.8 Color options for hyperref/bookmark (HO)
)
("C:\Users\KoopmaCK\AppData\Local\Programs\MiKTeX 2.9\tex\latex\oberdiek\auxhoo
k.sty"
Package: auxhook 2016/05/16 v1.4 Hooks for auxiliary files (HO)
)
("C:\Users\KoopmaCK\AppData\Local\Programs\MiKTeX 2.9\tex\latex\oberdiek\kvopti
ons.sty"
Package: kvoptions 2016/05/16 v3.12 Key value format for package options (HO)
)
\@linkdim=\dimen128
\Hy@linkcounter=\count101
\Hy@pagecounter=\count102

("C:\Users\KoopmaCK\AppData\Local\Programs\MiKTeX 2.9\tex\latex\hyperref\pd1enc
.def"
File: pd1enc.def 2017/03/14 v6.85a Hyperref: PDFDocEncoding definition (HO)
Now handling font encoding PD1 ...
... no UTF-8 mapping file for font encoding PD1
)
\Hy@SavedSpaceFactor=\count103

("C:\Users\KoopmaCK\AppData\Local\Programs\MiKTeX 2.9\tex\latex\00miktex\hyperr
ef.cfg"
File: hyperref.cfg 2002/06/06 v1.2 hyperref configuration of TeXLive
)
Package hyperref Info: Hyper figures OFF on input line 4498.
Package hyperref Info: Link nesting OFF on input line 4503.
Package hyperref Info: Hyper index ON on input line 4506.
Package hyperref Info: Plain pages OFF on input line 4513.
Package hyperref Info: Backreferencing OFF on input line 4518.
Package hyperref Info: Implicit mode ON; LaTeX internals redefined.
Package hyperref Info: Bookmarks ON on input line 4751.
\c@Hy@tempcnt=\count104

("C:\Users\KoopmaCK\AppData\Local\Programs\MiKTeX 2.9\tex\latex\url\url.sty"
\Urlmuskip=\muskip10
Package: url 2013/09/16  ver 3.4  Verb mode for urls, etc.
)
LaTeX Info: Redefining \url on input line 5104.
\XeTeXLinkMargin=\dimen129
\Fld@menulength=\count105
\Field@Width=\dimen130
\Fld@charsize=\dimen131
Package hyperref Info: Hyper figures OFF on input line 6358.
Package hyperref Info: Link nesting OFF on input line 6363.
Package hyperref Info: Hyper index ON on input line 6366.
Package hyperref Info: backreferencing OFF on input line 6373.
Package hyperref Info: Link coloring OFF on input line 6378.
Package hyperref Info: Link coloring with OCG OFF on input line 6383.
Package hyperref Info: PDF/A mode OFF on input line 6388.
LaTeX Info: Redefining \ref on input line 6428.
LaTeX Info: Redefining \pageref on input line 6432.
\Hy@abspage=\count106
\c@Item=\count107
\c@Hfootnote=\count108
)

Package hyperref Message: Driver (autodetected): hpdftex.


("C:\Users\KoopmaCK\AppData\Local\Programs\MiKTeX 2.9\tex\latex\hyperref\hpdfte
x.def"
File: hpdftex.def 2017/03/14 v6.85a Hyperref driver for pdfTeX
\Fld@listcount=\count109
\c@bookmark@seq@number=\count110

("C:\Users\KoopmaCK\AppData\Local\Programs\MiKTeX 2.9\tex\latex\oberdiek\rerunf
ilecheck.sty"
Package: rerunfilecheck 2016/05/16 v1.8 Rerun checks for auxiliary files (HO)
Package uniquecounter Info: New unique counter `rerunfilecheck' on input line 2
82.
)
\Hy@SectionHShift=\skip55
)
("C:\Users\KoopmaCK\AppData\Local\Programs\MiKTeX 2.9\tex\latex\natbib\natbib.s
ty"
Package: natbib 2010/09/13 8.31b (PWD, AO)
\bibhang=\skip56
\bibsep=\skip57
LaTeX Info: Redefining \cite on input line 694.
\c@NAT@ctr=\count111
)
("C:\Users\KoopmaCK\AppData\Local\Programs\MiKTeX 2.9\tex\latex\graphics\lscape
.sty"
Package: lscape 2000/10/22 v3.01 Landscape Pages (DPC)
)
("C:\Users\KoopmaCK\AppData\Local\Programs\MiKTeX 2.9\tex\latex\amsfonts\amssym
b.sty"
Package: amssymb 2013/01/14 v3.01 AMS font symbols

("C:\Users\KoopmaCK\AppData\Local\Programs\MiKTeX 2.9\tex\latex\amsfonts\amsfon
ts.sty"
Package: amsfonts 2013/01/14 v3.01 Basic AMSFonts support
\@emptytoks=\toks28
\symAMSa=\mathgroup4
\symAMSb=\mathgroup5
LaTeX Font Info:    Overwriting math alphabet `\mathfrak' in version `bold'
(Font)                  U/euf/m/n --> U/euf/b/n on input line 106.
))
("C:\Users\KoopmaCK\AppData\Local\Programs\MiKTeX 2.9\tex\latex\psnfss\pifont.s
ty"
Package: pifont 2005/04/12 PSNFSS-v9.2a Pi font support (SPQR) 
LaTeX Font Info:    Try loading font information for U+pzd on input line 63.

("C:\Users\KoopmaCK\AppData\Local\Programs\MiKTeX 2.9\tex\latex\psnfss\upzd.fd"
File: upzd.fd 2001/06/04 font definitions for U/pzd.
)
LaTeX Font Info:    Try loading font information for U+psy on input line 64.
 ("C:\Users\KoopmaCK\AppData\Local\Programs\MiKTeX 2.9\tex\latex\psnfss\upsy.fd
"
File: upsy.fd 2001/06/04 font definitions for U/psy.
))
("C:\Users\KoopmaCK\AppData\Local\Programs\MiKTeX 2.9\tex\latex\subfig\subfig.s
ty"
Package: subfig 2005/06/28 ver: 1.3 subfig package

("C:\Users\KoopmaCK\AppData\Local\Programs\MiKTeX 2.9\tex\latex\caption\caption
.sty"
Package: caption 2016/02/21 v3.3-144 Customizing captions (AR)

("C:\Users\KoopmaCK\AppData\Local\Programs\MiKTeX 2.9\tex\latex\caption\caption
3.sty"
Package: caption3 2016/05/22 v1.7-166 caption3 kernel (AR)
Package caption3 Info: TeX engine: e-TeX on input line 67.
\captionmargin=\dimen132
\captionmargin@=\dimen133
\captionwidth=\dimen134
\caption@tempdima=\dimen135
\caption@indent=\dimen136
\caption@parindent=\dimen137
\caption@hangindent=\dimen138
)
\c@ContinuedFloat=\count112
Package caption Info: hyperref package is loaded.
Package caption Info: rotating package is loaded.
)
\c@KVtest=\count113
\sf@farskip=\skip58
\sf@captopadj=\dimen139
\sf@capskip=\skip59
\sf@nearskip=\skip60
\c@subfigure=\count114
\c@subfigure@save=\count115
\c@lofdepth=\count116
\c@subtable=\count117
\c@subtable@save=\count118
\c@lotdepth=\count119
\sf@top=\skip61
\sf@bottom=\skip62
)
("C:\Users\KoopmaCK\AppData\Local\Programs\MiKTeX 2.9\tex\latex\xcolor\xcolor.s
ty"
Package: xcolor 2016/05/11 v2.12 LaTeX color extensions (UK)

("C:\Users\KoopmaCK\AppData\Local\Programs\MiKTeX 2.9\tex\latex\graphics-cfg\co
lor.cfg"
File: color.cfg 2016/01/02 v1.6 sample color configuration
)
Package xcolor Info: Driver file: pdftex.def on input line 225.
LaTeX Info: Redefining \color on input line 709.
Package xcolor Info: Model `cmy' substituted by `cmy0' on input line 1348.
Package xcolor Info: Model `hsb' substituted by `rgb' on input line 1352.
Package xcolor Info: Model `RGB' extended on input line 1364.
Package xcolor Info: Model `HTML' substituted by `rgb' on input line 1366.
Package xcolor Info: Model `Hsb' substituted by `hsb' on input line 1367.
Package xcolor Info: Model `tHsb' substituted by `hsb' on input line 1368.
Package xcolor Info: Model `HSB' substituted by `hsb' on input line 1369.
Package xcolor Info: Model `Gray' substituted by `gray' on input line 1370.
Package xcolor Info: Model `wave' substituted by `hsb' on input line 1371.

("C:\Users\KoopmaCK\AppData\Local\Programs\MiKTeX 2.9\tex\latex\graphics\dvipsn
am.def"
File: dvipsnam.def 2016/06/17 v3.0m Driver-dependent file (DPC,SPQR)
))
("C:\Users\KoopmaCK\AppData\Local\Programs\MiKTeX 2.9\tex\latex\tcolorbox\tcolo
rbox.sty"
Package: tcolorbox 2017/07/05 version 4.10 text color boxes

("C:\Users\KoopmaCK\AppData\Local\Programs\MiKTeX 2.9\tex\latex\pgf\basiclayer\
pgf.sty"
("C:\Users\KoopmaCK\AppData\Local\Programs\MiKTeX 2.9\tex\latex\pgf\utilities\p
gfrcs.sty"
("C:\Users\KoopmaCK\AppData\Local\Programs\MiKTeX 2.9\tex\generic\pgf\utilities
\pgfutil-common.tex"
\pgfutil@everybye=\toks29
\pgfutil@tempdima=\dimen140
\pgfutil@tempdimb=\dimen141

("C:\Users\KoopmaCK\AppData\Local\Programs\MiKTeX 2.9\tex\generic\pgf\utilities
\pgfutil-common-lists.tex"))
("C:\Users\KoopmaCK\AppData\Local\Programs\MiKTeX 2.9\tex\generic\pgf\utilities
\pgfutil-latex.def"
\pgfutil@abb=\box32

("C:\Users\KoopmaCK\AppData\Local\Programs\MiKTeX 2.9\tex\latex\ms\everyshi.sty
"
Package: everyshi 2001/05/15 v3.00 EveryShipout Package (MS)
))
("C:\Users\KoopmaCK\AppData\Local\Programs\MiKTeX 2.9\tex\generic\pgf\utilities
\pgfrcs.code.tex"
Package: pgfrcs 2015/08/07 v3.0.1a (rcs-revision 1.31)
))
Package: pgf 2015/08/07 v3.0.1a (rcs-revision 1.15)

("C:\Users\KoopmaCK\AppData\Local\Programs\MiKTeX 2.9\tex\latex\pgf\basiclayer\
pgfcore.sty"
("C:\Users\KoopmaCK\AppData\Local\Programs\MiKTeX 2.9\tex\latex\pgf\systemlayer
\pgfsys.sty"
("C:\Users\KoopmaCK\AppData\Local\Programs\MiKTeX 2.9\tex\generic\pgf\systemlay
er\pgfsys.code.tex"
Package: pgfsys 2014/07/09 v3.0.1a (rcs-revision 1.48)

("C:\Users\KoopmaCK\AppData\Local\Programs\MiKTeX 2.9\tex\generic\pgf\utilities
\pgfkeys.code.tex"
\pgfkeys@pathtoks=\toks30
\pgfkeys@temptoks=\toks31

("C:\Users\KoopmaCK\AppData\Local\Programs\MiKTeX 2.9\tex\generic\pgf\utilities
\pgfkeysfiltered.code.tex"
\pgfkeys@tmptoks=\toks32
))
\pgf@x=\dimen142
\pgf@y=\dimen143
\pgf@xa=\dimen144
\pgf@ya=\dimen145
\pgf@xb=\dimen146
\pgf@yb=\dimen147
\pgf@xc=\dimen148
\pgf@yc=\dimen149
\w@pgf@writea=\write4
\r@pgf@reada=\read1
\c@pgf@counta=\count120
\c@pgf@countb=\count121
\c@pgf@countc=\count122
\c@pgf@countd=\count123
\t@pgf@toka=\toks33
\t@pgf@tokb=\toks34
\t@pgf@tokc=\toks35

("C:\Users\KoopmaCK\AppData\Local\Programs\MiKTeX 2.9\tex\generic\pgf\systemlay
er\pgf.cfg"
File: pgf.cfg 2008/05/14  (rcs-revision 1.7)
)
Driver file for pgf: pgfsys-pdftex.def

("C:\Users\KoopmaCK\AppData\Local\Programs\MiKTeX 2.9\tex\generic\pgf\systemlay
er\pgfsys-pdftex.def"
File: pgfsys-pdftex.def 2014/10/11  (rcs-revision 1.35)

("C:\Users\KoopmaCK\AppData\Local\Programs\MiKTeX 2.9\tex\generic\pgf\systemlay
er\pgfsys-common-pdf.def"
File: pgfsys-common-pdf.def 2013/10/10  (rcs-revision 1.13)
)))
("C:\Users\KoopmaCK\AppData\Local\Programs\MiKTeX 2.9\tex\generic\pgf\systemlay
er\pgfsyssoftpath.code.tex"
File: pgfsyssoftpath.code.tex 2013/09/09  (rcs-revision 1.9)
\pgfsyssoftpath@smallbuffer@items=\count124
\pgfsyssoftpath@bigbuffer@items=\count125
)
("C:\Users\KoopmaCK\AppData\Local\Programs\MiKTeX 2.9\tex\generic\pgf\systemlay
er\pgfsysprotocol.code.tex"
File: pgfsysprotocol.code.tex 2006/10/16  (rcs-revision 1.4)
))
("C:\Users\KoopmaCK\AppData\Local\Programs\MiKTeX 2.9\tex\generic\pgf\basiclaye
r\pgfcore.code.tex"
Package: pgfcore 2010/04/11 v3.0.1a (rcs-revision 1.7)

("C:\Users\KoopmaCK\AppData\Local\Programs\MiKTeX 2.9\tex\generic\pgf\math\pgfm
ath.code.tex"
("C:\Users\KoopmaCK\AppData\Local\Programs\MiKTeX 2.9\tex\generic\pgf\math\pgfm
athcalc.code.tex"
("C:\Users\KoopmaCK\AppData\Local\Programs\MiKTeX 2.9\tex\generic\pgf\math\pgfm
athutil.code.tex")
("C:\Users\KoopmaCK\AppData\Local\Programs\MiKTeX 2.9\tex\generic\pgf\math\pgfm
athparser.code.tex"
\pgfmath@dimen=\dimen150
\pgfmath@count=\count126
\pgfmath@box=\box33
\pgfmath@toks=\toks36
\pgfmath@stack@operand=\toks37
\pgfmath@stack@operation=\toks38
)
("C:\Users\KoopmaCK\AppData\Local\Programs\MiKTeX 2.9\tex\generic\pgf\math\pgfm
athfunctions.code.tex"
("C:\Users\KoopmaCK\AppData\Local\Programs\MiKTeX 2.9\tex\generic\pgf\math\pgfm
athfunctions.basic.code.tex")
("C:\Users\KoopmaCK\AppData\Local\Programs\MiKTeX 2.9\tex\generic\pgf\math\pgfm
athfunctions.trigonometric.code.tex")
("C:\Users\KoopmaCK\AppData\Local\Programs\MiKTeX 2.9\tex\generic\pgf\math\pgfm
athfunctions.random.code.tex")
("C:\Users\KoopmaCK\AppData\Local\Programs\MiKTeX 2.9\tex\generic\pgf\math\pgfm
athfunctions.comparison.code.tex")
("C:\Users\KoopmaCK\AppData\Local\Programs\MiKTeX 2.9\tex\generic\pgf\math\pgfm
athfunctions.base.code.tex")
("C:\Users\KoopmaCK\AppData\Local\Programs\MiKTeX 2.9\tex\generic\pgf\math\pgfm
athfunctions.round.code.tex")
("C:\Users\KoopmaCK\AppData\Local\Programs\MiKTeX 2.9\tex\generic\pgf\math\pgfm
athfunctions.misc.code.tex")
("C:\Users\KoopmaCK\AppData\Local\Programs\MiKTeX 2.9\tex\generic\pgf\math\pgfm
athfunctions.integerarithmetics.code.tex")))
("C:\Users\KoopmaCK\AppData\Local\Programs\MiKTeX 2.9\tex\generic\pgf\math\pgfm
athfloat.code.tex"
\c@pgfmathroundto@lastzeros=\count127
))
("C:\Users\KoopmaCK\AppData\Local\Programs\MiKTeX 2.9\tex\generic\pgf\basiclaye
r\pgfcorepoints.code.tex"
File: pgfcorepoints.code.tex 2013/10/07  (rcs-revision 1.27)
\pgf@picminx=\dimen151
\pgf@picmaxx=\dimen152
\pgf@picminy=\dimen153
\pgf@picmaxy=\dimen154
\pgf@pathminx=\dimen155
\pgf@pathmaxx=\dimen156
\pgf@pathminy=\dimen157
\pgf@pathmaxy=\dimen158
\pgf@xx=\dimen159
\pgf@xy=\dimen160
\pgf@yx=\dimen161
\pgf@yy=\dimen162
\pgf@zx=\dimen163
\pgf@zy=\dimen164
)
("C:\Users\KoopmaCK\AppData\Local\Programs\MiKTeX 2.9\tex\generic\pgf\basiclaye
r\pgfcorepathconstruct.code.tex"
File: pgfcorepathconstruct.code.tex 2013/10/07  (rcs-revision 1.29)
\pgf@path@lastx=\dimen165
\pgf@path@lasty=\dimen166
)
("C:\Users\KoopmaCK\AppData\Local\Programs\MiKTeX 2.9\tex\generic\pgf\basiclaye
r\pgfcorepathusage.code.tex"
File: pgfcorepathusage.code.tex 2014/11/02  (rcs-revision 1.24)
\pgf@shorten@end@additional=\dimen167
\pgf@shorten@start@additional=\dimen168
)
("C:\Users\KoopmaCK\AppData\Local\Programs\MiKTeX 2.9\tex\generic\pgf\basiclaye
r\pgfcorescopes.code.tex"
File: pgfcorescopes.code.tex 2015/05/08  (rcs-revision 1.46)
\pgfpic=\box34
\pgf@hbox=\box35
\pgf@layerbox@main=\box36
\pgf@picture@serial@count=\count128
)
("C:\Users\KoopmaCK\AppData\Local\Programs\MiKTeX 2.9\tex\generic\pgf\basiclaye
r\pgfcoregraphicstate.code.tex"
File: pgfcoregraphicstate.code.tex 2014/11/02  (rcs-revision 1.12)
\pgflinewidth=\dimen169
)
("C:\Users\KoopmaCK\AppData\Local\Programs\MiKTeX 2.9\tex\generic\pgf\basiclaye
r\pgfcoretransformations.code.tex"
File: pgfcoretransformations.code.tex 2015/08/07  (rcs-revision 1.20)
\pgf@pt@x=\dimen170
\pgf@pt@y=\dimen171
\pgf@pt@temp=\dimen172
)
("C:\Users\KoopmaCK\AppData\Local\Programs\MiKTeX 2.9\tex\generic\pgf\basiclaye
r\pgfcorequick.code.tex"
File: pgfcorequick.code.tex 2008/10/09  (rcs-revision 1.3)
)
("C:\Users\KoopmaCK\AppData\Local\Programs\MiKTeX 2.9\tex\generic\pgf\basiclaye
r\pgfcoreobjects.code.tex"
File: pgfcoreobjects.code.tex 2006/10/11  (rcs-revision 1.2)
)
("C:\Users\KoopmaCK\AppData\Local\Programs\MiKTeX 2.9\tex\generic\pgf\basiclaye
r\pgfcorepathprocessing.code.tex"
File: pgfcorepathprocessing.code.tex 2013/09/09  (rcs-revision 1.9)
)
("C:\Users\KoopmaCK\AppData\Local\Programs\MiKTeX 2.9\tex\generic\pgf\basiclaye
r\pgfcorearrows.code.tex"
File: pgfcorearrows.code.tex 2015/05/14  (rcs-revision 1.43)
\pgfarrowsep=\dimen173
)
("C:\Users\KoopmaCK\AppData\Local\Programs\MiKTeX 2.9\tex\generic\pgf\basiclaye
r\pgfcoreshade.code.tex"
File: pgfcoreshade.code.tex 2013/07/15  (rcs-revision 1.15)
\pgf@max=\dimen174
\pgf@sys@shading@range@num=\count129
)
("C:\Users\KoopmaCK\AppData\Local\Programs\MiKTeX 2.9\tex\generic\pgf\basiclaye
r\pgfcoreimage.code.tex"
File: pgfcoreimage.code.tex 2013/07/15  (rcs-revision 1.18)

("C:\Users\KoopmaCK\AppData\Local\Programs\MiKTeX 2.9\tex\generic\pgf\basiclaye
r\pgfcoreexternal.code.tex"
File: pgfcoreexternal.code.tex 2014/07/09  (rcs-revision 1.21)
\pgfexternal@startupbox=\box37
))
("C:\Users\KoopmaCK\AppData\Local\Programs\MiKTeX 2.9\tex\generic\pgf\basiclaye
r\pgfcorelayers.code.tex"
File: pgfcorelayers.code.tex 2013/07/18  (rcs-revision 1.7)
)
("C:\Users\KoopmaCK\AppData\Local\Programs\MiKTeX 2.9\tex\generic\pgf\basiclaye
r\pgfcoretransparency.code.tex"
File: pgfcoretransparency.code.tex 2013/09/30  (rcs-revision 1.5)
)
("C:\Users\KoopmaCK\AppData\Local\Programs\MiKTeX 2.9\tex\generic\pgf\basiclaye
r\pgfcorepatterns.code.tex"
File: pgfcorepatterns.code.tex 2013/11/07  (rcs-revision 1.5)
)))
("C:\Users\KoopmaCK\AppData\Local\Programs\MiKTeX 2.9\tex\generic\pgf\modules\p
gfmoduleshapes.code.tex"
File: pgfmoduleshapes.code.tex 2014/03/21  (rcs-revision 1.35)
\pgfnodeparttextbox=\box38
)
("C:\Users\KoopmaCK\AppData\Local\Programs\MiKTeX 2.9\tex\generic\pgf\modules\p
gfmoduleplot.code.tex"
File: pgfmoduleplot.code.tex 2015/08/03  (rcs-revision 1.13)
)
("C:\Users\KoopmaCK\AppData\Local\Programs\MiKTeX 2.9\tex\latex\pgf\compatibili
ty\pgfcomp-version-0-65.sty"
Package: pgfcomp-version-0-65 2007/07/03 v3.0.1a (rcs-revision 1.7)
\pgf@nodesepstart=\dimen175
\pgf@nodesepend=\dimen176
)
("C:\Users\KoopmaCK\AppData\Local\Programs\MiKTeX 2.9\tex\latex\pgf\compatibili
ty\pgfcomp-version-1-18.sty"
Package: pgfcomp-version-1-18 2007/07/23 v3.0.1a (rcs-revision 1.1)
))
("C:\Users\KoopmaCK\AppData\Local\Programs\MiKTeX 2.9\tex\latex\tools\verbatim.
sty"
Package: verbatim 2014/10/28 v1.5q LaTeX2e package for verbatim enhancements
\every@verbatim=\toks39
\verbatim@line=\toks40
\verbatim@in@stream=\read2
)
("C:\Users\KoopmaCK\AppData\Local\Programs\MiKTeX 2.9\tex\latex\environ\environ
.sty"
Package: environ 2014/05/04 v0.3 A new way to define environments

("C:\Users\KoopmaCK\AppData\Local\Programs\MiKTeX 2.9\tex\latex\trimspaces\trim
spaces.sty"
Package: trimspaces 2009/09/17 v1.1 Trim spaces around a token list
)
\@envbody=\toks41
)
("C:\Users\KoopmaCK\AppData\Local\Programs\MiKTeX 2.9\tex\latex\etoolbox\etoolb
ox.sty"
Package: etoolbox 2017/01/02 v2.4 e-TeX tools for LaTeX (JAW)
\etb@tempcnta=\count130
)
\tcb@titlebox=\box39
\tcb@upperbox=\box40
\tcb@lowerbox=\box41
\tcb@phantombox=\box42
\c@tcbbreakpart=\count131
\c@tcblayer=\count132
\tcolorbox@number=\count133
\tcb@temp=\box43
\tcb@temp=\box44
\tcb@temp=\box45
\tcb@temp=\box46
\tcb@out=\write5
\tcb@record@out=\write6

("C:\Users\KoopmaCK\AppData\Local\Programs\MiKTeX 2.9\tex\latex\tcolorbox\tcbra
ster.code.tex"
Library (tcolorbox): 'tcbraster.code.tex' version '4.10'
\c@tcbrastercolumn=\count134
\c@tcbrasterrow=\count135
\c@tcbraster=\count136
)
("C:\Users\KoopmaCK\AppData\Local\Programs\MiKTeX 2.9\tex\latex\tcolorbox\tcbsk
ins.code.tex"
Library (tcolorbox): 'tcbskins.code.tex' version '4.10'

("C:\Users\KoopmaCK\AppData\Local\Programs\MiKTeX 2.9\tex\latex\pgf\frontendlay
er\tikz.sty"
("C:\Users\KoopmaCK\AppData\Local\Programs\MiKTeX 2.9\tex\latex\pgf\utilities\p
gffor.sty"
("C:\Users\KoopmaCK\AppData\Local\Programs\MiKTeX 2.9\tex\latex\pgf\utilities\p
gfkeys.sty"
("C:\Users\KoopmaCK\AppData\Local\Programs\MiKTeX 2.9\tex\generic\pgf\utilities
\pgfkeys.code.tex"))
("C:\Users\KoopmaCK\AppData\Local\Programs\MiKTeX 2.9\tex\latex\pgf\math\pgfmat
h.sty"
("C:\Users\KoopmaCK\AppData\Local\Programs\MiKTeX 2.9\tex\generic\pgf\math\pgfm
ath.code.tex"))
("C:\Users\KoopmaCK\AppData\Local\Programs\MiKTeX 2.9\tex\generic\pgf\utilities
\pgffor.code.tex"
Package: pgffor 2013/12/13 v3.0.1a (rcs-revision 1.25)

("C:\Users\KoopmaCK\AppData\Local\Programs\MiKTeX 2.9\tex\generic\pgf\math\pgfm
ath.code.tex")
\pgffor@iter=\dimen177
\pgffor@skip=\dimen178
\pgffor@stack=\toks42
\pgffor@toks=\toks43
))
("C:\Users\KoopmaCK\AppData\Local\Programs\MiKTeX 2.9\tex\generic\pgf\frontendl
ayer\tikz\tikz.code.tex"
Package: tikz 2015/08/07 v3.0.1a (rcs-revision 1.151)

("C:\Users\KoopmaCK\AppData\Local\Programs\MiKTeX 2.9\tex\generic\pgf\libraries
\pgflibraryplothandlers.code.tex"
File: pgflibraryplothandlers.code.tex 2013/08/31 v3.0.1a (rcs-revision 1.20)
\pgf@plot@mark@count=\count137
\pgfplotmarksize=\dimen179
)
\tikz@lastx=\dimen180
\tikz@lasty=\dimen181
\tikz@lastxsaved=\dimen182
\tikz@lastysaved=\dimen183
\tikzleveldistance=\dimen184
\tikzsiblingdistance=\dimen185
\tikz@figbox=\box47
\tikz@figbox@bg=\box48
\tikz@tempbox=\box49
\tikz@tempbox@bg=\box50
\tikztreelevel=\count138
\tikznumberofchildren=\count139
\tikznumberofcurrentchild=\count140
\tikz@fig@count=\count141

("C:\Users\KoopmaCK\AppData\Local\Programs\MiKTeX 2.9\tex\generic\pgf\modules\p
gfmodulematrix.code.tex"
File: pgfmodulematrix.code.tex 2013/09/17  (rcs-revision 1.8)
\pgfmatrixcurrentrow=\count142
\pgfmatrixcurrentcolumn=\count143
\pgf@matrix@numberofcolumns=\count144
)
\tikz@expandcount=\count145

("C:\Users\KoopmaCK\AppData\Local\Programs\MiKTeX 2.9\tex\generic\pgf\frontendl
ayer\tikz\libraries\tikzlibrarytopaths.code.tex"
File: tikzlibrarytopaths.code.tex 2008/06/17 v3.0.1a (rcs-revision 1.2)
)))
\tcb@waterbox=\box51

("C:\Users\KoopmaCK\AppData\Local\Programs\MiKTeX 2.9\tex\latex\tcolorbox\tcbsk
insjigsaw.code.tex"
Library (tcolorbox): 'tcbskinsjigsaw.code.tex' version '4.10'
))
("C:\Users\KoopmaCK\AppData\Local\Programs\MiKTeX 2.9\tex\latex\tcolorbox\tcbbr
eakable.code.tex"
Library (tcolorbox): 'tcbbreakable.code.tex' version '4.10'
\tcb@testbox=\box52
\tcb@totalupperbox=\box53
\tcb@totallowerbox=\box54
)
("C:\Users\KoopmaCK\AppData\Local\Programs\MiKTeX 2.9\tex\latex\tcolorbox\tcbho
oks.code.tex"
Library (tcolorbox): 'tcbhooks.code.tex' version '4.10'
)
("C:\Users\KoopmaCK\AppData\Local\Programs\MiKTeX 2.9\tex\latex\tcolorbox\tcbth
eorems.code.tex"
Library (tcolorbox): 'tcbtheorems.code.tex' version '4.10'

("C:\Users\KoopmaCK\AppData\Local\Programs\MiKTeX 2.9\tex\latex\amsmath\amsmath
.sty"
Package: amsmath 2016/11/05 v2.16a AMS math features
\@mathmargin=\skip63

For additional information on amsmath, use the `?' option.

("C:\Users\KoopmaCK\AppData\Local\Programs\MiKTeX 2.9\tex\latex\amsmath\amstext
.sty"
Package: amstext 2000/06/29 v2.01 AMS text

("C:\Users\KoopmaCK\AppData\Local\Programs\MiKTeX 2.9\tex\latex\amsmath\amsgen.
sty"
File: amsgen.sty 1999/11/30 v2.0 generic functions
\@emptytoks=\toks44
\ex@=\dimen186
))
("C:\Users\KoopmaCK\AppData\Local\Programs\MiKTeX 2.9\tex\latex\amsmath\amsbsy.
sty"
Package: amsbsy 1999/11/29 v1.2d Bold Symbols
\pmbraise@=\dimen187
)
("C:\Users\KoopmaCK\AppData\Local\Programs\MiKTeX 2.9\tex\latex\amsmath\amsopn.
sty"
Package: amsopn 2016/03/08 v2.02 operator names
)
\inf@bad=\count146
LaTeX Info: Redefining \frac on input line 213.
\uproot@=\count147
\leftroot@=\count148
LaTeX Info: Redefining \overline on input line 375.
\classnum@=\count149
\DOTSCASE@=\count150
LaTeX Info: Redefining \ldots on input line 472.
LaTeX Info: Redefining \dots on input line 475.
LaTeX Info: Redefining \cdots on input line 596.
\Mathstrutbox@=\box55
\strutbox@=\box56
\big@size=\dimen188
LaTeX Font Info:    Redeclaring font encoding OML on input line 712.
LaTeX Font Info:    Redeclaring font encoding OMS on input line 713.
\macc@depth=\count151
\c@MaxMatrixCols=\count152
\dotsspace@=\muskip11
\c@parentequation=\count153
\dspbrk@lvl=\count154
\tag@help=\toks45
\row@=\count155
\column@=\count156
\maxfields@=\count157
\andhelp@=\toks46
\eqnshift@=\dimen189
\alignsep@=\dimen190
\tagshift@=\dimen191
\tagwidth@=\dimen192
\totwidth@=\dimen193
\lineht@=\dimen194
\@envbody=\toks47
\multlinegap=\skip64
\multlinetaggap=\skip65
\mathdisplay@stack=\toks48
LaTeX Info: Redefining \[ on input line 2817.
LaTeX Info: Redefining \] on input line 2818.
))
("C:\Users\KoopmaCK\AppData\Local\Programs\MiKTeX 2.9\tex\latex\tcolorbox\tcbfi
tting.code.tex"
Library (tcolorbox): 'tcbfitting.code.tex' version '4.10'
\tcbfitdim=\dimen195
\tcb@lowerfitdim=\dimen196
\tcb@upperfitdim=\dimen197
\tcb@cur@hbadness=\count158
)
("C:\Users\KoopmaCK\AppData\Local\Programs\MiKTeX 2.9\tex\latex\tcolorbox\tcbxp
arse.code.tex"
Library (tcolorbox): 'tcbxparse.code.tex' version '4.10'

("C:\Users\KoopmaCK\AppData\Local\Programs\MiKTeX 2.9\tex\latex\l3packages\xpar
se\xparse.sty"
("C:\Users\KoopmaCK\AppData\Local\Programs\MiKTeX 2.9\tex\latex\l3kernel\expl3.
sty"
Package: expl3 2017/05/29 L3 programming layer (loader) 

("C:\Users\KoopmaCK\AppData\Local\Programs\MiKTeX 2.9\tex\latex\l3kernel\expl3-
code.tex"
Package: expl3 2017/05/29 L3 programming layer (code)
\c_max_int=\count159
\l_tmpa_int=\count160
\l_tmpb_int=\count161
\g_tmpa_int=\count162
\g_tmpb_int=\count163
\g__intarray_font_int=\count164
\g__prg_map_int=\count165
\c_log_iow=\count166
\l_iow_line_count_int=\count167
\l__iow_line_target_int=\count168
\l__iow_one_indent_int=\count169
\l__iow_indent_int=\count170
\c_zero_dim=\dimen198
\c_max_dim=\dimen199
\l_tmpa_dim=\dimen256
\l_tmpb_dim=\dimen257
\g_tmpa_dim=\dimen258
\g_tmpb_dim=\dimen259
\c_zero_skip=\skip66
\c_max_skip=\skip67
\l_tmpa_skip=\skip68
\l_tmpb_skip=\skip69
\g_tmpa_skip=\skip70
\g_tmpb_skip=\skip71
\c_zero_muskip=\muskip12
\c_max_muskip=\muskip13
\l_tmpa_muskip=\muskip14
\l_tmpb_muskip=\muskip15
\g_tmpa_muskip=\muskip16
\g_tmpb_muskip=\muskip17
\l_keys_choice_int=\count171
\c__fp_leading_shift_int=\count172
\c__fp_middle_shift_int=\count173
\c__fp_trailing_shift_int=\count174
\c__fp_big_leading_shift_int=\count175
\c__fp_big_middle_shift_int=\count176
\c__fp_big_trailing_shift_int=\count177
\c__fp_Bigg_leading_shift_int=\count178
\c__fp_Bigg_middle_shift_int=\count179
\c__fp_Bigg_trailing_shift_int=\count180
\c__fp_rand_size_int=\count181
\c__fp_rand_four_int=\count182
\c__fp_rand_eight_int=\count183
\l__sort_length_int=\count184
\l__sort_min_int=\count185
\l__sort_top_int=\count186
\l__sort_max_int=\count187
\l__sort_true_max_int=\count188
\l__sort_block_int=\count189
\l__sort_begin_int=\count190
\l__sort_end_int=\count191
\l__sort_A_int=\count192
\l__sort_B_int=\count193
\l__sort_C_int=\count194
\l__tl_build_start_index_int=\count195
\l__tl_build_index_int=\count196
\l__tl_analysis_normal_int=\count197
\l__tl_analysis_index_int=\count198
\l__tl_analysis_nesting_int=\count199
\l__tl_analysis_type_int=\count266
\l__regex_internal_a_int=\count267
\l__regex_internal_b_int=\count268
\l__regex_internal_c_int=\count269
\l__regex_balance_int=\count270
\l__regex_group_level_int=\count271
\l__regex_mode_int=\count272
\c__regex_cs_in_class_mode_int=\count273
\c__regex_cs_mode_int=\count274
\l__regex_catcodes_int=\count275
\l__regex_default_catcodes_int=\count276
\c__regex_catcode_D_int=\count277
\c__regex_catcode_S_int=\count278
\c__regex_catcode_L_int=\count279
\c__regex_catcode_O_int=\count280
\c__regex_catcode_A_int=\count281
\c__regex_all_catcodes_int=\count282
\l__regex_show_lines_int=\count283
\l__regex_min_state_int=\count284
\l__regex_max_state_int=\count285
\l__regex_left_state_int=\count286
\l__regex_right_state_int=\count287
\l__regex_capturing_group_int=\count288
\l__regex_min_pos_int=\count289
\l__regex_max_pos_int=\count290
\l__regex_current_pos_int=\count291
\l__regex_start_pos_int=\count292
\l__regex_success_pos_int=\count293
\l__regex_current_char_int=\count294
\l__regex_current_catcode_int=\count295
\l__regex_last_char_int=\count296
\l__regex_case_changed_char_int=\count297
\l__regex_current_state_int=\count298
\l__regex_step_int=\count299
\l__regex_min_active_int=\count300
\l__regex_max_active_int=\count301
\l__regex_replacement_csnames_int=\count302
\l__regex_match_count_int=\count303
\l__regex_min_submatch_int=\count304
\l__regex_submatch_int=\count305
\l__regex_zeroth_submatch_int=\count306
\c_empty_box=\box57
\l_tmpa_box=\box58
\l_tmpb_box=\box59
\g_tmpa_box=\box60
\g_tmpb_box=\box61
\l__box_top_dim=\dimen260
\l__box_bottom_dim=\dimen261
\l__box_left_dim=\dimen262
\l__box_right_dim=\dimen263
\l__box_top_new_dim=\dimen264
\l__box_bottom_new_dim=\dimen265
\l__box_left_new_dim=\dimen266
\l__box_right_new_dim=\dimen267
\l__box_internal_box=\box62
\l__coffin_internal_box=\box63
\l__coffin_internal_dim=\dimen268
\l__coffin_offset_x_dim=\dimen269
\l__coffin_offset_y_dim=\dimen270
\l__coffin_x_dim=\dimen271
\l__coffin_y_dim=\dimen272
\l__coffin_x_prime_dim=\dimen273
\l__coffin_y_prime_dim=\dimen274
\c_empty_coffin=\box64
\l__coffin_aligned_coffin=\box65
\l__coffin_aligned_internal_coffin=\box66
\l_tmpa_coffin=\box67
\l_tmpb_coffin=\box68
\l__coffin_display_coffin=\box69
\l__coffin_display_coord_coffin=\box70
\l__coffin_display_pole_coffin=\box71
\l__coffin_display_offset_dim=\dimen275
\l__coffin_display_x_dim=\dimen276
\l__coffin_display_y_dim=\dimen277
\l__coffin_bounding_shift_dim=\dimen278
\l__coffin_left_corner_dim=\dimen279
\l__coffin_right_corner_dim=\dimen280
\l__coffin_bottom_corner_dim=\dimen281
\l__coffin_top_corner_dim=\dimen282
\l__coffin_scaled_total_height_dim=\dimen283
\l__coffin_scaled_width_dim=\dimen284
)
("C:\Users\KoopmaCK\AppData\Local\Programs\MiKTeX 2.9\tex\latex\l3kernel\l3pdfm
ode.def"
File: l3pdfmode.def 2017/03/18 v L3 Experimental driver: PDF mode
\l__driver_color_stack_int=\count307
\l__driver_tmp_box=\box72
))
Package: xparse 2017/05/29 L3 Experimental document command parser
\l__xparse_current_arg_int=\count308
\g__xparse_grabber_int=\count309
\l__xparse_m_args_int=\count310
\l__xparse_mandatory_args_int=\count311
\l__xparse_v_nesting_int=\count312
)
.................................................
. LaTeX info: "xparse/define-command"
. 
. Defining command \tcboxverb with sig. ' O{} v ' on line 128.
.................................................
.................................................
. LaTeX info: "xparse/define-command"
. 
. Defining command \tcbsidebyside with sig. ' +O{} +m +m ' on line 280.
.................................................
))
("C:\Users\KoopmaCK\AppData\Local\Programs\MiKTeX 2.9\tex\latex\fancyhdr\fancyh
dr.sty"
Package: fancyhdr 2017/06/30 v3.9a Extensive control of page headers and footer
s
\f@nch@headwidth=\skip72
\f@nch@O@elh=\skip73
\f@nch@O@erh=\skip74
\f@nch@O@olh=\skip75
\f@nch@O@orh=\skip76
\f@nch@O@elf=\skip77
\f@nch@O@erf=\skip78
\f@nch@O@olf=\skip79
\f@nch@O@orf=\skip80
)
("C:\Users\KoopmaCK\AppData\Local\Programs\MiKTeX 2.9\tex\latex\tools\tabularx.
sty"
Package: tabularx 2016/02/03 v2.11 `tabularx' package (DPC)
\TX@col@width=\dimen285
\TX@old@table=\dimen286
\TX@old@col=\dimen287
\TX@target=\dimen288
\TX@delta=\dimen289
\TX@cols=\count313
\TX@ftn=\toks49
)
("C:\Users\KoopmaCK\AppData\Local\Programs\MiKTeX 2.9\tex\latex\float\float.sty
"
Package: float 2001/11/08 v1.3d Float enhancements (AL)
\c@float@type=\count314
\float@exts=\toks50
\float@box=\box73
\@float@everytoks=\toks51
\@floatcapt=\box74
)
No file thesis.aux.
\openout1 = `thesis.aux'.

LaTeX Font Info:    Checking defaults for OML/cmm/m/it on input line 67.
LaTeX Font Info:    ... okay on input line 67.
LaTeX Font Info:    Checking defaults for T1/cmr/m/n on input line 67.
LaTeX Font Info:    ... okay on input line 67.
LaTeX Font Info:    Checking defaults for OT1/cmr/m/n on input line 67.
LaTeX Font Info:    ... okay on input line 67.
LaTeX Font Info:    Checking defaults for OMS/cmsy/m/n on input line 67.
LaTeX Font Info:    ... okay on input line 67.
LaTeX Font Info:    Checking defaults for OMX/cmex/m/n on input line 67.
LaTeX Font Info:    ... okay on input line 67.
LaTeX Font Info:    Checking defaults for U/cmr/m/n on input line 67.
LaTeX Font Info:    ... okay on input line 67.
LaTeX Font Info:    Checking defaults for PD1/pdf/m/n on input line 67.
LaTeX Font Info:    ... okay on input line 67.
LaTeX Font Info:    Try loading font information for OT1+ptm on input line 67.

("C:\Users\KoopmaCK\AppData\Local\Programs\MiKTeX 2.9\tex\latex\psnfss\ot1ptm.f
d"
File: ot1ptm.fd 2001/06/04 font definitions for OT1/ptm.
)
("C:\Users\KoopmaCK\AppData\Local\Programs\MiKTeX 2.9\tex\context\base\supp-pdf
.mkii"
[Loading MPS to PDF converter (version 2006.09.02).]
\scratchcounter=\count315
\scratchdimen=\dimen290
\scratchbox=\box75
\nofMPsegments=\count316
\nofMParguments=\count317
\everyMPshowfont=\toks52
\MPscratchCnt=\count318
\MPscratchDim=\dimen291
\MPnumerator=\count319
\makeMPintoPDFobject=\count320
\everyMPtoPDFconversion=\toks53
)
("C:\Users\KoopmaCK\AppData\Local\Programs\MiKTeX 2.9\tex\latex\oberdiek\epstop
df-base.sty"
Package: epstopdf-base 2016/05/15 v2.6 Base part for package epstopdf

("C:\Users\KoopmaCK\AppData\Local\Programs\MiKTeX 2.9\tex\latex\oberdiek\grfext
.sty"
Package: grfext 2016/05/16 v1.2 Manage graphics extensions (HO)
)
Package epstopdf-base Info: Redefining graphics rule for `.eps' on input line 4
38.
Package grfext Info: Graphics extension search list:
(grfext)             [.png,.pdf,.jpg,.mps,.jpeg,.jbig2,.jb2,.PNG,.PDF,.JPG,.JPE
G,.JBIG2,.JB2,.eps]
(grfext)             \AppendGraphicsExtensions on input line 456.
)
*geometry* driver: auto-detecting
*geometry* detected driver: pdftex
*geometry* verbose mode - [ preamble ] result:
* driver: pdftex
* paper: <default>
* layout: <same size as paper>
* layoutoffset:(h,v)=(0.0pt,0.0pt)
* modes: 
* h-part:(L,W,R)=(89.62709pt, 418.25368pt, 89.6271pt)
* v-part:(T,H,B)=(101.40665pt, 591.5302pt, 152.11pt)
* \paperwidth=597.50787pt
* \paperheight=845.04684pt
* \textwidth=418.25368pt
* \textheight=591.5302pt
* \oddsidemargin=17.3571pt
* \evensidemargin=17.3571pt
* \topmargin=-7.86334pt
* \headheight=12.0pt
* \headsep=25.0pt
* \topskip=12.0pt
* \footskip=30.0pt
* \marginparwidth=35.0pt
* \marginparsep=10.0pt
* \columnsep=10.0pt
* \skip\footins=10.8pt plus 4.0pt minus 2.0pt
* \hoffset=0.0pt
* \voffset=0.0pt
* \mag=1000
* \@twocolumnfalse
* \@twosidefalse
* \@mparswitchfalse
* \@reversemarginfalse
* (1in=72.27pt=25.4mm, 1cm=28.453pt)

Package marginnote Info: \pdfoutput not 0 or unimportant and
(marginnote)             \pdflastxpos or \lastxpos available.
(marginnote)             Extended position detection mode activated.
\c@minilofdepth=\count321
\c@minilotdepth=\count322
\c@partlofdepth=\count323
\c@partlotdepth=\count324
\c@sectlofdepth=\count325
\c@sectlotdepth=\count326
Package minitoc(hints) Info: I0049
(minitoc(hints))             ==> You requested the hints option. 
(minitoc(hints))             Some hints are eventually given below.

Package minitoc(hints) Warning: W0030
(minitoc(hints))                --- The \part command is altered 
(minitoc(hints))                after minitoc.


Package minitoc(hints) Warning: W0023
(minitoc(hints))                --- It may be the consequence 
(minitoc(hints))                of loading the ``hyperref'' package.


Package minitoc(hints) Warning: W0028
(minitoc(hints))                --- The \chapter command is altered 
(minitoc(hints))                after minitoc.


Package minitoc(hints) Warning: W0023
(minitoc(hints))                --- It may be the consequence 
(minitoc(hints))                of loading the ``hyperref'' package.

\AtBeginShipoutBox=\box76
Package hyperref Info: Link coloring OFF on input line 67.

("C:\Users\KoopmaCK\AppData\Local\Programs\MiKTeX 2.9\tex\latex\hyperref\namere
f.sty"
Package: nameref 2016/05/21 v2.44 Cross-referencing by name of section

("C:\Users\KoopmaCK\AppData\Local\Programs\MiKTeX 2.9\tex\generic\oberdiek\gett
itlestring.sty"
Package: gettitlestring 2016/05/16 v1.5 Cleanup title references (HO)
)
\c@section@level=\count327
)
LaTeX Info: Redefining \ref on input line 67.
LaTeX Info: Redefining \pageref on input line 67.
LaTeX Info: Redefining \nameref on input line 67.
\@outlinefile=\write7
\openout7 = `thesis.out'.

Package caption Info: Begin \AtBeginDocument code.
Package caption Info: subfig package v1.3 is loaded.
Package caption Info: float package is loaded.
Package caption Info: End \AtBeginDocument code.
 ABD: EveryShipout initializing macros
LaTeX Font Info:    Font shape `OT1/ptm/bx/n' in size <24.88> not available
(Font)              Font shape `OT1/ptm/b/n' tried instead on input line 69.
LaTeX Font Info:    Font shape `OT1/ptm/bx/n' in size <17.28> not available
(Font)              Font shape `OT1/ptm/b/n' tried instead on input line 69.

<oxlogo.png, id=6, 803.0pt x 803.0pt>
File: oxlogo.png Graphic file (type png)
 <use oxlogo.png>
Package pdftex.def Info: oxlogo.png used on input line 69.
(pdftex.def)             Requested size: 91.04881pt x 91.03813pt.
 [1


{C:/Users/KoopmaCK/AppData/Local/MiKTeX/2.9/pdftex/config/pdftex.map} <./oxlogo
.png>]
(acknowledgement.tex) [1] (abstract.tex
Underfull \hbox (badness 10000) in paragraph at lines 3--10

 []

) [2]
\tf@toc=\write8
\openout8 = `thesis.toc'.

 [3

] (abbreviations.tex) [4

]
\tf@lof=\write9
\openout9 = `thesis.lof'.

 [5

]
\tf@lot=\write10
\openout10 = `thesis.lot'.

 [6

] (structure.tex
Chapter 1.
(intro.texpdfTeX warning (ext4): destination with the same identifier (name{pag
e.1}) has been already used, duplicate ignored
<to be read again> 
                   \relax 
l.1 \chapter
            {Introduction} [1

]
Chapter 2.
[2

]
LaTeX Font Info:    Font shape `OT1/ptm/bx/n' in size <12> not available
(Font)              Font shape `OT1/ptm/b/n' tried instead on input line 7.
)

Package Fancyhdr Warning: \headheight is too small (12.0pt): 
 Make it at least 14.49998pt.
 We now make it that large for the rest of the document.
 This may cause the page layout to be inconsistent, however.

[3] [4

] (gas_market.tex
Chapter 3.

Package natbib Warning: Citation `heather_evolution_2015' on page 5 undefined o
n input line 5.


Package natbib Warning: Citation `heather_evolution_2015' on page 5 undefined o
n input line 7.

[5

] <"../../Plots/hub_map".png, id=74, 1065.22969pt x 767.86874pt>
File: "../../Plots/hub_map".png Graphic file (type png)

<use "../../Plots/hub_map".png>
Package pdftex.def Info: "../../Plots/hub_map".png used on input line 12.
(pdftex.def)             Requested size: 334.60422pt x 241.20036pt.
 [6]

LaTeX Warning: Reference `fig:trading_types' on page 7 undefined on input line 
17.

[7 <../../Plots/hub_map.png>]
<"../../Plots/trading_types".png, id=90, 1140.51094pt x 456.95718pt>
File: "../../Plots/trading_types".png Graphic file (type png)

<use "../../Plots/trading_types".png>
Package pdftex.def Info: "../../Plots/trading_types".png used on input line 30.

(pdftex.def)             Requested size: 334.60422pt x 134.0621pt.
 [8 <../../Plots/trading_types.png>]
LaTeX Font Info:    Try loading font information for U+msa on input line 39.

("C:\Users\KoopmaCK\AppData\Local\Programs\MiKTeX 2.9\tex\latex\amsfonts\umsa.f
d"
File: umsa.fd 2013/01/14 v3.01 AMS symbols A
)
LaTeX Font Info:    Try loading font information for U+msb on input line 39.

("C:\Users\KoopmaCK\AppData\Local\Programs\MiKTeX 2.9\tex\latex\amsfonts\umsb.f
d"
File: umsb.fd 2013/01/14 v3.01 AMS symbols B
)) [9] [10

] (methods.tex

Package hyperref Warning: Difference (2) between bookmark levels is greater 
(hyperref)                than one, level fixed on input line 1.

LaTeX Font Info:    Font shape `OT1/ptm/bx/n' in size <14.4> not available
(Font)              Font shape `OT1/ptm/b/n' tried instead on input line 3.

Package hyperref Warning: Difference (2) between bookmark levels is greater 
(hyperref)                than one, level fixed on input line 3.


LaTeX Warning: Reference `fig:RNN' on page 11 undefined on input line 4.


LaTeX Warning: Reference `fig:elman' on page 11 undefined on input line 5.

<"../../Plots/RNN".png, id=109, 844.65562pt x 570.63188pt>
File: "../../Plots/RNN".png Graphic file (type png)

<use "../../Plots/RNN".png>
Package pdftex.def Info: "../../Plots/RNN".png used on input line 14.
(pdftex.def)             Requested size: 334.60422pt x 226.0545pt.

<"../../Plots/elman".png, id=110, 1022.31938pt x 746.03719pt>
File: "../../Plots/elman".png Graphic file (type png)

<use "../../Plots/elman".png>
Package pdftex.def Info: "../../Plots/elman".png used on input line 20.
(pdftex.def)             Requested size: 334.60422pt x 244.17813pt.


LaTeX Warning: Reference `fig:RNN' on page 11 undefined on input line 25.

[11] [12 <../../Plots/RNN.png> <../../Plots/elman.png>] [13]

LaTeX Warning: Reference `fig:lstm' on page 14 undefined on input line 50.

<"../../Plots/lstm".png, id=141, 1022.31938pt x 746.79pt>
File: "../../Plots/lstm".png Graphic file (type png)

<use "../../Plots/lstm".png>
Package pdftex.def Info: "../../Plots/lstm".png used on input line 54.
(pdftex.def)             Requested size: 334.60422pt x 244.42453pt.
) [14] [15 <../../Plots/lstm.png>] [16

]
(literature_overview.tex

Package hyperref Warning: Difference (2) between bookmark levels is greater 
(hyperref)                than one, level fixed on input line 1.


Package hyperref Warning: Difference (2) between bookmark levels is greater 
(hyperref)                than one, level fixed on input line 5.


Package natbib Warning: Citation `weron_electricity_2014' on page 17 undefined 
on input line 7.

[17]

Package natbib Warning: Citation `schmutz_electricity_2004' on page 18 undefine
d on input line 9.


Package natbib Warning: Citation `kim_prediction_2002' on page 18 undefined on 
input line 9.


Package natbib Warning: Citation `crespo_cuaresma_forecasting_2004' on page 18 
undefined on input line 10.


Package natbib Warning: Citation `weron_forecasting_2005' on page 18 undefined 
on input line 10.


Package natbib Warning: Citation `misiorek_point_2006' on page 18 undefined on 
input line 12.


Package natbib Warning: Citation `knittel_empirical_2005' on page 18 undefined 
on input line 12.


Package natbib Warning: Citation `zareipour_application_2006' on page 18 undefi
ned on input line 12.


Package natbib Warning: Citation `lira_short-term_2009' on page 18 undefined on
 input line 12.


Package natbib Warning: Citation `kristiansen_forecasting_2012' on page 18 unde
fined on input line 12.


Package natbib Warning: Citation `yamin_adaptive_2004' on page 18 undefined on 
input line 15.


Package natbib Warning: Citation `gareta_forecasting_2006' on page 18 undefined
 on input line 16.


Package natbib Warning: Citation `cruz_effect_2011' on page 18 undefined on inp
ut line 16.


Package natbib Warning: Citation `panapakidis_day-ahead_2016' on page 18 undefi
ned on input line 16.

[18]

Package natbib Warning: Citation `anbazhagan_day-ahead_2013' on page 19 undefin
ed on input line 19.


Package natbib Warning: Citation `mirikitani_nonlinear_2011' on page 19 undefin
ed on input line 19.


Package natbib Warning: Citation `sharma_hybrid_2013' on page 19 undefined on i
nput line 19.


Package natbib Warning: Citation `mirikitani_nonlinear_2011' on page 19 undefin
ed on input line 19.


Package natbib Warning: Citation `zareipour_application_2006' on page 19 undefi
ned on input line 19.

[19] (literature_table_electricity.tex

Package natbib Warning: Citation `schmutz_electricity_2004' on page 20 undefine
d on input line 6.


Package natbib Warning: Citation `crespo_cuaresma_forecasting_2004' on page 20 
undefined on input line 7.


Package natbib Warning: Citation `weron_forecasting_2005' on page 20 undefined 
on input line 8.


Package natbib Warning: Citation `contreras_arima_2003' on page 20 undefined on
 input line 9.


Package natbib Warning: Citation `misiorek_point_2006' on page 20 undefined on 
input line 10.


Package natbib Warning: Citation `nogales_forecasting_2002' on page 20 undefine
d on input line 11.


Package natbib Warning: Citation `nogales_electricity_2006' on page 20 undefine
d on input line 12.


Package natbib Warning: Citation `knittel_empirical_2005' on page 20 undefined 
on input line 13.


Package natbib Warning: Citation `zareipour_application_2006' on page 20 undefi
ned on input line 14.


Package natbib Warning: Citation `weron_forecasting_2008' on page 20 undefined 
on input line 15.


Package natbib Warning: Citation `lira_short-term_2009' on page 20 undefined on
 input line 16.


Package natbib Warning: Citation `kristiansen_forecasting_2012' on page 20 unde
fined on input line 17.


Package natbib Warning: Citation `yamin_adaptive_2004' on page 20 undefined on 
input line 18.


Package natbib Warning: Citation `gareta_forecasting_2006' on page 20 undefined
 on input line 19.


Package natbib Warning: Citation `cruz_effect_2011' on page 20 undefined on inp
ut line 20.


Package natbib Warning: Citation `shafie-khah_price_2011' on page 20 undefined 
on input line 21.


Package natbib Warning: Citation `panapakidis_day-ahead_2016' on page 20 undefi
ned on input line 22.


Package natbib Warning: Citation `anbazhagan_day-ahead_2013' on page 20 undefin
ed on input line 23.


Package natbib Warning: Citation `mirikitani_nonlinear_2011' on page 20 undefin
ed on input line 24.


Package natbib Warning: Citation `sharma_hybrid_2013' on page 20 undefined on i
nput line 25.

) [20]

Package natbib Warning: Citation `ye_forecasting_2002' on page 21 undefined on 
input line 30.


Package natbib Warning: Citation `ye_monthly_2005' on page 21 undefined on inpu
t line 30.


Package natbib Warning: Citation `ye_forecasting_2006' on page 21 undefined on 
input line 30.


Package natbib Warning: Citation `ye_forecasting_2006' on page 21 undefined on 
input line 30.


Package natbib Warning: Citation `dees_assessing_2008' on page 21 undefined on 
input line 31.


Package natbib Warning: Citation `bu_price_2011' on page 21 undefined on input 
line 31.


Package natbib Warning: Citation `moshiri_forecasting_2006' on page 21 undefine
d on input line 31.


Package natbib Warning: Citation `moshiri_forecasting_2006' on page 21 undefine
d on input line 34.


Package natbib Warning: Citation `haidar_forecasting_2008' on page 21 undefined
 on input line 34.


Package natbib Warning: Citation `alizadeh_monthly_2010' on page 21 undefined o
n input line 34.


Package natbib Warning: Citation `pang_forecasting_2011' on page 21 undefined o
n input line 34.


Package natbib Warning: Citation `he_crude_2012' on page 21 undefined on input 
line 34.


Package natbib Warning: Citation `shambora_are_2007' on page 21 undefined on in
put line 35.

[21]

Package natbib Warning: Citation `mingming_multiple_2012' on page 22 undefined 
on input line 38.


Package natbib Warning: Citation `wang_forecasting_2016' on page 22 undefined o
n input line 39.

(literature_table_oil.tex

Package natbib Warning: Citation `ye_forecasting_2002' on page 22 undefined on 
input line 6.


Package natbib Warning: Citation `ye_monthly_2005' on page 22 undefined on inpu
t line 7.


Package natbib Warning: Citation `ye_forecasting_2006' on page 22 undefined on 
input line 8.


Package natbib Warning: Citation `dees_assessing_2008' on page 22 undefined on 
input line 9.


Package natbib Warning: Citation `bu_price_2011' on page 22 undefined on input 
line 10.


Package natbib Warning: Citation `moshiri_forecasting_2006' on page 22 undefine
d on input line 11.


Package natbib Warning: Citation `haidar_forecasting_2008' on page 22 undefined
 on input line 12.


Package natbib Warning: Citation `alizadeh_monthly_2010' on page 22 undefined o
n input line 13.


Package natbib Warning: Citation `shambora_are_2007' on page 22 undefined on in
put line 14.


Package natbib Warning: Citation `amin-naseri_hybrid_2007' on page 22 undefined
 on input line 15.


Package natbib Warning: Citation `pang_forecasting_2011' on page 22 undefined o
n input line 16.


Package natbib Warning: Citation `he_crude_2012' on page 22 undefined on input 
line 17.


Package natbib Warning: Citation `wang_forecasting_2016' on page 22 undefined o
n input line 18.


Package natbib Warning: Citation `mingming_multiple_2012' on page 22 undefined 
on input line 19.

)

Package natbib Warning: Citation `villar_relationship_2006' on page 22 undefine
d on input line 44.


Package natbib Warning: Citation `hartley_relationship_2008' on page 22 undefin
ed on input line 44.


Package natbib Warning: Citation `geng_how_2016' on page 22 undefined on input 
line 44.


Package natbib Warning: Citation `caporin_long-run_2017' on page 22 undefined o
n input line 44.


Package natbib Warning: Citation `herbert_relation_1993' on page 22 undefined o
n input line 44.


Package natbib Warning: Citation `chinn_predictive_2014' on page 22 undefined o
n input line 44.

[22]

Package natbib Warning: Citation `mishra_are_2016' on page 23 undefined on inpu
t line 47.


Package natbib Warning: Citation `buchanan_which_2001' on page 23 undefined on 
input line 48.


Package natbib Warning: Citation `woo_market_2006' on page 23 undefined on inpu
t line 49.


Package natbib Warning: Citation `mu_weather_2007' on page 23 undefined on inpu
t line 49.


Package natbib Warning: Citation `malliaris_forecasting_2008' on page 23 undefi
ned on input line 49.


Package natbib Warning: Citation `nguyen_combining_2008' on page 23 undefined o
n input line 52.


Package natbib Warning: Citation `nguyen_short-term_2010' on page 23 undefined 
on input line 52.


Package natbib Warning: Citation `jin_forecasting_2015' on page 23 undefined on
 input line 52.


Package natbib Warning: Citation `salehnia_forecasting_2013' on page 23 undefin
ed on input line 52.


Package natbib Warning: Citation `ceperic_short-term_2017' on page 23 undefined
 on input line 52.


Package natbib Warning: Citation `panella_forecasting_2012' on page 23 undefine
d on input line 53.


Package natbib Warning: Citation `busse_forecasting_2012' on page 23 undefined 
on input line 57.

[23] (literature_table_gas.tex

Package natbib Warning: Citation `woo_market_2006' on page 24 undefined on inpu
t line 6.


Package natbib Warning: Citation `mu_weather_2007' on page 24 undefined on inpu
t line 7.


Package natbib Warning: Citation `malliaris_forecasting_2008' on page 24 undefi
ned on input line 8.


Package natbib Warning: Citation `nick_what_2014' on page 24 undefined on input
 line 9.


Package natbib Warning: Citation `nguyen_combining_2008' on page 24 undefined o
n input line 10.


Package natbib Warning: Citation `nguyen_short-term_2010' on page 24 undefined 
on input line 11.


Package natbib Warning: Citation `abrishami_different_2011' on page 24 undefine
d on input line 12.


Package natbib Warning: Citation `panella_forecasting_2012' on page 24 undefine
d on input line 13.


Package natbib Warning: Citation `jin_forecasting_2015' on page 24 undefined on
 input line 14.


Package natbib Warning: Citation `ceperic_short-term_2017' on page 24 undefined
 on input line 15.


Package natbib Warning: Citation `salehnia_forecasting_2013' on page 24 undefin
ed on input line 16.


Package natbib Warning: Citation `busse_forecasting_2012' on page 24 undefined 
on input line 17.

) [24]) [25] [26

]
Chapter 4.
(data.tex

LaTeX Warning: Reference `fig:ttf_monthly_level_2016_02' on page 27 undefined o
n input line 5.

[27

]

LaTeX Warning: Reference `fig:acf_ttf_fm_level' on page 28 undefined on input l
ine 7.


LaTeX Warning: Reference `fig:pacf_ttf_fm_level' on page 28 undefined on input 
line 7.


LaTeX Warning: Reference `tab:balance-overview' on page 28 undefined on input l
ine 14.


LaTeX Warning: Reference `fig:TTFDAlevel' on page 28 undefined on input line 17
.


LaTeX Warning: Reference `fig:EURGBPFXlevel' on page 28 undefined on input line
 17.

[28]

LaTeX Warning: Reference `Sec:Literature' on page 29 undefined on input line 19
.

[29]

LaTeX Warning: Reference `tab:data-availability' on page 30 undefined on input 
line 39.

) [30]
Chapter 5.
(experiment.tex
LaTeX Font Info:    Try loading font information for OMS+ptm on input line 5.

("C:\Users\KoopmaCK\AppData\Local\Programs\MiKTeX 2.9\tex\latex\psnfss\omsptm.f
d"
File: omsptm.fd 
)
LaTeX Font Info:    Font shape `OMS/ptm/m/n' in size <12> not available
(Font)              Font shape `OMS/cmsy/m/n' tried instead on input line 5.
 [31

]

LaTeX Warning: Reference `Sec:Data-Availability' on page 32 undefined on input 
line 39.

[32] [33] [34] [35] [36]) (results.tex

LaTeX Warning: Reference `Sec:Conc' on page 37 undefined on input line 2.

(../tables/level_par_tuning_short.tex [37])

LaTeX Warning: Reference `tab:level.var.selection.short' on page 38 undefined o
n input line 9.

(../tables/level_var_selection_short.tex

LaTeX Warning: `!h' float specifier changed to `!ht'.

) (../tables/level_multivar_par_tuning_short.tex [38])

LaTeX Warning: Reference `tab:level.eval.short' on page 39 undefined on input l
ine 15.

(../tables/level_eval_short.tex

LaTeX Warning: `!h' float specifier changed to `!ht'.

)

LaTeX Warning: Reference `fig:level_evaluation_monthly_multivar' on page 39 und
efined on input line 17.


LaTeX Warning: Reference `fig:level_evaluation_monthly_univar' on page 39 undef
ined on input line 17.

[39]
<"../../Plots/level_evaluation_monthly_multivar".png, id=312, 586.1097pt x 359.
9046pt>
File: "../../Plots/level_evaluation_monthly_multivar".png Graphic file (type pn
g)
 <use "../../Plots/level_evaluation_monthly_multivar".png>
Package pdftex.def Info: "../../Plots/level_evaluation_monthly_multivar".png us
ed on input line 21.
(pdftex.def)             Requested size: 334.60422pt x 205.46626pt.

<"../../Plots/level_evaluation_monthly_univar".png, id=313, 586.1097pt x 359.90
46pt>
File: "../../Plots/level_evaluation_monthly_univar".png Graphic file (type png)

 <use "../../Plots/level_evaluation_monthly_univar".png>
Package pdftex.def Info: "../../Plots/level_evaluation_monthly_univar".png used
 on input line 27.
(pdftex.def)             Requested size: 334.60422pt x 205.46626pt.


LaTeX Warning: `!h' float specifier changed to `!ht'.


LaTeX Warning: Reference `fig:level_predictions' on page 40 undefined on input 
line 31.

<"../../Plots/level_predictions".png, id=314, 586.1097pt x 359.9046pt>
File: "../../Plots/level_predictions".png Graphic file (type png)

<use "../../Plots/level_predictions".png>
Package pdftex.def Info: "../../Plots/level_predictions".png used on input line
 35.
(pdftex.def)             Requested size: 334.60422pt x 205.46626pt.


LaTeX Warning: `!h' float specifier changed to `!ht'.

[40 <../../Plots/level_evaluation_monthly_multivar.png>] [41 <../../Plots/level
_evaluation_monthly_univar.png> <../../Plots/level_predictions.png>]
(../tables/binary_par_tuning_short.tex)
(../tables/binary_var_selection_short.tex)
(../tables/binary_multivar_par_tuning_short.tex [42])
(../tables/binary_eval_short.tex)

LaTeX Warning: Reference `fig:binary_evaluation_monthly_multivar' on page 43 un
defined on input line 56.


LaTeX Warning: Reference `fig:binary_evaluation_monthly_univar' on page 43 unde
fined on input line 56.


<"../../Plots/binary_evaluation_monthly_multivar".png, id=340, 586.1097pt x 359
.9046pt>
File: "../../Plots/binary_evaluation_monthly_multivar".png Graphic file (type p
ng)
 <use "../../Plots/binary_evaluation_monthly_multivar".png>
Package pdftex.def Info: "../../Plots/binary_evaluation_monthly_multivar".png u
sed on input line 59.
(pdftex.def)             Requested size: 334.60422pt x 205.46626pt.
 [43]
<"../../Plots/binary_evaluation_monthly_univar".png, id=349, 586.1097pt x 359.9
046pt>
File: "../../Plots/binary_evaluation_monthly_univar".png Graphic file (type png
)
 <use "../../Plots/binary_evaluation_monthly_univar".png>
Package pdftex.def Info: "../../Plots/binary_evaluation_monthly_univar".png use
d on input line 65.
(pdftex.def)             Requested size: 334.60422pt x 205.46626pt.
 [44 <../../Plots/binary_evaluation_monthly_multivar.png> <../../Plots/binary_e
valuation_monthly_univar.png>] [45]

LaTeX Warning: Reference `fig:binary_trade_evaluation_monthly_multivar' on page
 46 undefined on input line 93.


LaTeX Warning: Reference `fig:binary_trade_evaluation_monthly_univar' on page 4
6 undefined on input line 93.


<"../../Plots/binary_trade_evaluation_monthly_multivar".png, id=363, 586.1097pt
 x 359.9046pt>
File: "../../Plots/binary_trade_evaluation_monthly_multivar".png Graphic file (
type png)

<use "../../Plots/binary_trade_evaluation_monthly_multivar".png>
Package pdftex.def Info: "../../Plots/binary_trade_evaluation_monthly_multivar"
.png used on input line 97.
(pdftex.def)             Requested size: 334.60422pt x 205.46626pt.


LaTeX Warning: `!h' float specifier changed to `!ht'.


<"../../Plots/binary_trade_evaluation_monthly_univar".png, id=364, 586.1097pt x
 359.9046pt>
File: "../../Plots/binary_trade_evaluation_monthly_univar".png Graphic file (ty
pe png)
 <use "../../Plots/binary_trade_evaluation_monthly_univar".png>
Package pdftex.def Info: "../../Plots/binary_trade_evaluation_monthly_univar".p
ng used on input line 103.
(pdftex.def)             Requested size: 334.60422pt x 205.46626pt.


LaTeX Warning: `!h' float specifier changed to `!ht'.


LaTeX Warning: Reference `tab:binary.trade.short' on page 46 undefined on input
 line 106.

(../tables/binary_trade_short.tex

LaTeX Warning: `!h' float specifier changed to `!ht'.

)

LaTeX Warning: Reference `tab:binary.eval.cutoff' on page 46 undefined on input
 line 108.

[46] [47 <../../Plots/binary_trade_evaluation_monthly_multivar.png> <../../Plot
s/binary_trade_evaluation_monthly_univar.png>] [48])
Chapter 6.
(conc.tex)
No file thesis.bbl.
[49


] [50

] (app_figures.tex

Package hyperref Warning: Difference (2) between bookmark levels is greater 
(hyperref)                than one, level fixed on input line 1.


<"../../Plots/ttf_monthly_level_2016_02".png, id=396, 586.1097pt x 359.9046pt>
File: "../../Plots/ttf_monthly_level_2016_02".png Graphic file (type png)

<use "../../Plots/ttf_monthly_level_2016_02".png>
Package pdftex.def Info: "../../Plots/ttf_monthly_level_2016_02".png used on in
put line 5.
(pdftex.def)             Requested size: 334.60422pt x 205.46626pt.

<"../../Plots/ttf_fm_level".png, id=397, 586.1097pt x 359.9046pt>
File: "../../Plots/ttf_fm_level".png Graphic file (type png)

<use "../../Plots/ttf_fm_level".png>
Package pdftex.def Info: "../../Plots/ttf_fm_level".png used on input line 13.
(pdftex.def)             Requested size: 334.60422pt x 205.46626pt.

<"../../Plots/acf_ttf_fm_level".png, id=398, 586.1097pt x 359.9046pt>
File: "../../Plots/acf_ttf_fm_level".png Graphic file (type png)

<use "../../Plots/acf_ttf_fm_level".png>
Package pdftex.def Info: "../../Plots/acf_ttf_fm_level".png used on input line 
20.
(pdftex.def)             Requested size: 334.60422pt x 205.46626pt.

<"../../Plots/pacf_ttf_fm_level".png, id=399, 586.1097pt x 359.9046pt>
File: "../../Plots/pacf_ttf_fm_level".png Graphic file (type png)

<use "../../Plots/pacf_ttf_fm_level".png>
Package pdftex.def Info: "../../Plots/pacf_ttf_fm_level".png used on input line
 26.
(pdftex.def)             Requested size: 334.60422pt x 205.46626pt.

<"../../Plots/TTFDAlevel".png, id=400, 586.1097pt x 359.9046pt>
File: "../../Plots/TTFDAlevel".png Graphic file (type png)

<use "../../Plots/TTFDAlevel".png>
Package pdftex.def Info: "../../Plots/TTFDAlevel".png used on input line 32.
(pdftex.def)             Requested size: 334.60422pt x 205.46626pt.

<"../../Plots/NBPFMlevel".png, id=401, 586.1097pt x 359.9046pt>
File: "../../Plots/NBPFMlevel".png Graphic file (type png)

<use "../../Plots/NBPFMlevel".png>
Package pdftex.def Info: "../../Plots/NBPFMlevel".png used on input line 38.
(pdftex.def)             Requested size: 334.60422pt x 205.46626pt.

<"../../Plots/OilFMlevel".png, id=402, 586.1097pt x 359.9046pt>
File: "../../Plots/OilFMlevel".png Graphic file (type png)

<use "../../Plots/OilFMlevel".png>
Package pdftex.def Info: "../../Plots/OilFMlevel".png used on input line 44.
(pdftex.def)             Requested size: 334.60422pt x 205.46626pt.

<"../../Plots/ElectricityBaseFMlevel".png, id=403, 586.1097pt x 359.9046pt>
File: "../../Plots/ElectricityBaseFMlevel".png Graphic file (type png)

<use "../../Plots/ElectricityBaseFMlevel".png>
Package pdftex.def Info: "../../Plots/ElectricityBaseFMlevel".png used on input
 line 50.
(pdftex.def)             Requested size: 334.60422pt x 205.46626pt.

<"../../Plots/ElectricityPeakFMlevel".png, id=404, 586.1097pt x 359.9046pt>
File: "../../Plots/ElectricityPeakFMlevel".png Graphic file (type png)

<use "../../Plots/ElectricityPeakFMlevel".png>
Package pdftex.def Info: "../../Plots/ElectricityPeakFMlevel".png used on input
 line 56.
(pdftex.def)             Requested size: 334.60422pt x 205.46626pt.

<"../../Plots/ConLDZNLlevel".png, id=405, 586.1097pt x 359.9046pt>
File: "../../Plots/ConLDZNLlevel".png Graphic file (type png)

<use "../../Plots/ConLDZNLlevel".png>
Package pdftex.def Info: "../../Plots/ConLDZNLlevel".png used on input line 62.

(pdftex.def)             Requested size: 334.60422pt x 205.46626pt.

<"../../Plots/ConNLDZNLlevel".png, id=406, 586.1097pt x 359.9046pt>
File: "../../Plots/ConNLDZNLlevel".png Graphic file (type png)

<use "../../Plots/ConNLDZNLlevel".png>
Package pdftex.def Info: "../../Plots/ConNLDZNLlevel".png used on input line 68
.
(pdftex.def)             Requested size: 334.60422pt x 205.46626pt.

<"../../Plots/ProdNLlevel".png, id=407, 586.1097pt x 359.9046pt>
File: "../../Plots/ProdNLlevel".png Graphic file (type png)

<use "../../Plots/ProdNLlevel".png>
Package pdftex.def Info: "../../Plots/ProdNLlevel".png used on input line 74.
(pdftex.def)             Requested size: 334.60422pt x 205.46626pt.

<"../../Plots/ProdUKCSlevel".png, id=408, 586.1097pt x 359.9046pt>
File: "../../Plots/ProdUKCSlevel".png Graphic file (type png)

<use "../../Plots/ProdUKCSlevel".png>
Package pdftex.def Info: "../../Plots/ProdUKCSlevel".png used on input line 81.

(pdftex.def)             Requested size: 334.60422pt x 205.46626pt.
File: "../../Plots/ProdUKCSlevel".png Graphic file (type png)
 <use "../../Plots/ProdUKCSlevel".png>
Package pdftex.def Info: "../../Plots/ProdUKCSlevel".png used on input line 88.

(pdftex.def)             Requested size: 334.60422pt x 205.46626pt.

<"../../Plots/StorageNLlevel".png, id=409, 586.1097pt x 359.9046pt>
File: "../../Plots/StorageNLlevel".png Graphic file (type png)

<use "../../Plots/StorageNLlevel".png>
Package pdftex.def Info: "../../Plots/StorageNLlevel".png used on input line 94
.
(pdftex.def)             Requested size: 334.60422pt x 205.46626pt.

<"../../Plots/StorageUKlevel".png, id=410, 586.1097pt x 359.9046pt>
File: "../../Plots/StorageUKlevel".png Graphic file (type png)

<use "../../Plots/StorageUKlevel".png>
Package pdftex.def Info: "../../Plots/StorageUKlevel".png used on input line 10
1.
(pdftex.def)             Requested size: 334.60422pt x 205.46626pt.

<"../../Plots/TradeBBLlevel".png, id=411, 586.1097pt x 359.9046pt>
File: "../../Plots/TradeBBLlevel".png Graphic file (type png)

<use "../../Plots/TradeBBLlevel".png>
Package pdftex.def Info: "../../Plots/TradeBBLlevel".png used on input line 107
.
(pdftex.def)             Requested size: 334.60422pt x 205.46626pt.

<"../../Plots/TradeIUKlevel".png, id=412, 586.1097pt x 359.9046pt>
File: "../../Plots/TradeIUKlevel".png Graphic file (type png)

<use "../../Plots/TradeIUKlevel".png>
Package pdftex.def Info: "../../Plots/TradeIUKlevel".png used on input line 113
.
(pdftex.def)             Requested size: 334.60422pt x 205.46626pt.

<"../../Plots/EURUSDFXlevel".png, id=413, 586.1097pt x 359.9046pt>
File: "../../Plots/EURUSDFXlevel".png Graphic file (type png)

<use "../../Plots/EURUSDFXlevel".png>
Package pdftex.def Info: "../../Plots/EURUSDFXlevel".png used on input line 119
.
(pdftex.def)             Requested size: 334.60422pt x 205.46626pt.

<"../../Plots/EURGBPFXlevel".png, id=414, 586.1097pt x 359.9046pt>
File: "../../Plots/EURGBPFXlevel".png Graphic file (type png)

<use "../../Plots/EURGBPFXlevel".png>
Package pdftex.def Info: "../../Plots/EURGBPFXlevel".png used on input line 125
.
(pdftex.def)             Requested size: 334.60422pt x 205.46626pt.
 [51 <../../Plots/ttf_monthly_level_2016_02.png>] [52 <../../Plots/ttf_fm_level
.png> <../../Plots/acf_ttf_fm_level.png>]
[53 <../../Plots/pacf_ttf_fm_level.png> <../../Plots/TTFDAlevel.png>] [54 <../.
./Plots/NBPFMlevel.png> <../../Plots/OilFMlevel.png>] [55 <../../Plots/Electric
ityBaseFMlevel.png> <../../Plots/ElectricityPeakFMlevel.png>] [56 <../../Plots/
ConLDZNLlevel.png> <../../Plots/ConNLDZNLlevel.png>] [57 <../../Plots/ProdNLlev
el.png> <../../Plots/ProdUKCSlevel.png>] [58 <../../Plots/StorageNLlevel.png>]
[59 <../../Plots/StorageUKlevel.png> <../../Plots/TradeBBLlevel.png>] [60 <../.
./Plots/TradeIUKlevel.png> <../../Plots/EURUSDFXlevel.png>] [61 <../../Plots/EU
RGBPFXlevel.png>]) (app_tables.tex (../tables/data_availability.tex)
(../tables/balance_overview.tex) (../tables/binary_eval_cutoff.tex

LaTeX Warning: `!h' float specifier changed to `!ht'.

)))
Package minitoc Info: I0009
(minitoc)             Listing minitoc auxiliary files. 
(minitoc)             Creating the thesis.maf file.
\openout3 = `thesis.maf'.



Package minitoc(hints) Warning: W0033
(minitoc(hints))                The caption package should be 
(minitoc(hints))                loaded BEFORE the minitoc package.

Package minitoc(hints) Info: I0053
(minitoc(hints))             You have loaded the float package; 
(minitoc(hints))             please be aware that the minitoc package 
(minitoc(hints))             facilities can not be used for new types 
(minitoc(hints))             of floats defined by the float package.

Package minitoc(hints) Warning: W0024
(minitoc(hints))                Some hints have been written 
(minitoc(hints))                in the thesis.log file.


Package natbib Warning: There were undefined citations.

[62

]
Package atveryend Info: Empty hook `BeforeClearDocument' on input line 131.
 [63]
Package atveryend Info: Empty hook `AfterLastShipout' on input line 131.
 (thesis.aux)
Package atveryend Info: Executing hook `AtVeryEndDocument' on input line 131.
Package atveryend Info: Executing hook `AtEndAfterFileList' on input line 131.


Package rerunfilecheck Warning: File `thesis.out' has changed.
(rerunfilecheck)                Rerun to get outlines right
(rerunfilecheck)                or use package `bookmark'.

Package rerunfilecheck Info: Checksums for `thesis.out':
(rerunfilecheck)             Before: <no file>
(rerunfilecheck)             After:  5011545D67FAA203327741B646B34F88;2804.

LaTeX Warning: There were undefined references.


LaTeX Warning: Label(s) may have changed. Rerun to get cross-references right.

Package atveryend Info: Empty hook `AtVeryVeryEnd' on input line 131.
 ) 
Here is how much of TeX's memory you used:
 33615 strings out of 493323
 664666 string characters out of 3128714
 756603 words of memory out of 3000000
 36104 multiletter control sequences out of 15000+200000
 551054 words of font info for 62 fonts, out of 3000000 for 9000
 1141 hyphenation exceptions out of 8191
 61i,12n,96p,10488b,395s stack positions out of 5000i,500n,10000p,200000b,50000s
{C:/Users/KoopmaCK/AppData/Local/Programs/MiKTeX 2.9/fonts/enc/dvips/base/8r.
enc}<C:/Users/KoopmaCK/AppData/Local/Programs/MiKTeX 2.9/fonts/type1/public/ams
fonts/cm/cmex10.pfb><C:/Users/KoopmaCK/AppData/Local/Programs/MiKTeX 2.9/fonts/
type1/public/amsfonts/cm/cmmi12.pfb><C:/Users/KoopmaCK/AppData/Local/Programs/M
iKTeX 2.9/fonts/type1/public/amsfonts/cm/cmmi6.pfb><C:/Users/KoopmaCK/AppData/L
ocal/Programs/MiKTeX 2.9/fonts/type1/public/amsfonts/cm/cmmi8.pfb><C:/Users/Koo
pmaCK/AppData/Local/Programs/MiKTeX 2.9/fonts/type1/public/amsfonts/cm/cmr12.pf
b><C:/Users/KoopmaCK/AppData/Local/Programs/MiKTeX 2.9/fonts/type1/public/amsfo
nts/cm/cmr6.pfb><C:/Users/KoopmaCK/AppData/Local/Programs/MiKTeX 2.9/fonts/type
1/public/amsfonts/cm/cmr8.pfb><C:/Users/KoopmaCK/AppData/Local/Programs/MiKTeX 
2.9/fonts/type1/public/amsfonts/cm/cmsy10.pfb><C:/Users/KoopmaCK/AppData/Local/
Programs/MiKTeX 2.9/fonts/type1/public/amsfonts/cm/cmsy6.pfb><C:/Users/KoopmaCK
/AppData/Local/Programs/MiKTeX 2.9/fonts/type1/public/amsfonts/cm/cmsy8.pfb><C:
/Users/KoopmaCK/AppData/Local/Programs/MiKTeX 2.9/fonts/type1/urw/times/utmb8a.
pfb><C:/Users/KoopmaCK/AppData/Local/Programs/MiKTeX 2.9/fonts/type1/urw/times/
utmr8a.pfb><C:/Users/KoopmaCK/AppData/Local/Programs/MiKTeX 2.9/fonts/type1/urw
/times/utmri8a.pfb>
Output written on thesis.pdf (70 pages, 1542614 bytes).
PDF statistics:
 600 PDF objects out of 1000 (max. 8388607)
 208 named destinations out of 1000 (max. 500000)
 173 words of extra memory for PDF output out of 10000 (max. 10000000)

