\BOOKMARK [1][-]{chapter*.3}{List of Abbreviations}{}% 1
\BOOKMARK [1][-]{section*.4}{List of Figures}{}% 2
\BOOKMARK [1][-]{chapter*.5}{List of Tables}{}% 3
\BOOKMARK [0][-]{chapter.1}{Introduction}{}% 4
\BOOKMARK [0][-]{chapter.2}{Introduction}{}% 5
\BOOKMARK [1][-]{section.2.1}{Motivation}{chapter.2}% 6
\BOOKMARK [1][-]{section.2.2}{Topic}{chapter.2}% 7
\BOOKMARK [1][-]{section.2.3}{Structure}{chapter.2}% 8
\BOOKMARK [-1][-]{part.1}{I The natural gas market}{}% 9
\BOOKMARK [0][-]{chapter.3}{European Gas Market}{part.1}% 10
\BOOKMARK [1][-]{section.3.1}{History}{chapter.3}% 11
\BOOKMARK [1][-]{section.3.2}{Types of natural gas trading}{chapter.3}% 12
\BOOKMARK [1][-]{section.3.3}{Natural Gas Derivatives}{chapter.3}% 13
\BOOKMARK [-1][-]{part.2}{II Methods}{}% 14
\BOOKMARK [0][-]{section.3.4}{Method}{part.2}% 15
\BOOKMARK [1][-]{subsection.3.4.1}{RNN}{section.3.4}% 16
\BOOKMARK [2][-]{subsection.3.4.2}{Vanishing Gradient Problem}{subsection.3.4.1}% 17
\BOOKMARK [2][-]{subsection.3.4.3}{LSTM}{subsection.3.4.1}% 18
\BOOKMARK [-1][-]{part.3}{III Literature review}{}% 19
\BOOKMARK [0][-]{section.3.5}{Literature Overview}{part.3}% 20
\BOOKMARK [1][-]{subsection.3.5.1}{Electricity}{section.3.5}% 21
\BOOKMARK [2][-]{subsection.3.5.2}{Oil}{subsection.3.5.1}% 22
\BOOKMARK [2][-]{subsection.3.5.3}{Natural Gas}{subsection.3.5.1}% 23
\BOOKMARK [2][-]{subsection.3.5.4}{Summary}{subsection.3.5.1}% 24
\BOOKMARK [-1][-]{part.4}{IV Empirical study}{}% 25
\BOOKMARK [0][-]{chapter.4}{Data}{part.4}% 26
\BOOKMARK [1][-]{section.4.1}{Data}{chapter.4}% 27
\BOOKMARK [2][-]{subsection.4.1.1}{Target Variable}{section.4.1}% 28
\BOOKMARK [2][-]{subsection.4.1.2}{Input Variables}{section.4.1}% 29
\BOOKMARK [0][-]{chapter.5}{Experimental Design}{part.4}% 30
\BOOKMARK [1][-]{section.5.1}{Experimental Design}{chapter.5}% 31
\BOOKMARK [2][-]{subsection.5.1.1}{Preprocessing}{section.5.1}% 32
\BOOKMARK [2][-]{subsection.5.1.2}{Reference Models}{section.5.1}% 33
\BOOKMARK [2][-]{subsection.5.1.3}{Parameter Tuning}{section.5.1}% 34
\BOOKMARK [2][-]{subsection.5.1.4}{Variable Selection}{section.5.1}% 35
\BOOKMARK [2][-]{subsection.5.1.5}{Model Evaluation}{section.5.1}% 36
\BOOKMARK [1][-]{section.5.2}{Results}{chapter.5}% 37
\BOOKMARK [2][-]{subsection.5.2.1}{Price Level Prediction}{section.5.2}% 38
\BOOKMARK [2][-]{subsection.5.2.2}{Binary Prediction}{section.5.2}% 39
\BOOKMARK [0][-]{chapter.6}{Conclusions}{part.4}% 40
\BOOKMARK [1][-]{section.6.1}{Conclusions}{chapter.6}% 41
\BOOKMARK [2][-]{subsection.6.1.1}{Results}{section.6.1}% 42
\BOOKMARK [2][-]{subsection.6.1.2}{Outlook}{section.6.1}% 43
\BOOKMARK [-1][-]{part.5}{V Appendix}{}% 44
\BOOKMARK [0][-]{section.6.2}{Figures}{part.5}% 45
\BOOKMARK [1][-]{section.6.3}{Tables}{section.6.2}% 46
