This is pdfTeX, Version 3.14159265-2.6-1.40.18 (MiKTeX 2.9.6350 64-bit) (preloaded format=pdflatex 2017.7.4)  9 NOV 2017 15:04
entering extended mode
**./Presentation.tex
(Presentation.tex
LaTeX2e <2017-04-15>
Babel <3.10> and hyphenation patterns for 75 language(s) loaded.

("C:\Users\KoopmaCK\AppData\Local\Programs\MiKTeX 2.9\tex\latex\beamer\beamer.c
ls"
Document Class: beamer 2017/01/23 v3.41 A class for typesetting presentations

("C:\Users\KoopmaCK\AppData\Local\Programs\MiKTeX 2.9\tex\latex\etoolbox\etoolb
ox.sty"
Package: etoolbox 2017/01/02 v2.4 e-TeX tools for LaTeX (JAW)
\etb@tempcnta=\count79
)
("C:\Users\KoopmaCK\AppData\Local\Programs\MiKTeX 2.9\tex\latex\beamer\beamerba
semodes.sty"
\beamer@tempbox=\box26
\beamer@tempcount=\count80
\c@beamerpauses=\count81

("C:\Users\KoopmaCK\AppData\Local\Programs\MiKTeX 2.9\tex\latex\beamer\beamerba
sedecode.sty"
\beamer@slideinframe=\count82
\beamer@minimum=\count83
)
\beamer@commentbox=\box27
\beamer@modecount=\count84
)
("C:\Users\KoopmaCK\AppData\Local\Programs\MiKTeX 2.9\tex\generic\oberdiek\ifpd
f.sty"
Package: ifpdf 2017/03/15 v3.2 Provides the ifpdf switch
)
\headheight=\dimen102
\headdp=\dimen103
\footheight=\dimen104
\sidebarheight=\dimen105
\beamer@tempdim=\dimen106
\beamer@finalheight=\dimen107
\beamer@animht=\dimen108
\beamer@animdp=\dimen109
\beamer@animwd=\dimen110
\beamer@leftmargin=\dimen111
\beamer@rightmargin=\dimen112
\beamer@leftsidebar=\dimen113
\beamer@rightsidebar=\dimen114
\beamer@boxsize=\dimen115
\beamer@vboxoffset=\dimen116
\beamer@descdefault=\dimen117
\beamer@descriptionwidth=\dimen118
\beamer@lastskip=\skip41
\beamer@areabox=\box28
\beamer@animcurrent=\box29
\beamer@animshowbox=\box30
\beamer@sectionbox=\box31
\beamer@logobox=\box32
\beamer@linebox=\box33
\beamer@sectioncount=\count85
\beamer@subsubsectionmax=\count86
\beamer@subsectionmax=\count87
\beamer@sectionmax=\count88
\beamer@totalheads=\count89
\beamer@headcounter=\count90
\beamer@partstartpage=\count91
\beamer@sectionstartpage=\count92
\beamer@subsectionstartpage=\count93
\beamer@animationtempa=\count94
\beamer@animationtempb=\count95
\beamer@xpos=\count96
\beamer@ypos=\count97
\beamer@showpartnumber=\count98
\beamer@currentsubsection=\count99
\beamer@coveringdepth=\count100
\beamer@sectionadjust=\count101
\beamer@tocsectionnumber=\count102

("C:\Users\KoopmaCK\AppData\Local\Programs\MiKTeX 2.9\tex\latex\beamer\beamerba
seoptions.sty"
("C:\Users\KoopmaCK\AppData\Local\Programs\MiKTeX 2.9\tex\latex\graphics\keyval
.sty"
Package: keyval 2014/10/28 v1.15 key=value parser (DPC)
\KV@toks@=\toks14
))
\beamer@paperwidth=\skip42
\beamer@paperheight=\skip43

("C:\Users\KoopmaCK\AppData\Local\Programs\MiKTeX 2.9\tex\latex\geometry\geomet
ry.sty"
Package: geometry 2010/09/12 v5.6 Page Geometry

("C:\Users\KoopmaCK\AppData\Local\Programs\MiKTeX 2.9\tex\generic\oberdiek\ifvt
ex.sty"
Package: ifvtex 2016/05/16 v1.6 Detect VTeX and its facilities (HO)
Package ifvtex Info: VTeX not detected.
)
("C:\Users\KoopmaCK\AppData\Local\Programs\MiKTeX 2.9\tex\generic\ifxetex\ifxet
ex.sty"
Package: ifxetex 2010/09/12 v0.6 Provides ifxetex conditional
)
\Gm@cnth=\count103
\Gm@cntv=\count104
\c@Gm@tempcnt=\count105
\Gm@bindingoffset=\dimen119
\Gm@wd@mp=\dimen120
\Gm@odd@mp=\dimen121
\Gm@even@mp=\dimen122
\Gm@layoutwidth=\dimen123
\Gm@layoutheight=\dimen124
\Gm@layouthoffset=\dimen125
\Gm@layoutvoffset=\dimen126
\Gm@dimlist=\toks15

("C:\Users\KoopmaCK\AppData\Local\Programs\MiKTeX 2.9\tex\latex\geometry\geomet
ry.cfg"))
("C:\Users\KoopmaCK\AppData\Local\Programs\MiKTeX 2.9\tex\latex\base\size11.clo
"
File: size11.clo 2014/09/29 v1.4h Standard LaTeX file (size option)
)
("C:\Users\KoopmaCK\AppData\Local\Programs\MiKTeX 2.9\tex\latex\pgf\basiclayer\
pgfcore.sty"
("C:\Users\KoopmaCK\AppData\Local\Programs\MiKTeX 2.9\tex\latex\graphics\graphi
cx.sty"
Package: graphicx 2014/10/28 v1.0g Enhanced LaTeX Graphics (DPC,SPQR)

("C:\Users\KoopmaCK\AppData\Local\Programs\MiKTeX 2.9\tex\latex\graphics\graphi
cs.sty"
Package: graphics 2017/04/14 v1.1b Standard LaTeX Graphics (DPC,SPQR)

("C:\Users\KoopmaCK\AppData\Local\Programs\MiKTeX 2.9\tex\latex\graphics\trig.s
ty"
Package: trig 2016/01/03 v1.10 sin cos tan (DPC)
)
("C:\Users\KoopmaCK\AppData\Local\Programs\MiKTeX 2.9\tex\latex\graphics-cfg\gr
aphics.cfg"
File: graphics.cfg 2016/06/04 v1.11 sample graphics configuration
)
Package graphics Info: Driver file: pdftex.def on input line 99.

("C:\Users\KoopmaCK\AppData\Local\Programs\MiKTeX 2.9\tex\latex\graphics-def\pd
ftex.def"
File: pdftex.def 2017/01/12 v0.06k Graphics/color for pdfTeX

("C:\Users\KoopmaCK\AppData\Local\Programs\MiKTeX 2.9\tex\generic\oberdiek\infw
arerr.sty"
Package: infwarerr 2016/05/16 v1.4 Providing info/warning/error messages (HO)
)
("C:\Users\KoopmaCK\AppData\Local\Programs\MiKTeX 2.9\tex\generic\oberdiek\ltxc
mds.sty"
Package: ltxcmds 2016/05/16 v1.23 LaTeX kernel commands for general use (HO)
)
\Gread@gobject=\count106
))
\Gin@req@height=\dimen127
\Gin@req@width=\dimen128
)
("C:\Users\KoopmaCK\AppData\Local\Programs\MiKTeX 2.9\tex\latex\pgf\systemlayer
\pgfsys.sty"
("C:\Users\KoopmaCK\AppData\Local\Programs\MiKTeX 2.9\tex\latex\pgf\utilities\p
gfrcs.sty"
("C:\Users\KoopmaCK\AppData\Local\Programs\MiKTeX 2.9\tex\generic\pgf\utilities
\pgfutil-common.tex"
\pgfutil@everybye=\toks16
\pgfutil@tempdima=\dimen129
\pgfutil@tempdimb=\dimen130

("C:\Users\KoopmaCK\AppData\Local\Programs\MiKTeX 2.9\tex\generic\pgf\utilities
\pgfutil-common-lists.tex"))
("C:\Users\KoopmaCK\AppData\Local\Programs\MiKTeX 2.9\tex\generic\pgf\utilities
\pgfutil-latex.def"
\pgfutil@abb=\box34

("C:\Users\KoopmaCK\AppData\Local\Programs\MiKTeX 2.9\tex\latex\ms\everyshi.sty
"
Package: everyshi 2001/05/15 v3.00 EveryShipout Package (MS)
))
("C:\Users\KoopmaCK\AppData\Local\Programs\MiKTeX 2.9\tex\generic\pgf\utilities
\pgfrcs.code.tex"
Package: pgfrcs 2015/08/07 v3.0.1a (rcs-revision 1.31)
))
("C:\Users\KoopmaCK\AppData\Local\Programs\MiKTeX 2.9\tex\generic\pgf\systemlay
er\pgfsys.code.tex"
Package: pgfsys 2014/07/09 v3.0.1a (rcs-revision 1.48)

("C:\Users\KoopmaCK\AppData\Local\Programs\MiKTeX 2.9\tex\generic\pgf\utilities
\pgfkeys.code.tex"
\pgfkeys@pathtoks=\toks17
\pgfkeys@temptoks=\toks18

("C:\Users\KoopmaCK\AppData\Local\Programs\MiKTeX 2.9\tex\generic\pgf\utilities
\pgfkeysfiltered.code.tex"
\pgfkeys@tmptoks=\toks19
))
\pgf@x=\dimen131
\pgf@y=\dimen132
\pgf@xa=\dimen133
\pgf@ya=\dimen134
\pgf@xb=\dimen135
\pgf@yb=\dimen136
\pgf@xc=\dimen137
\pgf@yc=\dimen138
\w@pgf@writea=\write3
\r@pgf@reada=\read1
\c@pgf@counta=\count107
\c@pgf@countb=\count108
\c@pgf@countc=\count109
\c@pgf@countd=\count110
\t@pgf@toka=\toks20
\t@pgf@tokb=\toks21
\t@pgf@tokc=\toks22

("C:\Users\KoopmaCK\AppData\Local\Programs\MiKTeX 2.9\tex\generic\pgf\systemlay
er\pgf.cfg"
File: pgf.cfg 2008/05/14  (rcs-revision 1.7)
)
Driver file for pgf: pgfsys-pdftex.def

("C:\Users\KoopmaCK\AppData\Local\Programs\MiKTeX 2.9\tex\generic\pgf\systemlay
er\pgfsys-pdftex.def"
File: pgfsys-pdftex.def 2014/10/11  (rcs-revision 1.35)

("C:\Users\KoopmaCK\AppData\Local\Programs\MiKTeX 2.9\tex\generic\pgf\systemlay
er\pgfsys-common-pdf.def"
File: pgfsys-common-pdf.def 2013/10/10  (rcs-revision 1.13)
)))
("C:\Users\KoopmaCK\AppData\Local\Programs\MiKTeX 2.9\tex\generic\pgf\systemlay
er\pgfsyssoftpath.code.tex"
File: pgfsyssoftpath.code.tex 2013/09/09  (rcs-revision 1.9)
\pgfsyssoftpath@smallbuffer@items=\count111
\pgfsyssoftpath@bigbuffer@items=\count112
)
("C:\Users\KoopmaCK\AppData\Local\Programs\MiKTeX 2.9\tex\generic\pgf\systemlay
er\pgfsysprotocol.code.tex"
File: pgfsysprotocol.code.tex 2006/10/16  (rcs-revision 1.4)
))
("C:\Users\KoopmaCK\AppData\Local\Programs\MiKTeX 2.9\tex\latex\xcolor\xcolor.s
ty"
Package: xcolor 2016/05/11 v2.12 LaTeX color extensions (UK)

("C:\Users\KoopmaCK\AppData\Local\Programs\MiKTeX 2.9\tex\latex\graphics-cfg\co
lor.cfg"
File: color.cfg 2016/01/02 v1.6 sample color configuration
)
Package xcolor Info: Driver file: pdftex.def on input line 225.
Package xcolor Info: Model `cmy' substituted by `cmy0' on input line 1348.
Package xcolor Info: Model `hsb' substituted by `rgb' on input line 1352.
Package xcolor Info: Model `RGB' extended on input line 1364.
Package xcolor Info: Model `HTML' substituted by `rgb' on input line 1366.
Package xcolor Info: Model `Hsb' substituted by `hsb' on input line 1367.
Package xcolor Info: Model `tHsb' substituted by `hsb' on input line 1368.
Package xcolor Info: Model `HSB' substituted by `hsb' on input line 1369.
Package xcolor Info: Model `Gray' substituted by `gray' on input line 1370.
Package xcolor Info: Model `wave' substituted by `hsb' on input line 1371.
)
("C:\Users\KoopmaCK\AppData\Local\Programs\MiKTeX 2.9\tex\generic\pgf\basiclaye
r\pgfcore.code.tex"
Package: pgfcore 2010/04/11 v3.0.1a (rcs-revision 1.7)

("C:\Users\KoopmaCK\AppData\Local\Programs\MiKTeX 2.9\tex\generic\pgf\math\pgfm
ath.code.tex"
("C:\Users\KoopmaCK\AppData\Local\Programs\MiKTeX 2.9\tex\generic\pgf\math\pgfm
athcalc.code.tex"
("C:\Users\KoopmaCK\AppData\Local\Programs\MiKTeX 2.9\tex\generic\pgf\math\pgfm
athutil.code.tex")
("C:\Users\KoopmaCK\AppData\Local\Programs\MiKTeX 2.9\tex\generic\pgf\math\pgfm
athparser.code.tex"
\pgfmath@dimen=\dimen139
\pgfmath@count=\count113
\pgfmath@box=\box35
\pgfmath@toks=\toks23
\pgfmath@stack@operand=\toks24
\pgfmath@stack@operation=\toks25
)
("C:\Users\KoopmaCK\AppData\Local\Programs\MiKTeX 2.9\tex\generic\pgf\math\pgfm
athfunctions.code.tex"
("C:\Users\KoopmaCK\AppData\Local\Programs\MiKTeX 2.9\tex\generic\pgf\math\pgfm
athfunctions.basic.code.tex")
("C:\Users\KoopmaCK\AppData\Local\Programs\MiKTeX 2.9\tex\generic\pgf\math\pgfm
athfunctions.trigonometric.code.tex")
("C:\Users\KoopmaCK\AppData\Local\Programs\MiKTeX 2.9\tex\generic\pgf\math\pgfm
athfunctions.random.code.tex")
("C:\Users\KoopmaCK\AppData\Local\Programs\MiKTeX 2.9\tex\generic\pgf\math\pgfm
athfunctions.comparison.code.tex")
("C:\Users\KoopmaCK\AppData\Local\Programs\MiKTeX 2.9\tex\generic\pgf\math\pgfm
athfunctions.base.code.tex")
("C:\Users\KoopmaCK\AppData\Local\Programs\MiKTeX 2.9\tex\generic\pgf\math\pgfm
athfunctions.round.code.tex")
("C:\Users\KoopmaCK\AppData\Local\Programs\MiKTeX 2.9\tex\generic\pgf\math\pgfm
athfunctions.misc.code.tex")
("C:\Users\KoopmaCK\AppData\Local\Programs\MiKTeX 2.9\tex\generic\pgf\math\pgfm
athfunctions.integerarithmetics.code.tex")))
("C:\Users\KoopmaCK\AppData\Local\Programs\MiKTeX 2.9\tex\generic\pgf\math\pgfm
athfloat.code.tex"
\c@pgfmathroundto@lastzeros=\count114
))
("C:\Users\KoopmaCK\AppData\Local\Programs\MiKTeX 2.9\tex\generic\pgf\basiclaye
r\pgfcorepoints.code.tex"
File: pgfcorepoints.code.tex 2013/10/07  (rcs-revision 1.27)
\pgf@picminx=\dimen140
\pgf@picmaxx=\dimen141
\pgf@picminy=\dimen142
\pgf@picmaxy=\dimen143
\pgf@pathminx=\dimen144
\pgf@pathmaxx=\dimen145
\pgf@pathminy=\dimen146
\pgf@pathmaxy=\dimen147
\pgf@xx=\dimen148
\pgf@xy=\dimen149
\pgf@yx=\dimen150
\pgf@yy=\dimen151
\pgf@zx=\dimen152
\pgf@zy=\dimen153
)
("C:\Users\KoopmaCK\AppData\Local\Programs\MiKTeX 2.9\tex\generic\pgf\basiclaye
r\pgfcorepathconstruct.code.tex"
File: pgfcorepathconstruct.code.tex 2013/10/07  (rcs-revision 1.29)
\pgf@path@lastx=\dimen154
\pgf@path@lasty=\dimen155
)
("C:\Users\KoopmaCK\AppData\Local\Programs\MiKTeX 2.9\tex\generic\pgf\basiclaye
r\pgfcorepathusage.code.tex"
File: pgfcorepathusage.code.tex 2014/11/02  (rcs-revision 1.24)
\pgf@shorten@end@additional=\dimen156
\pgf@shorten@start@additional=\dimen157
)
("C:\Users\KoopmaCK\AppData\Local\Programs\MiKTeX 2.9\tex\generic\pgf\basiclaye
r\pgfcorescopes.code.tex"
File: pgfcorescopes.code.tex 2015/05/08  (rcs-revision 1.46)
\pgfpic=\box36
\pgf@hbox=\box37
\pgf@layerbox@main=\box38
\pgf@picture@serial@count=\count115
)
("C:\Users\KoopmaCK\AppData\Local\Programs\MiKTeX 2.9\tex\generic\pgf\basiclaye
r\pgfcoregraphicstate.code.tex"
File: pgfcoregraphicstate.code.tex 2014/11/02  (rcs-revision 1.12)
\pgflinewidth=\dimen158
)
("C:\Users\KoopmaCK\AppData\Local\Programs\MiKTeX 2.9\tex\generic\pgf\basiclaye
r\pgfcoretransformations.code.tex"
File: pgfcoretransformations.code.tex 2015/08/07  (rcs-revision 1.20)
\pgf@pt@x=\dimen159
\pgf@pt@y=\dimen160
\pgf@pt@temp=\dimen161
)
("C:\Users\KoopmaCK\AppData\Local\Programs\MiKTeX 2.9\tex\generic\pgf\basiclaye
r\pgfcorequick.code.tex"
File: pgfcorequick.code.tex 2008/10/09  (rcs-revision 1.3)
)
("C:\Users\KoopmaCK\AppData\Local\Programs\MiKTeX 2.9\tex\generic\pgf\basiclaye
r\pgfcoreobjects.code.tex"
File: pgfcoreobjects.code.tex 2006/10/11  (rcs-revision 1.2)
)
("C:\Users\KoopmaCK\AppData\Local\Programs\MiKTeX 2.9\tex\generic\pgf\basiclaye
r\pgfcorepathprocessing.code.tex"
File: pgfcorepathprocessing.code.tex 2013/09/09  (rcs-revision 1.9)
)
("C:\Users\KoopmaCK\AppData\Local\Programs\MiKTeX 2.9\tex\generic\pgf\basiclaye
r\pgfcorearrows.code.tex"
File: pgfcorearrows.code.tex 2015/05/14  (rcs-revision 1.43)
\pgfarrowsep=\dimen162
)
("C:\Users\KoopmaCK\AppData\Local\Programs\MiKTeX 2.9\tex\generic\pgf\basiclaye
r\pgfcoreshade.code.tex"
File: pgfcoreshade.code.tex 2013/07/15  (rcs-revision 1.15)
\pgf@max=\dimen163
\pgf@sys@shading@range@num=\count116
)
("C:\Users\KoopmaCK\AppData\Local\Programs\MiKTeX 2.9\tex\generic\pgf\basiclaye
r\pgfcoreimage.code.tex"
File: pgfcoreimage.code.tex 2013/07/15  (rcs-revision 1.18)

("C:\Users\KoopmaCK\AppData\Local\Programs\MiKTeX 2.9\tex\generic\pgf\basiclaye
r\pgfcoreexternal.code.tex"
File: pgfcoreexternal.code.tex 2014/07/09  (rcs-revision 1.21)
\pgfexternal@startupbox=\box39
))
("C:\Users\KoopmaCK\AppData\Local\Programs\MiKTeX 2.9\tex\generic\pgf\basiclaye
r\pgfcorelayers.code.tex"
File: pgfcorelayers.code.tex 2013/07/18  (rcs-revision 1.7)
)
("C:\Users\KoopmaCK\AppData\Local\Programs\MiKTeX 2.9\tex\generic\pgf\basiclaye
r\pgfcoretransparency.code.tex"
File: pgfcoretransparency.code.tex 2013/09/30  (rcs-revision 1.5)
)
("C:\Users\KoopmaCK\AppData\Local\Programs\MiKTeX 2.9\tex\generic\pgf\basiclaye
r\pgfcorepatterns.code.tex"
File: pgfcorepatterns.code.tex 2013/11/07  (rcs-revision 1.5)
)))
("C:\Users\KoopmaCK\AppData\Local\Programs\MiKTeX 2.9\tex\latex\pgf\utilities\x
xcolor.sty"
Package: xxcolor 2003/10/24 ver 0.1
\XC@nummixins=\count117
\XC@countmixins=\count118
)
("C:\Users\KoopmaCK\AppData\Local\Programs\MiKTeX 2.9\tex\generic\oberdiek\atbe
gshi.sty"
Package: atbegshi 2016/06/09 v1.18 At begin shipout hook (HO)
)
("C:\Users\KoopmaCK\AppData\Local\Programs\MiKTeX 2.9\tex\latex\hyperref\hyperr
ef.sty"
Package: hyperref 2017/03/14 v6.85a Hypertext links for LaTeX

("C:\Users\KoopmaCK\AppData\Local\Programs\MiKTeX 2.9\tex\generic\oberdiek\hobs
ub-hyperref.sty"
Package: hobsub-hyperref 2016/05/16 v1.14 Bundle oberdiek, subset hyperref (HO)


("C:\Users\KoopmaCK\AppData\Local\Programs\MiKTeX 2.9\tex\generic\oberdiek\hobs
ub-generic.sty"
Package: hobsub-generic 2016/05/16 v1.14 Bundle oberdiek, subset generic (HO)
Package: hobsub 2016/05/16 v1.14 Construct package bundles (HO)
Package hobsub Info: Skipping package `infwarerr' (already loaded).
Package hobsub Info: Skipping package `ltxcmds' (already loaded).
Package: ifluatex 2016/05/16 v1.4 Provides the ifluatex switch (HO)
Package ifluatex Info: LuaTeX not detected.
Package hobsub Info: Skipping package `ifvtex' (already loaded).
Package: intcalc 2016/05/16 v1.2 Expandable calculations with integers (HO)
Package hobsub Info: Skipping package `ifpdf' (already loaded).
Package: etexcmds 2016/05/16 v1.6 Avoid name clashes with e-TeX commands (HO)
Package etexcmds Info: Could not find \expanded.
(etexcmds)             That can mean that you are not using pdfTeX 1.50 or
(etexcmds)             that some package has redefined \expanded.
(etexcmds)             In the latter case, load this package earlier.
Package: kvsetkeys 2016/05/16 v1.17 Key value parser (HO)
Package: kvdefinekeys 2016/05/16 v1.4 Define keys (HO)
Package: pdftexcmds 2017/03/19 v0.25 Utility functions of pdfTeX for LuaTeX (HO
)
Package pdftexcmds Info: LuaTeX not detected.
Package pdftexcmds Info: \pdf@primitive is available.
Package pdftexcmds Info: \pdf@ifprimitive is available.
Package pdftexcmds Info: \pdfdraftmode found.
Package: pdfescape 2016/05/16 v1.14 Implements pdfTeX's escape features (HO)
Package: bigintcalc 2016/05/16 v1.4 Expandable calculations on big integers (HO
)
Package: bitset 2016/05/16 v1.2 Handle bit-vector datatype (HO)
Package: uniquecounter 2016/05/16 v1.3 Provide unlimited unique counter (HO)
)
Package hobsub Info: Skipping package `hobsub' (already loaded).
Package: letltxmacro 2016/05/16 v1.5 Let assignment for LaTeX macros (HO)
Package: hopatch 2016/05/16 v1.3 Wrapper for package hooks (HO)
Package: xcolor-patch 2016/05/16 xcolor patch
Package: atveryend 2016/05/16 v1.9 Hooks at the very end of document (HO)
Package hobsub Info: Skipping package `atbegshi' (already loaded).
Package: refcount 2016/05/16 v3.5 Data extraction from label references (HO)
Package: hycolor 2016/05/16 v1.8 Color options for hyperref/bookmark (HO)
)
("C:\Users\KoopmaCK\AppData\Local\Programs\MiKTeX 2.9\tex\latex\oberdiek\auxhoo
k.sty"
Package: auxhook 2016/05/16 v1.4 Hooks for auxiliary files (HO)
)
("C:\Users\KoopmaCK\AppData\Local\Programs\MiKTeX 2.9\tex\latex\oberdiek\kvopti
ons.sty"
Package: kvoptions 2016/05/16 v3.12 Key value format for package options (HO)
)
\@linkdim=\dimen164
\Hy@linkcounter=\count119
\Hy@pagecounter=\count120

("C:\Users\KoopmaCK\AppData\Local\Programs\MiKTeX 2.9\tex\latex\hyperref\pd1enc
.def"
File: pd1enc.def 2017/03/14 v6.85a Hyperref: PDFDocEncoding definition (HO)
)
\Hy@SavedSpaceFactor=\count121

("C:\Users\KoopmaCK\AppData\Local\Programs\MiKTeX 2.9\tex\latex\00miktex\hyperr
ef.cfg"
File: hyperref.cfg 2002/06/06 v1.2 hyperref configuration of TeXLive
)
Package hyperref Info: Option `bookmarks' set `true' on input line 4374.
Package hyperref Info: Option `bookmarksopen' set `true' on input line 4374.
Package hyperref Info: Option `implicit' set `false' on input line 4374.
Package hyperref Info: Hyper figures OFF on input line 4498.
Package hyperref Info: Link nesting OFF on input line 4503.
Package hyperref Info: Hyper index ON on input line 4506.
Package hyperref Info: Plain pages OFF on input line 4513.
Package hyperref Info: Backreferencing OFF on input line 4518.
Package hyperref Info: Implicit mode OFF; no redefinition of LaTeX internals.
Package hyperref Info: Bookmarks ON on input line 4751.
\c@Hy@tempcnt=\count122

("C:\Users\KoopmaCK\AppData\Local\Programs\MiKTeX 2.9\tex\latex\url\url.sty"
\Urlmuskip=\muskip10
Package: url 2013/09/16  ver 3.4  Verb mode for urls, etc.
)
LaTeX Info: Redefining \url on input line 5104.
\XeTeXLinkMargin=\dimen165
\Fld@menulength=\count123
\Field@Width=\dimen166
\Fld@charsize=\dimen167
Package hyperref Info: Hyper figures OFF on input line 6358.
Package hyperref Info: Link nesting OFF on input line 6363.
Package hyperref Info: Hyper index ON on input line 6366.
Package hyperref Info: backreferencing OFF on input line 6373.
Package hyperref Info: Link coloring OFF on input line 6378.
Package hyperref Info: Link coloring with OCG OFF on input line 6383.
Package hyperref Info: PDF/A mode OFF on input line 6388.
LaTeX Info: Redefining \ref on input line 6428.
LaTeX Info: Redefining \pageref on input line 6432.
\Hy@abspage=\count124


Package hyperref Message: Stopped early.

)

Package hyperref Message: Driver (autodetected): hpdftex.


("C:\Users\KoopmaCK\AppData\Local\Programs\MiKTeX 2.9\tex\latex\hyperref\hpdfte
x.def"
File: hpdftex.def 2017/03/14 v6.85a Hyperref driver for pdfTeX
\Fld@listcount=\count125
\c@bookmark@seq@number=\count126

("C:\Users\KoopmaCK\AppData\Local\Programs\MiKTeX 2.9\tex\latex\oberdiek\rerunf
ilecheck.sty"
Package: rerunfilecheck 2016/05/16 v1.8 Rerun checks for auxiliary files (HO)
Package uniquecounter Info: New unique counter `rerunfilecheck' on input line 2
82.
))
("C:\Users\KoopmaCK\AppData\Local\Programs\MiKTeX 2.9\tex\latex\beamer\beamerba
serequires.sty"
("C:\Users\KoopmaCK\AppData\Local\Programs\MiKTeX 2.9\tex\latex\beamer\beamerba
secompatibility.sty")
("C:\Users\KoopmaCK\AppData\Local\Programs\MiKTeX 2.9\tex\latex\beamer\beamerba
sefont.sty"
("C:\Users\KoopmaCK\AppData\Local\Programs\MiKTeX 2.9\tex\latex\amsfonts\amssym
b.sty"
Package: amssymb 2013/01/14 v3.01 AMS font symbols

("C:\Users\KoopmaCK\AppData\Local\Programs\MiKTeX 2.9\tex\latex\amsfonts\amsfon
ts.sty"
Package: amsfonts 2013/01/14 v3.01 Basic AMSFonts support
\@emptytoks=\toks26
\symAMSa=\mathgroup4
\symAMSb=\mathgroup5
LaTeX Font Info:    Overwriting math alphabet `\mathfrak' in version `bold'
(Font)                  U/euf/m/n --> U/euf/b/n on input line 106.
))
("C:\Users\KoopmaCK\AppData\Local\Programs\MiKTeX 2.9\tex\latex\sansmathaccent\
sansmathaccent.sty"
Package: sansmathaccent 2013/03/28

("C:\Users\KoopmaCK\AppData\Local\Programs\MiKTeX 2.9\tex\latex\filehook\fileho
ok.sty"
Package: filehook 2011/10/12 v0.5d Hooks for input files
)))
("C:\Users\KoopmaCK\AppData\Local\Programs\MiKTeX 2.9\tex\latex\beamer\beamerba
setranslator.sty"
("C:\Users\KoopmaCK\AppData\Local\Programs\MiKTeX 2.9\tex\latex\beamer\translat
or\translator.sty"
Package: translator 2010/06/12 ver 1.10

("C:\Users\KoopmaCK\AppData\Local\Programs\MiKTeX 2.9\tex\latex\beamer\translat
or\translator-language-mappings.tex")))
("C:\Users\KoopmaCK\AppData\Local\Programs\MiKTeX 2.9\tex\latex\beamer\beamerba
semisc.sty")
("C:\Users\KoopmaCK\AppData\Local\Programs\MiKTeX 2.9\tex\latex\beamer\beamerba
setwoscreens.sty")
("C:\Users\KoopmaCK\AppData\Local\Programs\MiKTeX 2.9\tex\latex\beamer\beamerba
seoverlay.sty"
\beamer@argscount=\count127
\beamer@lastskipcover=\skip44
\beamer@trivlistdepth=\count128
)
("C:\Users\KoopmaCK\AppData\Local\Programs\MiKTeX 2.9\tex\latex\beamer\beamerba
setitle.sty")
("C:\Users\KoopmaCK\AppData\Local\Programs\MiKTeX 2.9\tex\latex\beamer\beamerba
sesection.sty"
\c@lecture=\count129
\c@part=\count130
\c@section=\count131
\c@subsection=\count132
\c@subsubsection=\count133
)
("C:\Users\KoopmaCK\AppData\Local\Programs\MiKTeX 2.9\tex\latex\beamer\beamerba
seframe.sty"
\beamer@framebox=\box40
\beamer@frametitlebox=\box41
\beamer@zoombox=\box42
\beamer@zoomcount=\count134
\beamer@zoomframecount=\count135
\beamer@frametextheight=\dimen168
\c@subsectionslide=\count136
\beamer@frametopskip=\skip45
\beamer@framebottomskip=\skip46
\beamer@frametopskipautobreak=\skip47
\beamer@framebottomskipautobreak=\skip48
\beamer@envbody=\toks27
\framewidth=\dimen169
\c@framenumber=\count137
)
("C:\Users\KoopmaCK\AppData\Local\Programs\MiKTeX 2.9\tex\latex\beamer\beamerba
severbatim.sty"
\beamer@verbatimfileout=\write4
)
("C:\Users\KoopmaCK\AppData\Local\Programs\MiKTeX 2.9\tex\latex\beamer\beamerba
seframesize.sty"
\beamer@splitbox=\box43
\beamer@autobreakcount=\count138
\beamer@autobreaklastheight=\dimen170
\beamer@frametitletoks=\toks28
\beamer@framesubtitletoks=\toks29
)
("C:\Users\KoopmaCK\AppData\Local\Programs\MiKTeX 2.9\tex\latex\beamer\beamerba
seframecomponents.sty"
\beamer@footins=\box44
)
("C:\Users\KoopmaCK\AppData\Local\Programs\MiKTeX 2.9\tex\latex\beamer\beamerba
secolor.sty")
("C:\Users\KoopmaCK\AppData\Local\Programs\MiKTeX 2.9\tex\latex\beamer\beamerba
senotes.sty"
\beamer@frameboxcopy=\box45
)
("C:\Users\KoopmaCK\AppData\Local\Programs\MiKTeX 2.9\tex\latex\beamer\beamerba
setoc.sty")
("C:\Users\KoopmaCK\AppData\Local\Programs\MiKTeX 2.9\tex\latex\beamer\beamerba
setemplates.sty"
\beamer@sbttoks=\toks30

("C:\Users\KoopmaCK\AppData\Local\Programs\MiKTeX 2.9\tex\latex\beamer\beamerba
seauxtemplates.sty"
("C:\Users\KoopmaCK\AppData\Local\Programs\MiKTeX 2.9\tex\latex\beamer\beamerba
seboxes.sty"
\bmb@box=\box46
\bmb@colorbox=\box47
\bmb@boxshadow=\box48
\bmb@boxshadowball=\box49
\bmb@boxshadowballlarge=\box50
\bmb@temp=\dimen171
\bmb@dima=\dimen172
\bmb@dimb=\dimen173
\bmb@prevheight=\dimen174
)
\beamer@blockheadheight=\dimen175
))
("C:\Users\KoopmaCK\AppData\Local\Programs\MiKTeX 2.9\tex\latex\beamer\beamerba
selocalstructure.sty"
("C:\Users\KoopmaCK\AppData\Local\Programs\MiKTeX 2.9\tex\latex\tools\enumerate
.sty"
Package: enumerate 2015/07/23 v3.00 enumerate extensions (DPC)
\@enLab=\toks31
)
\c@figure=\count139
\c@table=\count140
\abovecaptionskip=\skip49
\belowcaptionskip=\skip50
)
("C:\Users\KoopmaCK\AppData\Local\Programs\MiKTeX 2.9\tex\latex\beamer\beamerba
senavigation.sty"
\beamer@section@min@dim=\dimen176
)
("C:\Users\KoopmaCK\AppData\Local\Programs\MiKTeX 2.9\tex\latex\beamer\beamerba
setheorems.sty"
("C:\Users\KoopmaCK\AppData\Local\Programs\MiKTeX 2.9\tex\latex\amsmath\amsmath
.sty"
Package: amsmath 2016/11/05 v2.16a AMS math features
\@mathmargin=\skip51

For additional information on amsmath, use the `?' option.

("C:\Users\KoopmaCK\AppData\Local\Programs\MiKTeX 2.9\tex\latex\amsmath\amstext
.sty"
Package: amstext 2000/06/29 v2.01 AMS text

("C:\Users\KoopmaCK\AppData\Local\Programs\MiKTeX 2.9\tex\latex\amsmath\amsgen.
sty"
File: amsgen.sty 1999/11/30 v2.0 generic functions
\@emptytoks=\toks32
\ex@=\dimen177
))
("C:\Users\KoopmaCK\AppData\Local\Programs\MiKTeX 2.9\tex\latex\amsmath\amsbsy.
sty"
Package: amsbsy 1999/11/29 v1.2d Bold Symbols
\pmbraise@=\dimen178
)
("C:\Users\KoopmaCK\AppData\Local\Programs\MiKTeX 2.9\tex\latex\amsmath\amsopn.
sty"
Package: amsopn 2016/03/08 v2.02 operator names
)
\inf@bad=\count141
LaTeX Info: Redefining \frac on input line 213.
\uproot@=\count142
\leftroot@=\count143
LaTeX Info: Redefining \overline on input line 375.
\classnum@=\count144
\DOTSCASE@=\count145
LaTeX Info: Redefining \ldots on input line 472.
LaTeX Info: Redefining \dots on input line 475.
LaTeX Info: Redefining \cdots on input line 596.
\Mathstrutbox@=\box51
\strutbox@=\box52
\big@size=\dimen179
LaTeX Font Info:    Redeclaring font encoding OML on input line 712.
LaTeX Font Info:    Redeclaring font encoding OMS on input line 713.
\macc@depth=\count146
\c@MaxMatrixCols=\count147
\dotsspace@=\muskip11
\c@parentequation=\count148
\dspbrk@lvl=\count149
\tag@help=\toks33
\row@=\count150
\column@=\count151
\maxfields@=\count152
\andhelp@=\toks34
\eqnshift@=\dimen180
\alignsep@=\dimen181
\tagshift@=\dimen182
\tagwidth@=\dimen183
\totwidth@=\dimen184
\lineht@=\dimen185
\@envbody=\toks35
\multlinegap=\skip52
\multlinetaggap=\skip53
\mathdisplay@stack=\toks36
LaTeX Info: Redefining \[ on input line 2817.
LaTeX Info: Redefining \] on input line 2818.
)
("C:\Users\KoopmaCK\AppData\Local\Programs\MiKTeX 2.9\tex\latex\amscls\amsthm.s
ty"
Package: amsthm 2015/03/04 v2.20.2
\thm@style=\toks37
\thm@bodyfont=\toks38
\thm@headfont=\toks39
\thm@notefont=\toks40
\thm@headpunct=\toks41
\thm@preskip=\skip54
\thm@postskip=\skip55
\thm@headsep=\skip56
\dth@everypar=\toks42
)
\c@theorem=\count153
)
("C:\Users\KoopmaCK\AppData\Local\Programs\MiKTeX 2.9\tex\latex\beamer\beamerba
sethemes.sty"))
("C:\Users\KoopmaCK\AppData\Local\Programs\MiKTeX 2.9\tex\latex\beamer\themes\t
heme\beamerthemedefault.sty"
("C:\Users\KoopmaCK\AppData\Local\Programs\MiKTeX 2.9\tex\latex\beamer\themes\f
ont\beamerfontthemedefault.sty")
("C:\Users\KoopmaCK\AppData\Local\Programs\MiKTeX 2.9\tex\latex\beamer\themes\c
olor\beamercolorthemedefault.sty")
("C:\Users\KoopmaCK\AppData\Local\Programs\MiKTeX 2.9\tex\latex\beamer\themes\i
nner\beamerinnerthemedefault.sty"
\beamer@dima=\dimen186
\beamer@dimb=\dimen187
)
("C:\Users\KoopmaCK\AppData\Local\Programs\MiKTeX 2.9\tex\latex\beamer\themes\o
uter\beamerouterthemedefault.sty")))
("C:\Users\KoopmaCK\AppData\Local\Programs\MiKTeX 2.9\tex\latex\base\inputenc.s
ty"
Package: inputenc 2015/03/17 v1.2c Input encoding file
\inpenc@prehook=\toks43
\inpenc@posthook=\toks44

("C:\Users\KoopmaCK\AppData\Local\Programs\MiKTeX 2.9\tex\latex\base\latin1.def
"
File: latin1.def 2015/03/17 v1.2c Input encoding file
))
("C:\Users\KoopmaCK\AppData\Local\Programs\MiKTeX 2.9\tex\latex\base\fontenc.st
y"
Package: fontenc 2017/04/05 v2.0i Standard LaTeX package

("C:\Users\KoopmaCK\AppData\Local\Programs\MiKTeX 2.9\tex\latex\base\t1enc.def"
File: t1enc.def 2017/04/05 v2.0i Standard LaTeX file
LaTeX Font Info:    Redeclaring font encoding T1 on input line 48.
))
("C:\Users\KoopmaCK\AppData\Local\Programs\MiKTeX 2.9\tex\generic\babel\babel.s
ty"
Package: babel 2017/05/19 3.10 The Babel package

*************************************
* Local config file bblopts.cfg used
*

("C:\Users\KoopmaCK\AppData\Local\Programs\MiKTeX 2.9\tex\latex\arabi\bblopts.c
fg"
File: bblopts.cfg 2005/09/08 v0.1 add Arabic and Farsi to "declared" options of
 babel
)
("C:\Users\KoopmaCK\AppData\Local\Programs\MiKTeX 2.9\tex\latex\babel-english\e
nglish.ldf"
Language: english 2017/01/24 v3.3q English support from the babel system

("C:\Users\KoopmaCK\AppData\Local\Programs\MiKTeX 2.9\tex\generic\babel\babel.d
ef"
File: babel.def 2017/05/19 3.10 Babel common definitions
\babel@savecnt=\count154
\U@D=\dimen188
LaTeX Info: Redefining \textlatin on input line 1648.
)
\l@canadian = a dialect from \language\l@american 
\l@australian = a dialect from \language\l@british 
\l@newzealand = a dialect from \language\l@british 
))
("C:\Users\KoopmaCK\AppData\Local\Programs\MiKTeX 2.9\tex\latex\listings\listin
gs.sty"
\lst@mode=\count155
\lst@gtempboxa=\box53
\lst@token=\toks45
\lst@length=\count156
\lst@currlwidth=\dimen189
\lst@column=\count157
\lst@pos=\count158
\lst@lostspace=\dimen190
\lst@width=\dimen191
\lst@newlines=\count159
\lst@lineno=\count160
\lst@maxwidth=\dimen192

("C:\Users\KoopmaCK\AppData\Local\Programs\MiKTeX 2.9\tex\latex\listings\lstmis
c.sty"
File: lstmisc.sty 2015/06/04 1.6 (Carsten Heinz)
\c@lstnumber=\count161
\lst@skipnumbers=\count162
\lst@framebox=\box54
)
("C:\Users\KoopmaCK\AppData\Local\Programs\MiKTeX 2.9\tex\latex\listings\listin
gs.cfg"
File: listings.cfg 2015/06/04 1.6 listings configuration
))
Package: listings 2015/06/04 1.6 (Carsten Heinz)

("C:\Users\KoopmaCK\AppData\Local\Programs\MiKTeX 2.9\tex\latex\eso-pic\eso-pic
.sty"
Package: eso-pic 2015/07/21 v2.0g eso-pic (RN)
)
("C:\Users\KoopmaCK\AppData\Local\Programs\MiKTeX 2.9\tex\latex\jknappen\mathrs
fs.sty"
Package: mathrsfs 1996/01/01 Math RSFS package v1.0 (jk)
\symrsfs=\mathgroup6
)
("C:\Users\KoopmaCK\AppData\Local\Programs\MiKTeX 2.9\tex\latex\multirow\multir
ow.sty"
Package: multirow 2016/11/25 v2.2 Span multiple rows of a table
\multirow@colwidth=\skip57
\multirow@cntb=\count163
\multirow@dima=\skip58
\bigstrutjot=\dimen193
)
("C:\Users\KoopmaCK\AppData\Local\Programs\MiKTeX 2.9\tex\latex\booktabs\bookta
bs.sty"
Package: booktabs 2005/04/14 v1.61803 publication quality tables
\heavyrulewidth=\dimen194
\lightrulewidth=\dimen195
\cmidrulewidth=\dimen196
\belowrulesep=\dimen197
\belowbottomsep=\dimen198
\aboverulesep=\dimen199
\abovetopsep=\dimen256
\cmidrulesep=\dimen257
\cmidrulekern=\dimen258
\defaultaddspace=\dimen259
\@cmidla=\count164
\@cmidlb=\count165
\@aboverulesep=\dimen260
\@belowrulesep=\dimen261
\@thisruleclass=\count166
\@lastruleclass=\count167
\@thisrulewidth=\dimen262
)
("C:\Users\KoopmaCK\AppData\Local\Programs\MiKTeX 2.9\tex\latex\cooltooltips\co
oltooltips.sty"
Package: cooltooltips 2006/03/07 v1.0 Cool PDF tooltips
\ctip@content@box=\box55
) (colordef.sty) (beamerdefs.sty
\c@mexample=\count168
) (lvblisting.sty)
(Presentation.aux

LaTeX Warning: Label `tab:min.eval.cv' multiply defined.


LaTeX Warning: Label `tab:best_models' multiply defined.


LaTeX Warning: Label `tab:best_models' multiply defined.


LaTeX Warning: Label `tab:best_models' multiply defined.


LaTeX Warning: Label `tab:best_models' multiply defined.


LaTeX Warning: Label `tab:best_models' multiply defined.

)
\openout1 = `Presentation.aux'.

LaTeX Font Info:    Checking defaults for OML/cmm/m/it on input line 46.
LaTeX Font Info:    ... okay on input line 46.
LaTeX Font Info:    Checking defaults for T1/cmr/m/n on input line 46.
LaTeX Font Info:    ... okay on input line 46.
LaTeX Font Info:    Checking defaults for OT1/cmr/m/n on input line 46.
LaTeX Font Info:    ... okay on input line 46.
LaTeX Font Info:    Checking defaults for OMS/cmsy/m/n on input line 46.
LaTeX Font Info:    ... okay on input line 46.
LaTeX Font Info:    Checking defaults for OMX/cmex/m/n on input line 46.
LaTeX Font Info:    ... okay on input line 46.
LaTeX Font Info:    Checking defaults for U/cmr/m/n on input line 46.
LaTeX Font Info:    ... okay on input line 46.
LaTeX Font Info:    Checking defaults for PD1/pdf/m/n on input line 46.
LaTeX Font Info:    ... okay on input line 46.

*geometry* driver: auto-detecting
*geometry* detected driver: pdftex
*geometry* verbose mode - [ preamble ] result:
* driver: pdftex
* paper: custom
* layout: <same size as paper>
* layoutoffset:(h,v)=(0.0pt,0.0pt)
* modes: includehead includefoot 
* h-part:(L,W,R)=(28.45274pt, 307.28987pt, 28.45274pt)
* v-part:(T,H,B)=(0.0pt, 273.14662pt, 0.0pt)
* \paperwidth=364.19536pt
* \paperheight=273.14662pt
* \textwidth=307.28987pt
* \textheight=244.6939pt
* \oddsidemargin=-43.81725pt
* \evensidemargin=-43.81725pt
* \topmargin=-72.26999pt
* \headheight=14.22636pt
* \headsep=0.0pt
* \topskip=11.0pt
* \footskip=14.22636pt
* \marginparwidth=4.0pt
* \marginparsep=10.0pt
* \columnsep=10.0pt
* \skip\footins=10.0pt plus 4.0pt minus 2.0pt
* \hoffset=0.0pt
* \voffset=0.0pt
* \mag=1000
* \@twocolumnfalse
* \@twosidefalse
* \@mparswitchfalse
* \@reversemarginfalse
* (1in=72.27pt=25.4mm, 1cm=28.453pt)


("C:\Users\KoopmaCK\AppData\Local\Programs\MiKTeX 2.9\tex\context\base\supp-pdf
.mkii"
[Loading MPS to PDF converter (version 2006.09.02).]
\scratchcounter=\count169
\scratchdimen=\dimen263
\scratchbox=\box56
\nofMPsegments=\count170
\nofMParguments=\count171
\everyMPshowfont=\toks46
\MPscratchCnt=\count172
\MPscratchDim=\dimen264
\MPnumerator=\count173
\makeMPintoPDFobject=\count174
\everyMPtoPDFconversion=\toks47
)
("C:\Users\KoopmaCK\AppData\Local\Programs\MiKTeX 2.9\tex\latex\oberdiek\epstop
df-base.sty"
Package: epstopdf-base 2016/05/15 v2.6 Base part for package epstopdf

("C:\Users\KoopmaCK\AppData\Local\Programs\MiKTeX 2.9\tex\latex\oberdiek\grfext
.sty"
Package: grfext 2016/05/16 v1.2 Manage graphics extensions (HO)
)
Package epstopdf-base Info: Redefining graphics rule for `.eps' on input line 4
38.
Package grfext Info: Graphics extension search list:
(grfext)             [.png,.pdf,.jpg,.mps,.jpeg,.jbig2,.jb2,.PNG,.PDF,.JPG,.JPE
G,.JBIG2,.JB2,.eps]
(grfext)             \AppendGraphicsExtensions on input line 456.
) ABD: EveryShipout initializing macros
\AtBeginShipoutBox=\box57
Package hyperref Info: Link coloring OFF on input line 46.

("C:\Users\KoopmaCK\AppData\Local\Programs\MiKTeX 2.9\tex\latex\hyperref\namere
f.sty"
Package: nameref 2016/05/21 v2.44 Cross-referencing by name of section

("C:\Users\KoopmaCK\AppData\Local\Programs\MiKTeX 2.9\tex\generic\oberdiek\gett
itlestring.sty"
Package: gettitlestring 2016/05/16 v1.5 Cleanup title references (HO)
)
\c@section@level=\count175
)
LaTeX Info: Redefining \ref on input line 46.
LaTeX Info: Redefining \pageref on input line 46.
LaTeX Info: Redefining \nameref on input line 46.
 (Presentation.out) (Presentation.out)
\@outlinefile=\write5
\openout5 = `Presentation.out'.

LaTeX Font Info:    Overwriting symbol font `operators' in version `normal'
(Font)                  OT1/cmr/m/n --> OT1/cmss/m/n on input line 46.
LaTeX Font Info:    Overwriting symbol font `operators' in version `bold'
(Font)                  OT1/cmr/bx/n --> OT1/cmss/bx/n on input line 46.
\symnumbers=\mathgroup7
\sympureletters=\mathgroup8
LaTeX Font Info:    Overwriting math alphabet `\mathrm' in version `normal'
(Font)                  OT1/cmss/m/n --> T1/cmr/m/n on input line 46.
LaTeX Font Info:    Redeclaring math alphabet \mathbf on input line 46.
LaTeX Font Info:    Overwriting math alphabet `\mathbf' in version `normal'
(Font)                  OT1/cmr/bx/n --> T1/cmss/bx/n on input line 46.
LaTeX Font Info:    Overwriting math alphabet `\mathbf' in version `bold'
(Font)                  OT1/cmr/bx/n --> T1/cmss/bx/n on input line 46.
LaTeX Font Info:    Redeclaring math alphabet \mathsf on input line 46.
LaTeX Font Info:    Overwriting math alphabet `\mathsf' in version `normal'
(Font)                  OT1/cmss/m/n --> T1/cmss/m/n on input line 46.
LaTeX Font Info:    Overwriting math alphabet `\mathsf' in version `bold'
(Font)                  OT1/cmss/bx/n --> T1/cmss/m/n on input line 46.
LaTeX Font Info:    Redeclaring math alphabet \mathit on input line 46.
LaTeX Font Info:    Overwriting math alphabet `\mathit' in version `normal'
(Font)                  OT1/cmr/m/it --> T1/cmss/m/it on input line 46.
LaTeX Font Info:    Overwriting math alphabet `\mathit' in version `bold'
(Font)                  OT1/cmr/bx/it --> T1/cmss/m/it on input line 46.
LaTeX Font Info:    Redeclaring math alphabet \mathtt on input line 46.
LaTeX Font Info:    Overwriting math alphabet `\mathtt' in version `normal'
(Font)                  OT1/cmtt/m/n --> T1/cmtt/m/n on input line 46.
LaTeX Font Info:    Overwriting math alphabet `\mathtt' in version `bold'
(Font)                  OT1/cmtt/m/n --> T1/cmtt/m/n on input line 46.
LaTeX Font Info:    Overwriting symbol font `numbers' in version `bold'
(Font)                  T1/cmss/m/n --> T1/cmss/bx/n on input line 46.
LaTeX Font Info:    Overwriting symbol font `pureletters' in version `bold'
(Font)                  T1/cmss/m/it --> T1/cmss/bx/it on input line 46.
LaTeX Font Info:    Overwriting math alphabet `\mathrm' in version `bold'
(Font)                  OT1/cmss/bx/n --> T1/cmr/bx/n on input line 46.
LaTeX Font Info:    Overwriting math alphabet `\mathbf' in version `bold'
(Font)                  T1/cmss/bx/n --> T1/cmss/bx/n on input line 46.
LaTeX Font Info:    Overwriting math alphabet `\mathsf' in version `bold'
(Font)                  T1/cmss/m/n --> T1/cmss/bx/n on input line 46.
LaTeX Font Info:    Overwriting math alphabet `\mathit' in version `bold'
(Font)                  T1/cmss/m/it --> T1/cmss/bx/it on input line 46.
LaTeX Font Info:    Overwriting math alphabet `\mathtt' in version `bold'
(Font)                  T1/cmtt/m/n --> T1/cmtt/bx/n on input line 46.
LaTeX Font Info:    Redeclaring symbol font `pureletters' on input line 46.
LaTeX Font Info:    Encoding `T1' has changed to `OT1' for symbol font
(Font)              `pureletters' in the math version `normal' on input line 46
.
LaTeX Font Info:    Overwriting symbol font `pureletters' in version `normal'
(Font)                  T1/cmss/m/it --> OT1/mathkerncmss/m/sl on input line 46
.
LaTeX Font Info:    Encoding `T1' has changed to `OT1' for symbol font
(Font)              `pureletters' in the math version `bold' on input line 46.
LaTeX Font Info:    Overwriting symbol font `pureletters' in version `bold'
(Font)                  T1/cmss/bx/it --> OT1/mathkerncmss/m/sl on input line 4
6.
LaTeX Font Info:    Overwriting symbol font `pureletters' in version `bold'
(Font)                  OT1/mathkerncmss/m/sl --> OT1/mathkerncmss/bx/sl on inp
ut line 46.

("C:\Users\KoopmaCK\AppData\Local\Programs\MiKTeX 2.9\tex\latex\beamer\translat
or\dicts\translator-basic-dictionary\translator-basic-dictionary-English.dict"
Dictionary: translator-basic-dictionary, Language: English 
)
("C:\Users\KoopmaCK\AppData\Local\Programs\MiKTeX 2.9\tex\latex\beamer\translat
or\dicts\translator-bibliography-dictionary\translator-bibliography-dictionary-
English.dict"
Dictionary: translator-bibliography-dictionary, Language: English 
)
("C:\Users\KoopmaCK\AppData\Local\Programs\MiKTeX 2.9\tex\latex\beamer\translat
or\dicts\translator-environment-dictionary\translator-environment-dictionary-En
glish.dict"
Dictionary: translator-environment-dictionary, Language: English 
)
("C:\Users\KoopmaCK\AppData\Local\Programs\MiKTeX 2.9\tex\latex\beamer\translat
or\dicts\translator-months-dictionary\translator-months-dictionary-English.dict
"
Dictionary: translator-months-dictionary, Language: English 
)
("C:\Users\KoopmaCK\AppData\Local\Programs\MiKTeX 2.9\tex\latex\beamer\translat
or\dicts\translator-numbers-dictionary\translator-numbers-dictionary-English.di
ct"
Dictionary: translator-numbers-dictionary, Language: English 
)
("C:\Users\KoopmaCK\AppData\Local\Programs\MiKTeX 2.9\tex\latex\beamer\translat
or\dicts\translator-theorem-dictionary\translator-theorem-dictionary-English.di
ct"
Dictionary: translator-theorem-dictionary, Language: English 
)
LaTeX Info: Redefining \includegraphics on input line 46.
\c@lstlisting=\count176
 (Presentation.nav)
LaTeX Font Info:    Try loading font information for U+msa on input line 46.

("C:\Users\KoopmaCK\AppData\Local\Programs\MiKTeX 2.9\tex\latex\amsfonts\umsa.f
d"
File: umsa.fd 2013/01/14 v3.01 AMS symbols A
)
LaTeX Font Info:    Try loading font information for U+msb on input line 46.

("C:\Users\KoopmaCK\AppData\Local\Programs\MiKTeX 2.9\tex\latex\amsfonts\umsb.f
d"
File: umsb.fd 2013/01/14 v3.01 AMS symbols B
)
LaTeX Font Info:    Try loading font information for U+rsfs on input line 46.

("C:\Users\KoopmaCK\AppData\Local\Programs\MiKTeX 2.9\tex\latex\jknappen\ursfs.
fd"
File: ursfs.fd 1998/03/24 rsfs font definition file (jk)
)
LaTeX Font Info:    Try loading font information for OT1+mathkerncmss on input 
line 46.

("C:\Users\KoopmaCK\AppData\Local\Programs\MiKTeX 2.9\tex\latex\sansmathaccent\
ot1mathkerncmss.fd"
File: ot1mathkerncmss.fd 2013/03/27 Fontinst v1.933 font definitions for OT1/ma
thkerncmss.
)
("C:\Users\KoopmaCK\AppData\Local\Programs\MiKTeX 2.9\tex\latex\listings\lstlan
g1.sty"
File: lstlang1.sty 2015/06/04 1.6 listings language file
)
("C:\Users\KoopmaCK\AppData\Local\Programs\MiKTeX 2.9\tex\latex\listings\lstlan
g2.sty"
File: lstlang2.sty 2015/06/04 1.6 listings language file
)
("C:\Users\KoopmaCK\AppData\Local\Programs\MiKTeX 2.9\tex\latex\listings\lstlan
g3.sty"
File: lstlang3.sty 2015/06/04 1.6 listings language file
)

Package hyperref Warning: Suppressing link with empty target on input line 53.


Package hyperref Warning: Suppressing link with empty target on input line 53.

[1

{C:/Users/KoopmaCK/AppData/Local/MiKTeX/2.9/pdftex/config/pdftex.map} <./hulogo
.pdf>] (Presentation.toc)

LaTeX Font Warning: Font shape `T1/cmss/m/n' in size <4> not available
(Font)              size <5> substituted on input line 71.


Overfull \hbox (1.56544pt too wide) has occurred while \output is active
[]  
 []

[2

 <./hulogo.pdf>]
Overfull \hbox (1.56544pt too wide) has occurred while \output is active
[]  
 []

pdfTeX warning (ext4): destination with the same identifier (name{Navigation1})
 has been already used, duplicate ignored
<to be read again> 
                   \relax 
l.87 }
      pdfTeX warning (ext4): destination with the same identifier (name{page.1}
) has been already used, duplicate ignored
<to be read again> 
                   \relax 
l.87 }
       [1

]
Overfull \hbox (1.56544pt too wide) has occurred while \output is active
[]  
 []

pdfTeX warning (ext4): destination with the same identifier (name{Navigation1})
 has been already used, duplicate ignored
<to be read again> 
                   \relax 
l.99 }
      pdfTeX warning (ext4): destination with the same identifier (name{page.1}
) has been already used, duplicate ignored
<to be read again> 
                   \relax 
l.99 }
       [1

]
Overfull \hbox (1.56544pt too wide) has occurred while \output is active
[]  
 []


Overfull \vbox (1.215pt too high) has occurred while \output is active []

pdfTeX warning (ext4): destination with the same identifier (name{Navigation1})
 has been already used, duplicate ignored
<to be read again> 
                   \relax 
l.112 }
       pdfTeX warning (ext4): destination with the same identifier (name{page.1
}) has been already used, duplicate ignored
<to be read again> 
                   \relax 
l.112 }
        [1

]
<"../../Plots/RNN_recurrent".png, id=107, 193.47281pt x 417.05812pt>
File: "../../Plots/RNN_recurrent".png Graphic file (type png)

<use "../../Plots/RNN_recurrent".png>
Package pdftex.def Info: "../../Plots/RNN_recurrent".png used on input line 119
.
(pdftex.def)             Requested size: 79.26532pt x 170.86961pt.

Overfull \vbox (5.79639pt too high) detected at line 119
 []


Overfull \hbox (1.56544pt too wide) has occurred while \output is active
[]  
 []


Overfull \vbox (1.215pt too high) has occurred while \output is active []

pdfTeX warning (ext4): destination with the same identifier (name{Navigation2})
 has been already used, duplicate ignored
<to be read again> 
                   \relax 
l.119 }
       pdfTeX warning (ext4): destination with the same identifier (name{page.2
}) has been already used, duplicate ignored
<to be read again> 
                   \relax 
l.119 }
        [2

 <../../Plots/RNN_recurrent.png>]
<"../../Plots/RNN".png, id=114, 844.65562pt x 570.63188pt>
File: "../../Plots/RNN".png Graphic file (type png)

<use "../../Plots/RNN".png>
Package pdftex.def Info: "../../Plots/RNN".png used on input line 127.
(pdftex.def)             Requested size: 245.83282pt x 166.0798pt.

Overfull \vbox (1.00658pt too high) detected at line 127
 []


Overfull \hbox (1.56544pt too wide) has occurred while \output is active
[]  
 []


Overfull \vbox (1.215pt too high) has occurred while \output is active []

 [3

 <../../Plots/RNN.png>]
<"../../Plots/elman".png, id=123, 1022.31938pt x 746.03719pt>
File: "../../Plots/elman".png Graphic file (type png)

<use "../../Plots/elman".png>
Package pdftex.def Info: "../../Plots/elman".png used on input line 135.
(pdftex.def)             Requested size: 245.83282pt x 179.39409pt.

Overfull \vbox (14.32086pt too high) detected at line 135
 []


Overfull \hbox (1.56544pt too wide) has occurred while \output is active
[]  
 []


Overfull \vbox (1.215pt too high) has occurred while \output is active []

 [4

 <../../Plots/elman.png>] <"../../Plots/LSTM".png, id=131, 1022.31938pt x 746.7
9pt>
File: "../../Plots/LSTM".png Graphic file (type png)

<use "../../Plots/LSTM".png>
Package pdftex.def Info: "../../Plots/LSTM".png used on input line 142.
(pdftex.def)             Requested size: 245.83282pt x 179.5751pt.

Overfull \vbox (14.50188pt too high) detected at line 142
 []


Overfull \hbox (1.56544pt too wide) has occurred while \output is active
[]  
 []


Overfull \vbox (1.215pt too high) has occurred while \output is active []

 [5

 <../../Plots/LSTM.png>]
Overfull \hbox (1.56544pt too wide) has occurred while \output is active
[]  
 []


Overfull \vbox (1.07614pt too high) has occurred while \output is active []

pdfTeX warning (ext4): destination with the same identifier (name{Navigation1})
 has been already used, duplicate ignored
<to be read again> 
                   \relax 
l.154 }
       pdfTeX warning (ext4): destination with the same identifier (name{page.1
}) has been already used, duplicate ignored
<to be read again> 
                   \relax 
l.154 }
        [1

]
Overfull \hbox (1.56544pt too wide) has occurred while \output is active
[]  
 []


Overfull \vbox (1.56038pt too high) has occurred while \output is active []

pdfTeX warning (ext4): destination with the same identifier (name{Navigation1})
 has been already used, duplicate ignored
<to be read again> 
                   \relax 
l.165 }
       pdfTeX warning (ext4): destination with the same identifier (name{page.1
}) has been already used, duplicate ignored
<to be read again> 
                   \relax 
l.165 }
        [1

]
Overfull \hbox (1.56544pt too wide) has occurred while \output is active
[]  
 []

pdfTeX warning (ext4): destination with the same identifier (name{Navigation1})
 has been already used, duplicate ignored
<to be read again> 
                   \relax 
l.175 }
       pdfTeX warning (ext4): destination with the same identifier (name{page.1
}) has been already used, duplicate ignored
<to be read again> 
                   \relax 
l.175 }
        [1

] (val_eval_cv.tex
Overfull \hbox (6.58798pt too wide) in paragraph at lines 5--19
 [] 
 []

)
Overfull \hbox (1.56544pt too wide) has occurred while \output is active
[]  
 []

pdfTeX warning (ext4): destination with the same identifier (name{Navigation2})
 has been already used, duplicate ignored
<to be read again> 
                   \relax 
l.183 }
       pdfTeX warning (ext4): destination with the same identifier (name{page.2
}) has been already used, duplicate ignored
<to be read again> 
                   \relax 
l.183 }
        [2

]
Overfull \hbox (1.56544pt too wide) has occurred while \output is active
[]  
 []


Overfull \vbox (1.215pt too high) has occurred while \output is active []

pdfTeX warning (ext4): destination with the same identifier (name{Navigation1})
 has been already used, duplicate ignored
<to be read again> 
                   \relax 
l.202 }
       pdfTeX warning (ext4): destination with the same identifier (name{page.1
}) has been already used, duplicate ignored
<to be read again> 
                   \relax 
l.202 }
        [1

] (min_eval_cv.texpdfTeX warning (ext4): destination with the same identifier (
name{tab:min.eval.cv}) has been already used, duplicate ignored
<to be read again> 
                   \relax 
l.20 \label{tab:min.eval.cv}
                            )
Overfull \hbox (1.56544pt too wide) has occurred while \output is active
[]  
 []


Overfull \vbox (1.215pt too high) has occurred while \output is active []

pdfTeX warning (ext4): destination with the same identifier (name{Navigation2})
 has been already used, duplicate ignored
<to be read again> 
                   \relax 
l.211 }
       pdfTeX warning (ext4): destination with the same identifier (name{page.2
}) has been already used, duplicate ignored
<to be read again> 
                   \relax 
l.211 }
        [2

]
Overfull \hbox (1.56544pt too wide) has occurred while \output is active
[]  
 []


Overfull \vbox (1.56038pt too high) has occurred while \output is active []

pdfTeX warning (ext4): destination with the same identifier (name{Navigation1})
 has been already used, duplicate ignored
<to be read again> 
                   \relax 
l.222 }
       pdfTeX warning (ext4): destination with the same identifier (name{page.1
}) has been already used, duplicate ignored
<to be read again> 
                   \relax 
l.222 }
        [1

]
Overfull \hbox (1.56544pt too wide) has occurred while \output is active
[]  
 []


Overfull \vbox (1.56038pt too high) has occurred while \output is active []

pdfTeX warning (ext4): destination with the same identifier (name{Navigation2})
 has been already used, duplicate ignored
<to be read again> 
                   \relax 
l.233 }
       pdfTeX warning (ext4): destination with the same identifier (name{page.2
}) has been already used, duplicate ignored
<to be read again> 
                   \relax 
l.233 }
        [2

]
Overfull \hbox (1.56544pt too wide) has occurred while \output is active
[]  
 []


Overfull \vbox (1.56038pt too high) has occurred while \output is active []

pdfTeX warning (ext4): destination with the same identifier (name{Navigation3})
 has been already used, duplicate ignored
<to be read again> 
                   \relax 
l.245 }
       pdfTeX warning (ext4): destination with the same identifier (name{page.3
}) has been already used, duplicate ignored
<to be read again> 
                   \relax 
l.245 }
        [3

]
Overfull \hbox (1.56544pt too wide) has occurred while \output is active
[]  
 []


Overfull \vbox (1.215pt too high) has occurred while \output is active []

pdfTeX warning (ext4): destination with the same identifier (name{Navigation1})
 has been already used, duplicate ignored
<to be read again> 
                   \relax 
l.255 }
       pdfTeX warning (ext4): destination with the same identifier (name{page.1
}) has been already used, duplicate ignored
<to be read again> 
                   \relax 
l.255 }
        [1

]
Overfull \hbox (1.56544pt too wide) has occurred while \output is active
[]  
 []


Overfull \vbox (1.215pt too high) has occurred while \output is active []

pdfTeX warning (ext4): destination with the same identifier (name{Navigation2})
 has been already used, duplicate ignored
<to be read again> 
                   \relax 
l.271 }
       pdfTeX warning (ext4): destination with the same identifier (name{page.2
}) has been already used, duplicate ignored
<to be read again> 
                   \relax 
l.271 }
        [2

]
Overfull \hbox (1.56544pt too wide) has occurred while \output is active
[]  
 []


Overfull \vbox (1.215pt too high) has occurred while \output is active []

pdfTeX warning (ext4): destination with the same identifier (name{Navigation3})
 has been already used, duplicate ignored
<to be read again> 
                   \relax 
l.283 }
       pdfTeX warning (ext4): destination with the same identifier (name{page.3
}) has been already used, duplicate ignored
<to be read again> 
                   \relax 
l.283 }
        [3

]
Overfull \hbox (1.56544pt too wide) has occurred while \output is active
[]  
 []


Overfull \vbox (1.215pt too high) has occurred while \output is active []

pdfTeX warning (ext4): destination with the same identifier (name{Navigation4})
 has been already used, duplicate ignored
<to be read again> 
                   \relax 
l.302 }
       pdfTeX warning (ext4): destination with the same identifier (name{page.4
}) has been already used, duplicate ignored
<to be read again> 
                   \relax 
l.302 }
        [4

]
<"../../Plots/example_plot_level".png, id=226, 586.1097pt x 359.9046pt>
File: "../../Plots/example_plot_level".png Graphic file (type png)

<use "../../Plots/example_plot_level".png>
Package pdftex.def Info: "../../Plots/example_plot_level".png used on input lin
e 312.
(pdftex.def)             Requested size: 215.1043pt x 74.75294pt.

<"../../Plots/example_plot_binary".png, id=227, 586.1097pt x 359.9046pt>
File: "../../Plots/example_plot_binary".png Graphic file (type png)

<use "../../Plots/example_plot_binary".png>
Package pdftex.def Info: "../../Plots/example_plot_binary".png used on input li
ne 312.
(pdftex.def)             Requested size: 215.1043pt x 74.75294pt.

Overfull \hbox (1.56544pt too wide) has occurred while \output is active
[]  
 []


Overfull \vbox (1.215pt too high) has occurred while \output is active []

pdfTeX warning (ext4): destination with the same identifier (name{Navigation5})
 has been already used, duplicate ignored
<to be read again> 
                   \relax 
l.312 }
       pdfTeX warning (ext4): destination with the same identifier (name{page.5
}) has been already used, duplicate ignored
<to be read again> 
                   \relax 
l.312 }
        [5

 <../../Plots/example_plot_level.png> <../../Plots/example_plot_binary.png>]
Overfull \hbox (1.56544pt too wide) has occurred while \output is active
[]  
 []


Overfull \vbox (1.215pt too high) has occurred while \output is active []

 [6

]
(best_models_min_par_tuning.tex)
Overfull \hbox (1.56544pt too wide) has occurred while \output is active
[]  
 []


Overfull \vbox (1.215pt too high) has occurred while \output is active []

 [7

]
(best_models_min_var_selection.texpdfTeX warning (ext4): destination with the s
ame identifier (name{tab:best_models}) has been already used, duplicate ignored

<to be read again> 
                   \relax 
l.16 \label{tab:best_models}
                            )
Overfull \hbox (1.56544pt too wide) has occurred while \output is active
[]  
 []


Overfull \vbox (1.215pt too high) has occurred while \output is active []

 [8

]
(best_models_multivar_min_par_tuning.texpdfTeX warning (ext4): destination with
 the same identifier (name{tab:best_models}) has been already used, duplicate i
gnored
<to be read again> 
                   \relax 
l.16 \label{tab:best_models}
                            )
Overfull \hbox (1.56544pt too wide) has occurred while \output is active
[]  
 []


Overfull \vbox (1.215pt too high) has occurred while \output is active []

 [9

]
(best_models_val_par_tuning.texpdfTeX warning (ext4): destination with the same
 identifier (name{tab:best_models}) has been already used, duplicate ignored
<to be read again> 
                   \relax 
l.16 \label{tab:best_models}
                            )
Overfull \hbox (1.56544pt too wide) has occurred while \output is active
[]  
 []


Overfull \vbox (1.215pt too high) has occurred while \output is active []

 [10

]
(best_models_val_var_selection.texpdfTeX warning (ext4): destination with the s
ame identifier (name{tab:best_models}) has been already used, duplicate ignored

<to be read again> 
                   \relax 
l.16 \label{tab:best_models}
                            )
Overfull \hbox (1.56544pt too wide) has occurred while \output is active
[]  
 []


Overfull \vbox (1.215pt too high) has occurred while \output is active []

 [11

]
(best_models_multivar_val_par_tuning.tex
Overfull \hbox (37.66254pt too wide) in paragraph at lines 5--15
 [] 
 []

pdfTeX warning (ext4): destination with the same identifier (name{tab:best_mode
ls}) has been already used, duplicate ignored
<to be read again> 
                   \relax 
l.16 \label{tab:best_models}
                            )
Overfull \hbox (1.56544pt too wide) has occurred while \output is active
[]  
 []


Overfull \vbox (1.215pt too high) has occurred while \output is active []

 [12

]
\tf@nav=\write6
\openout6 = `Presentation.nav'.

\tf@toc=\write7
\openout7 = `Presentation.toc'.

\tf@snm=\write8
\openout8 = `Presentation.snm'.

Package atveryend Info: Empty hook `BeforeClearDocument' on input line 388.
Package atveryend Info: Empty hook `AfterLastShipout' on input line 388.

(Presentation.aux)
Package atveryend Info: Executing hook `AtVeryEndDocument' on input line 388.
Package atveryend Info: Executing hook `AtEndAfterFileList' on input line 388.
Package rerunfilecheck Info: File `Presentation.out' has not changed.
(rerunfilecheck)             Checksum: 58A0063F9E487E7E44E53103745998A4;476.


LaTeX Font Warning: Size substitutions with differences
(Font)              up to 1.0pt have occurred.


LaTeX Warning: There were multiply-defined labels.

 ) 
Here is how much of TeX's memory you used:
 19502 strings out of 493323
 365308 string characters out of 3128714
 590586 words of memory out of 3000000
 22488 multiletter control sequences out of 15000+200000
 26856 words of font info for 77 fonts, out of 3000000 for 9000
 1141 hyphenation exceptions out of 8191
 56i,16n,55p,15175b,515s stack positions out of 5000i,500n,10000p,200000b,50000s
 <C:\Users\KoopmaCK\AppData\Local\MiKTeX\2.9\fonts\pk\ljfour\jknappen\ec\dpi6
00\ecss0500.pk> <C:\Users\KoopmaCK\AppData\Local\MiKTeX\2.9\fonts\pk\ljfour\jkn
appen\ec\dpi600\ecss0800.pk> <C:\Users\KoopmaCK\AppData\Local\MiKTeX\2.9\fonts\
pk\ljfour\jknappen\ec\dpi600\ecss0700.pk> <C:\Users\KoopmaCK\AppData\Local\MiKT
eX\2.9\fonts\pk\ljfour\jknappen\ec\dpi600\ecsi1000.pk> <C:\Users\KoopmaCK\AppDa
ta\Local\MiKTeX\2.9\fonts\pk\ljfour\jknappen\ec\dpi600\ecss0600.pk> <C:\Users\K
oopmaCK\AppData\Local\MiKTeX\2.9\fonts\pk\ljfour\jknappen\ec\dpi600\ecsx1095.pk
> <C:\Users\KoopmaCK\AppData\Local\MiKTeX\2.9\fonts\pk\ljfour\jknappen\ec\dpi60
0\ecss1000.pk> <C:\Users\KoopmaCK\AppData\Local\MiKTeX\2.9\fonts\pk\ljfour\jkna
ppen\ec\dpi600\ecsi1095.pk> <C:\Users\KoopmaCK\AppData\Local\MiKTeX\2.9\fonts\p
k\ljfour\jknappen\ec\dpi600\ecss0900.pk> <C:\Users\KoopmaCK\AppData\Local\MiKTe
X\2.9\fonts\pk\ljfour\jknappen\ec\dpi600\ecss1095.pk> <C:\Users\KoopmaCK\AppDat
a\Local\MiKTeX\2.9\fonts\pk\ljfour\jknappen\ec\dpi600\ecso1440.pk> <C:\Users\Ko
opmaCK\AppData\Local\MiKTeX\2.9\fonts\pk\ljfour\jknappen\ec\dpi600\ecsx1440.pk>
<C:/Users/KoopmaCK/AppData/Local/Programs/MiKTeX 2.9/fonts/type1/public/amsfont
s/cm/cmex10.pfb><C:/Users/KoopmaCK/AppData/Local/Programs/MiKTeX 2.9/fonts/type
1/public/amsfonts/cm/cmmi10.pfb><C:/Users/KoopmaCK/AppData/Local/Programs/MiKTe
X 2.9/fonts/type1/public/amsfonts/cm/cmss10.pfb><C:/Users/KoopmaCK/AppData/Loca
l/Programs/MiKTeX 2.9/fonts/type1/public/amsfonts/cm/cmss8.pfb><C:/Users/Koopma
CK/AppData/Local/Programs/MiKTeX 2.9/fonts/type1/public/amsfonts/cm/cmssi10.pfb
><C:/Users/KoopmaCK/AppData/Local/Programs/MiKTeX 2.9/fonts/type1/public/amsfon
ts/cm/cmssi8.pfb><C:/Users/KoopmaCK/AppData/Local/Programs/MiKTeX 2.9/fonts/typ
e1/public/amsfonts/cm/cmsy10.pfb><C:/Users/KoopmaCK/AppData/Local/Programs/MiKT
eX 2.9/fonts/type1/public/amsfonts/cm/cmsy5.pfb><C:/Users/KoopmaCK/AppData/Loca
l/Programs/MiKTeX 2.9/fonts/type1/public/amsfonts/cm/cmsy6.pfb><C:/Users/Koopma
CK/AppData/Local/Programs/MiKTeX 2.9/fonts/type1/public/amsfonts/cm/cmsy7.pfb><
C:/Users/KoopmaCK/AppData/Local/Programs/MiKTeX 2.9/fonts/type1/public/amsfonts
/cm/cmsy8.pfb><C:/Users/KoopmaCK/AppData/Local/Programs/MiKTeX 2.9/fonts/type1/
public/amsfonts/symbols/msam10.pfb>
Output written on Presentation.pdf (30 pages, 448753 bytes).
PDF statistics:
 733 PDF objects out of 1000 (max. 8388607)
 36 named destinations out of 1000 (max. 500000)
 165 words of extra memory for PDF output out of 10000 (max. 10000000)

